[ 2016-04-22T11:06:24+08:00 ] 127.0.0.1 /MyDemo/
INFO: [ app_init ] --START--
INFO: Run Behavior\BuildLiteBehavior [ RunTime:0.000039s ]
INFO: [ app_init ] --END-- [ RunTime:0.009265s ]
INFO: [ app_begin ] --START--
INFO: Run Behavior\ReadHtmlCacheBehavior [ RunTime:0.010009s ]
INFO: [ app_begin ] --END-- [ RunTime:0.010178s ]
SQL: SHOW COLUMNS FROM `hos_user3` [ RunTime:0.0390s ]
SQL: SHOW COLUMNS FROM `hos_hospital` [ RunTime:0.0235s ]
SQL: SELECT COUNT(*) AS tp_count FROM `hos_user3` LIMIT 1   [ RunTime:0.0023s ]
SQL: SELECT COUNT(*) AS tp_count FROM `hos_hospital` LIMIT 1   [ RunTime:0.0002s ]
INFO: [ view_parse ] --START--
INFO: [ template_filter ] --START--
INFO: Run Behavior\ContentReplaceBehavior [ RunTime:0.000647s ]
INFO: [ template_filter ] --END-- [ RunTime:0.000778s ]
INFO: Run Behavior\ParseTemplateBehavior [ RunTime:0.095679s ]
INFO: [ view_parse ] --END-- [ RunTime:0.095827s ]
INFO: [ view_filter ] --START--
INFO: Run Behavior\WriteHtmlCacheBehavior [ RunTime:0.006476s ]
INFO: [ view_filter ] --END-- [ RunTime:0.006633s ]
INFO: [ app_end ] --START--
INFO: Run Behavior\ShowPageTraceBehavior [ RunTime:0.006442s ]
INFO: [ app_end ] --END-- [ RunTime:0.006590s ]

[ 2016-04-22T11:06:26+08:00 ] 127.0.0.1 /MyDemo/index.php/Home/Index/login3
INFO: [ app_init ] --START--
INFO: Run Behavior\BuildLiteBehavior [ RunTime:0.000031s ]
INFO: [ app_init ] --END-- [ RunTime:0.000573s ]
INFO: [ app_begin ] --START--
INFO: Run Behavior\ReadHtmlCacheBehavior [ RunTime:0.000842s ]
INFO: [ app_begin ] --END-- [ RunTime:0.000982s ]
INFO: [ view_parse ] --START--
INFO: [ template_filter ] --START--
INFO: Run Behavior\ContentReplaceBehavior [ RunTime:0.000076s ]
INFO: [ template_filter ] --END-- [ RunTime:0.000200s ]
INFO: Run Behavior\ParseTemplateBehavior [ RunTime:0.022002s ]
INFO: [ view_parse ] --END-- [ RunTime:0.022198s ]
INFO: [ view_filter ] --START--
INFO: Run Behavior\WriteHtmlCacheBehavior [ RunTime:0.000869s ]
INFO: [ view_filter ] --END-- [ RunTime:0.001092s ]
INFO: [ app_end ] --START--
INFO: Run Behavior\ShowPageTraceBehavior [ RunTime:0.000611s ]
INFO: [ app_end ] --END-- [ RunTime:0.000726s ]

[ 2016-04-22T11:06:33+08:00 ] 127.0.0.1 /MyDemo/index.php/Home/Index/login3judge
INFO: [ app_init ] --START--
INFO: Run Behavior\BuildLiteBehavior [ RunTime:0.000053s ]
INFO: [ app_init ] --END-- [ RunTime:0.000862s ]
INFO: [ app_begin ] --START--
INFO: Run Behavior\ReadHtmlCacheBehavior [ RunTime:0.000977s ]
INFO: [ app_begin ] --END-- [ RunTime:0.001203s ]
SQL: SHOW COLUMNS FROM `hos_user3` [ RunTime:0.0174s ]
SQL: SELECT `username`,`logo`,`nickname`,`phonenum`,`email`,`password`,`stauts`,`sex`,`birthday` FROM `hos_user3` WHERE `username` = 'user1' LIMIT 1   [ RunTime:0.0032s ]
SQL: UPDATE `hos_user3` SET `last_login_time`='1461294393' WHERE `username` = 'user1' [ RunTime:0.0029s ]
INFO: [ view_parse ] --START--
INFO: [ template_filter ] --START--
INFO: Run Behavior\ContentReplaceBehavior [ RunTime:0.000202s ]
INFO: [ template_filter ] --END-- [ RunTime:0.000328s ]
NOTIC: [8] Undefined variable: errors C:\WebAppDemo\MyDemo\Application\Runtime\Cache\Home\0e05e19ca18f95ce2e9db01f4efcca68.php 第 106 行.
NOTIC: [8] Undefined variable: errors C:\WebAppDemo\MyDemo\Application\Runtime\Cache\Home\0e05e19ca18f95ce2e9db01f4efcca68.php 第 131 行.
INFO: Run Behavior\ParseTemplateBehavior [ RunTime:0.031446s ]
INFO: [ view_parse ] --END-- [ RunTime:0.031579s ]
INFO: [ view_filter ] --START--
INFO: Run Behavior\WriteHtmlCacheBehavior [ RunTime:0.000317s ]
INFO: [ view_filter ] --END-- [ RunTime:0.000417s ]
INFO: [ app_end ] --START--
INFO: Run Behavior\ShowPageTraceBehavior [ RunTime:0.000518s ]
INFO: [ app_end ] --END-- [ RunTime:0.000617s ]

[ 2016-04-22T11:06:33+08:00 ] 127.0.0.1 /MyDemo/index.php/Home/User3View/hosInfo
INFO: [ app_init ] --START--
INFO: Run Behavior\BuildLiteBehavior [ RunTime:0.000030s ]
INFO: [ app_init ] --END-- [ RunTime:0.000536s ]
INFO: [ app_begin ] --START--
INFO: Run Behavior\ReadHtmlCacheBehavior [ RunTime:0.000681s ]
INFO: [ app_begin ] --END-- [ RunTime:0.000809s ]
SQL: select * from hos_hospital [ RunTime:0.0009s ]

[ 2016-04-22T11:06:36+08:00 ] 127.0.0.1 /MyDemo/index.php/Home/User3View/officeInfo
INFO: [ app_init ] --START--
INFO: Run Behavior\BuildLiteBehavior [ RunTime:0.000031s ]
INFO: [ app_init ] --END-- [ RunTime:0.000509s ]
INFO: [ app_begin ] --START--
INFO: Run Behavior\ReadHtmlCacheBehavior [ RunTime:0.000637s ]
INFO: [ app_begin ] --END-- [ RunTime:0.000758s ]
SQL: SELECT a.id,a.name,a.category,a.content,a.hos_id,b.name hos_name FROM hos_department a,hos_hospital b where
a.hos_id = b.id AND b.id=1 [ RunTime:0.0168s ]

[ 2016-04-22T11:06:38+08:00 ] 127.0.0.1 /MyDemo/index.php/Home/User3View/officeInfo2
INFO: [ app_init ] --START--
INFO: Run Behavior\BuildLiteBehavior [ RunTime:0.000047s ]
INFO: [ app_init ] --END-- [ RunTime:0.000808s ]
INFO: [ app_begin ] --START--
INFO: Run Behavior\ReadHtmlCacheBehavior [ RunTime:0.000820s ]
INFO: [ app_begin ] --END-- [ RunTime:0.000991s ]
SQL: SELECT *FROM hos_user2 WHERE stauts=1 AND depart_id=1 [ RunTime:0.0156s ]

[ 2016-04-22T11:06:38+08:00 ] 127.0.0.1 /MyDemo/index.php/Home/User3View/officeInfo
INFO: [ app_init ] --START--
INFO: Run Behavior\BuildLiteBehavior [ RunTime:0.000026s ]
INFO: [ app_init ] --END-- [ RunTime:0.000416s ]
INFO: [ app_begin ] --START--
INFO: Run Behavior\ReadHtmlCacheBehavior [ RunTime:0.000650s ]
INFO: [ app_begin ] --END-- [ RunTime:0.000752s ]
SQL: SELECT a.id,a.name,a.category,a.content,a.hos_id,b.name hos_name FROM hos_department a,hos_hospital b where
a.hos_id = b.id AND b.id=1 [ RunTime:0.0006s ]

[ 2016-04-22T12:04:17+08:00 ] 127.0.0.1 /MyDemo/
INFO: [ app_init ] --START--
INFO: Run Behavior\BuildLiteBehavior [ RunTime:0.000046s ]
INFO: [ app_init ] --END-- [ RunTime:0.009677s ]
INFO: [ app_begin ] --START--
INFO: Run Behavior\ReadHtmlCacheBehavior [ RunTime:0.010760s ]
INFO: [ app_begin ] --END-- [ RunTime:0.011002s ]
SQL: SHOW COLUMNS FROM `hos_user3` [ RunTime:0.0196s ]
SQL: SHOW COLUMNS FROM `hos_hospital` [ RunTime:0.0209s ]
SQL: SELECT COUNT(*) AS tp_count FROM `hos_user3` LIMIT 1   [ RunTime:0.0003s ]
SQL: SELECT COUNT(*) AS tp_count FROM `hos_hospital` LIMIT 1   [ RunTime:0.0002s ]
INFO: [ view_parse ] --START--
INFO: [ template_filter ] --START--
INFO: Run Behavior\ContentReplaceBehavior [ RunTime:0.000245s ]
INFO: [ template_filter ] --END-- [ RunTime:0.000527s ]
INFO: Run Behavior\ParseTemplateBehavior [ RunTime:0.112205s ]
INFO: [ view_parse ] --END-- [ RunTime:0.112441s ]
INFO: [ view_filter ] --START--
INFO: Run Behavior\WriteHtmlCacheBehavior [ RunTime:0.009002s ]
INFO: [ view_filter ] --END-- [ RunTime:0.009139s ]
INFO: [ app_end ] --START--
INFO: Run Behavior\ShowPageTraceBehavior [ RunTime:0.002139s ]
INFO: [ app_end ] --END-- [ RunTime:0.002276s ]

[ 2016-04-22T12:04:19+08:00 ] 127.0.0.1 /MyDemo/index.php/Home/Index/login3
INFO: [ app_init ] --START--
INFO: Run Behavior\BuildLiteBehavior [ RunTime:0.000030s ]
INFO: [ app_init ] --END-- [ RunTime:0.000535s ]
INFO: [ app_begin ] --START--
INFO: Run Behavior\ReadHtmlCacheBehavior [ RunTime:0.000748s ]
INFO: [ app_begin ] --END-- [ RunTime:0.000871s ]
INFO: [ view_parse ] --START--
INFO: [ template_filter ] --START--
INFO: Run Behavior\ContentReplaceBehavior [ RunTime:0.000084s ]
INFO: [ template_filter ] --END-- [ RunTime:0.000221s ]
INFO: Run Behavior\ParseTemplateBehavior [ RunTime:0.021363s ]
INFO: [ view_parse ] --END-- [ RunTime:0.021550s ]
INFO: [ view_filter ] --START--
INFO: Run Behavior\WriteHtmlCacheBehavior [ RunTime:0.000608s ]
INFO: [ view_filter ] --END-- [ RunTime:0.000778s ]
INFO: [ app_end ] --START--
INFO: Run Behavior\ShowPageTraceBehavior [ RunTime:0.001721s ]
INFO: [ app_end ] --END-- [ RunTime:0.002008s ]

[ 2016-04-22T12:04:26+08:00 ] 127.0.0.1 /MyDemo/index.php/Home/Index/login3judge
INFO: [ app_init ] --START--
INFO: Run Behavior\BuildLiteBehavior [ RunTime:0.000037s ]
INFO: [ app_init ] --END-- [ RunTime:0.000722s ]
INFO: [ app_begin ] --START--
INFO: Run Behavior\ReadHtmlCacheBehavior [ RunTime:0.001223s ]
INFO: [ app_begin ] --END-- [ RunTime:0.001500s ]
SQL: SHOW COLUMNS FROM `hos_user3` [ RunTime:0.0167s ]
SQL: SELECT `username`,`logo`,`nickname`,`phonenum`,`email`,`password`,`stauts`,`sex`,`birthday` FROM `hos_user3` WHERE `username` = 'user1' LIMIT 1   [ RunTime:0.0004s ]
SQL: UPDATE `hos_user3` SET `last_login_time`='1461297866' WHERE `username` = 'user1' [ RunTime:0.0004s ]
INFO: [ view_parse ] --START--
INFO: [ template_filter ] --START--
INFO: Run Behavior\ContentReplaceBehavior [ RunTime:0.000219s ]
INFO: [ template_filter ] --END-- [ RunTime:0.000405s ]
NOTIC: [8] Undefined variable: errors C:\WebAppDemo\MyDemo\Application\Runtime\Cache\Home\0e05e19ca18f95ce2e9db01f4efcca68.php 第 106 行.
NOTIC: [8] Undefined variable: errors C:\WebAppDemo\MyDemo\Application\Runtime\Cache\Home\0e05e19ca18f95ce2e9db01f4efcca68.php 第 131 行.
INFO: Run Behavior\ParseTemplateBehavior [ RunTime:0.054046s ]
INFO: [ view_parse ] --END-- [ RunTime:0.054223s ]
INFO: [ view_filter ] --START--
INFO: Run Behavior\WriteHtmlCacheBehavior [ RunTime:0.000682s ]
INFO: [ view_filter ] --END-- [ RunTime:0.000878s ]
INFO: [ app_end ] --START--
INFO: Run Behavior\ShowPageTraceBehavior [ RunTime:0.001125s ]
INFO: [ app_end ] --END-- [ RunTime:0.001342s ]

[ 2016-04-22T12:04:26+08:00 ] 127.0.0.1 /MyDemo/index.php/Home/User3View/hosInfo
INFO: [ app_init ] --START--
INFO: Run Behavior\BuildLiteBehavior [ RunTime:0.000030s ]
INFO: [ app_init ] --END-- [ RunTime:0.000591s ]
INFO: [ app_begin ] --START--
INFO: Run Behavior\ReadHtmlCacheBehavior [ RunTime:0.000729s ]
INFO: [ app_begin ] --END-- [ RunTime:0.000875s ]
SQL: select * from hos_hospital [ RunTime:0.0009s ]

[ 2016-04-22T12:04:30+08:00 ] 127.0.0.1 /MyDemo/index.php/Home/User3View/officeInfo
INFO: [ app_init ] --START--
INFO: Run Behavior\BuildLiteBehavior [ RunTime:0.000030s ]
INFO: [ app_init ] --END-- [ RunTime:0.000522s ]
INFO: [ app_begin ] --START--
INFO: Run Behavior\ReadHtmlCacheBehavior [ RunTime:0.000669s ]
INFO: [ app_begin ] --END-- [ RunTime:0.000810s ]
SQL: SELECT a.id,a.name,a.category,a.content,a.hos_id,b.name hos_name FROM hos_department a,hos_hospital b where
a.hos_id = b.id AND b.id=1 [ RunTime:0.0087s ]

[ 2016-04-22T12:04:33+08:00 ] 127.0.0.1 /MyDemo/index.php/Home/User3View/officeInfo2
INFO: [ app_init ] --START--
INFO: Run Behavior\BuildLiteBehavior [ RunTime:0.000028s ]
INFO: [ app_init ] --END-- [ RunTime:0.000460s ]
INFO: [ app_begin ] --START--
INFO: Run Behavior\ReadHtmlCacheBehavior [ RunTime:0.000654s ]
INFO: [ app_begin ] --END-- [ RunTime:0.000804s ]
SQL: SELECT *FROM hos_user2 WHERE stauts=1 AND depart_id=4 [ RunTime:0.0058s ]

[ 2016-04-22T12:04:33+08:00 ] 127.0.0.1 /MyDemo/index.php/Home/User3View/officeInfo
INFO: [ app_init ] --START--
INFO: Run Behavior\BuildLiteBehavior [ RunTime:0.000076s ]
INFO: [ app_init ] --END-- [ RunTime:0.000914s ]
INFO: [ app_begin ] --START--
INFO: Run Behavior\ReadHtmlCacheBehavior [ RunTime:0.000598s ]
INFO: [ app_begin ] --END-- [ RunTime:0.000712s ]
SQL: SELECT a.id,a.name,a.category,a.content,a.hos_id,b.name hos_name FROM hos_department a,hos_hospital b where
a.hos_id = b.id AND b.id=1 [ RunTime:0.0008s ]

[ 2016-04-22T12:04:54+08:00 ] 127.0.0.1 /MyDemo/index.php/Home/User3View/officeInfo2
INFO: [ app_init ] --START--
INFO: Run Behavior\BuildLiteBehavior [ RunTime:0.000039s ]
INFO: [ app_init ] --END-- [ RunTime:0.000477s ]
INFO: [ app_begin ] --START--
INFO: Run Behavior\ReadHtmlCacheBehavior [ RunTime:0.000594s ]
INFO: [ app_begin ] --END-- [ RunTime:0.000722s ]
SQL: SELECT *FROM hos_user2 WHERE stauts=1 AND depart_id=1 [ RunTime:0.0008s ]

[ 2016-04-22T12:04:54+08:00 ] 127.0.0.1 /MyDemo/index.php/Home/User3View/officeInfo
INFO: [ app_init ] --START--
INFO: Run Behavior\BuildLiteBehavior [ RunTime:0.000043s ]
INFO: [ app_init ] --END-- [ RunTime:0.000675s ]
INFO: [ app_begin ] --START--
INFO: Run Behavior\ReadHtmlCacheBehavior [ RunTime:0.000572s ]
INFO: [ app_begin ] --END-- [ RunTime:0.000684s ]
SQL: SELECT a.id,a.name,a.category,a.content,a.hos_id,b.name hos_name FROM hos_department a,hos_hospital b where
a.hos_id = b.id AND b.id=1 [ RunTime:0.0009s ]

[ 2016-04-22T12:24:41+08:00 ] 127.0.0.1 /MyDemo/index.php/Home/Index/login3
INFO: [ app_init ] --START--
INFO: Run Behavior\BuildLiteBehavior [ RunTime:0.000033s ]
INFO: [ app_init ] --END-- [ RunTime:0.008919s ]
INFO: [ app_begin ] --START--
INFO: Run Behavior\ReadHtmlCacheBehavior [ RunTime:0.001953s ]
INFO: [ app_begin ] --END-- [ RunTime:0.002101s ]
INFO: [ view_parse ] --START--
INFO: [ template_filter ] --START--
INFO: Run Behavior\ContentReplaceBehavior [ RunTime:0.000083s ]
INFO: [ template_filter ] --END-- [ RunTime:0.000232s ]
INFO: Run Behavior\ParseTemplateBehavior [ RunTime:0.104833s ]
INFO: [ view_parse ] --END-- [ RunTime:0.105010s ]
INFO: [ view_filter ] --START--
INFO: Run Behavior\WriteHtmlCacheBehavior [ RunTime:0.008813s ]
INFO: [ view_filter ] --END-- [ RunTime:0.008995s ]
INFO: [ app_end ] --START--
INFO: Run Behavior\ShowPageTraceBehavior [ RunTime:0.002310s ]
INFO: [ app_end ] --END-- [ RunTime:0.002480s ]

[ 2016-04-22T12:24:47+08:00 ] 127.0.0.1 /MyDemo/index.php/Home/Index/login3judge
INFO: [ app_init ] --START--
INFO: Run Behavior\BuildLiteBehavior [ RunTime:0.000059s ]
INFO: [ app_init ] --END-- [ RunTime:0.000696s ]
INFO: [ app_begin ] --START--
INFO: Run Behavior\ReadHtmlCacheBehavior [ RunTime:0.000609s ]
INFO: [ app_begin ] --END-- [ RunTime:0.000773s ]
SQL: SHOW COLUMNS FROM `hos_user3` [ RunTime:0.0160s ]
SQL: SELECT `username`,`logo`,`nickname`,`phonenum`,`email`,`password`,`stauts`,`sex`,`birthday` FROM `hos_user3` WHERE `username` = 'user1' LIMIT 1   [ RunTime:0.0005s ]
SQL: UPDATE `hos_user3` SET `last_login_time`='1461299087' WHERE `username` = 'user1' [ RunTime:0.0005s ]
INFO: [ view_parse ] --START--
INFO: [ template_filter ] --START--
INFO: Run Behavior\ContentReplaceBehavior [ RunTime:0.000208s ]
INFO: [ template_filter ] --END-- [ RunTime:0.000372s ]
NOTIC: [8] Undefined variable: errors C:\WebAppDemo\MyDemo\Application\Runtime\Cache\Home\0e05e19ca18f95ce2e9db01f4efcca68.php 第 106 行.
NOTIC: [8] Undefined variable: errors C:\WebAppDemo\MyDemo\Application\Runtime\Cache\Home\0e05e19ca18f95ce2e9db01f4efcca68.php 第 131 行.
INFO: Run Behavior\ParseTemplateBehavior [ RunTime:0.050405s ]
INFO: [ view_parse ] --END-- [ RunTime:0.050536s ]
INFO: [ view_filter ] --START--
INFO: Run Behavior\WriteHtmlCacheBehavior [ RunTime:0.000360s ]
INFO: [ view_filter ] --END-- [ RunTime:0.000467s ]
INFO: [ app_end ] --START--
INFO: Run Behavior\ShowPageTraceBehavior [ RunTime:0.000580s ]
INFO: [ app_end ] --END-- [ RunTime:0.000691s ]

[ 2016-04-22T12:24:47+08:00 ] 127.0.0.1 /MyDemo/index.php/Home/User3View/hosInfo
INFO: [ app_init ] --START--
INFO: Run Behavior\BuildLiteBehavior [ RunTime:0.000031s ]
INFO: [ app_init ] --END-- [ RunTime:0.000575s ]
INFO: [ app_begin ] --START--
INFO: Run Behavior\ReadHtmlCacheBehavior [ RunTime:0.000875s ]
INFO: [ app_begin ] --END-- [ RunTime:0.001028s ]
SQL: select * from hos_hospital [ RunTime:0.0007s ]

[ 2016-04-22T12:24:49+08:00 ] 127.0.0.1 /MyDemo/index.php/Home/User3View/officeInfo
INFO: [ app_init ] --START--
INFO: Run Behavior\BuildLiteBehavior [ RunTime:0.000030s ]
INFO: [ app_init ] --END-- [ RunTime:0.000535s ]
INFO: [ app_begin ] --START--
INFO: Run Behavior\ReadHtmlCacheBehavior [ RunTime:0.000966s ]
INFO: [ app_begin ] --END-- [ RunTime:0.001207s ]
SQL: SELECT a.id,a.name,a.category,a.content,a.hos_id,b.name hos_name FROM hos_department a,hos_hospital b where
a.hos_id = b.id AND b.id=1 [ RunTime:0.0007s ]

[ 2016-04-22T12:24:51+08:00 ] 127.0.0.1 /MyDemo/index.php/Home/User3View/officeInfo2
INFO: [ app_init ] --START--
INFO: Run Behavior\BuildLiteBehavior [ RunTime:0.000028s ]
INFO: [ app_init ] --END-- [ RunTime:0.000452s ]
INFO: [ app_begin ] --START--
INFO: Run Behavior\ReadHtmlCacheBehavior [ RunTime:0.000570s ]
INFO: [ app_begin ] --END-- [ RunTime:0.000679s ]
SQL: SELECT *FROM hos_user2 WHERE stauts=1 AND depart_id=1 [ RunTime:0.0005s ]

[ 2016-04-22T12:24:51+08:00 ] 127.0.0.1 /MyDemo/index.php/Home/User3View/officeInfo
INFO: [ app_init ] --START--
INFO: Run Behavior\BuildLiteBehavior [ RunTime:0.000025s ]
INFO: [ app_init ] --END-- [ RunTime:0.000449s ]
INFO: [ app_begin ] --START--
INFO: Run Behavior\ReadHtmlCacheBehavior [ RunTime:0.000532s ]
INFO: [ app_begin ] --END-- [ RunTime:0.000629s ]
SQL: SELECT a.id,a.name,a.category,a.content,a.hos_id,b.name hos_name FROM hos_department a,hos_hospital b where
a.hos_id = b.id AND b.id=1 [ RunTime:0.0008s ]

[ 2016-04-22T12:33:53+08:00 ] 127.0.0.1 /MyDemo/index.php/Home/User3View/officeInfo2
INFO: [ app_init ] --START--
INFO: Run Behavior\BuildLiteBehavior [ RunTime:0.000031s ]
INFO: [ app_init ] --END-- [ RunTime:0.001342s ]
INFO: [ app_begin ] --START--
INFO: Run Behavior\ReadHtmlCacheBehavior [ RunTime:0.009912s ]
INFO: [ app_begin ] --END-- [ RunTime:0.010057s ]
SQL: SELECT *FROM hos_user2 WHERE stauts=1 AND depart_id=9 [ RunTime:0.0034s ]

[ 2016-04-22T12:33:53+08:00 ] 127.0.0.1 /MyDemo/index.php/Home/User3View/officeInfo
INFO: [ app_init ] --START--
INFO: Run Behavior\BuildLiteBehavior [ RunTime:0.000047s ]
INFO: [ app_init ] --END-- [ RunTime:0.000748s ]
INFO: [ app_begin ] --START--
INFO: Run Behavior\ReadHtmlCacheBehavior [ RunTime:0.000928s ]
INFO: [ app_begin ] --END-- [ RunTime:0.001137s ]
SQL: SELECT a.id,a.name,a.category,a.content,a.hos_id,b.name hos_name FROM hos_department a,hos_hospital b where
a.hos_id = b.id AND b.id=1 [ RunTime:0.0049s ]

[ 2016-04-22T12:34:31+08:00 ] 127.0.0.1 /MyDemo/index.php/Home/User3View/hosInfo
INFO: [ app_init ] --START--
INFO: Run Behavior\BuildLiteBehavior [ RunTime:0.000048s ]
INFO: [ app_init ] --END-- [ RunTime:0.000776s ]
INFO: [ app_begin ] --START--
INFO: Run Behavior\ReadHtmlCacheBehavior [ RunTime:0.000907s ]
INFO: [ app_begin ] --END-- [ RunTime:0.001104s ]
SQL: select * from hos_hospital [ RunTime:0.0015s ]

[ 2016-04-22T12:34:38+08:00 ] 127.0.0.1 /MyDemo/index.php/Home/User3View/officeInfo
INFO: [ app_init ] --START--
INFO: Run Behavior\BuildLiteBehavior [ RunTime:0.000048s ]
INFO: [ app_init ] --END-- [ RunTime:0.000687s ]
INFO: [ app_begin ] --START--
INFO: Run Behavior\ReadHtmlCacheBehavior [ RunTime:0.000923s ]
INFO: [ app_begin ] --END-- [ RunTime:0.001121s ]
SQL: SELECT a.id,a.name,a.category,a.content,a.hos_id,b.name hos_name FROM hos_department a,hos_hospital b where
a.hos_id = b.id AND b.id=5 [ RunTime:0.0007s ]

[ 2016-04-22T12:34:56+08:00 ] 127.0.0.1 /MyDemo/index.php/Home/User3View/officeInfo2
INFO: [ app_init ] --START--
INFO: Run Behavior\BuildLiteBehavior [ RunTime:0.000027s ]
INFO: [ app_init ] --END-- [ RunTime:0.000486s ]
INFO: [ app_begin ] --START--
INFO: Run Behavior\ReadHtmlCacheBehavior [ RunTime:0.000597s ]
INFO: [ app_begin ] --END-- [ RunTime:0.000714s ]
SQL: SELECT *FROM hos_user2 WHERE stauts=1 AND depart_id=23 [ RunTime:0.0006s ]

[ 2016-04-22T12:34:56+08:00 ] 127.0.0.1 /MyDemo/index.php/Home/User3View/officeInfo
INFO: [ app_init ] --START--
INFO: Run Behavior\BuildLiteBehavior [ RunTime:0.000044s ]
INFO: [ app_init ] --END-- [ RunTime:0.000678s ]
INFO: [ app_begin ] --START--
INFO: Run Behavior\ReadHtmlCacheBehavior [ RunTime:0.000907s ]
INFO: [ app_begin ] --END-- [ RunTime:0.001113s ]
SQL: SELECT a.id,a.name,a.category,a.content,a.hos_id,b.name hos_name FROM hos_department a,hos_hospital b where
a.hos_id = b.id AND b.id=5 [ RunTime:0.0007s ]

[ 2016-04-22T12:40:11+08:00 ] 127.0.0.1 /MyDemo/index.php/Home/Index/login3
INFO: [ app_init ] --START--
INFO: Run Behavior\BuildLiteBehavior [ RunTime:0.000031s ]
INFO: [ app_init ] --END-- [ RunTime:0.001429s ]
INFO: [ app_begin ] --START--
INFO: Run Behavior\ReadHtmlCacheBehavior [ RunTime:0.001677s ]
INFO: [ app_begin ] --END-- [ RunTime:0.001820s ]
INFO: [ view_parse ] --START--
INFO: [ template_filter ] --START--
INFO: Run Behavior\ContentReplaceBehavior [ RunTime:0.000129s ]
INFO: [ template_filter ] --END-- [ RunTime:0.000347s ]
INFO: Run Behavior\ParseTemplateBehavior [ RunTime:0.105533s ]
INFO: [ view_parse ] --END-- [ RunTime:0.105764s ]
INFO: [ view_filter ] --START--
INFO: Run Behavior\WriteHtmlCacheBehavior [ RunTime:0.001843s ]
INFO: [ view_filter ] --END-- [ RunTime:0.002061s ]
INFO: [ app_end ] --START--
INFO: Run Behavior\ShowPageTraceBehavior [ RunTime:0.003492s ]
INFO: [ app_end ] --END-- [ RunTime:0.003714s ]

[ 2016-04-22T12:40:24+08:00 ] 127.0.0.1 /MyDemo/index.php/Home/Index/login3judge
INFO: [ app_init ] --START--
INFO: Run Behavior\BuildLiteBehavior [ RunTime:0.000030s ]
INFO: [ app_init ] --END-- [ RunTime:0.000554s ]
INFO: [ app_begin ] --START--
INFO: Run Behavior\ReadHtmlCacheBehavior [ RunTime:0.000905s ]
INFO: [ app_begin ] --END-- [ RunTime:0.001065s ]
SQL: SHOW COLUMNS FROM `hos_user3` [ RunTime:0.0263s ]
SQL: SELECT `username`,`logo`,`nickname`,`phonenum`,`email`,`password`,`stauts`,`sex`,`birthday` FROM `hos_user3` WHERE `username` = 'user1' LIMIT 1   [ RunTime:0.0011s ]
SQL: UPDATE `hos_user3` SET `last_login_time`='1461300024' WHERE `username` = 'user1' [ RunTime:0.0031s ]
INFO: [ view_parse ] --START--
INFO: [ template_filter ] --START--
INFO: Run Behavior\ContentReplaceBehavior [ RunTime:0.000212s ]
INFO: [ template_filter ] --END-- [ RunTime:0.000347s ]
NOTIC: [8] Undefined variable: errors C:\WebAppDemo\MyDemo\Application\Runtime\Cache\Home\0e05e19ca18f95ce2e9db01f4efcca68.php 第 106 行.
NOTIC: [8] Undefined variable: errors C:\WebAppDemo\MyDemo\Application\Runtime\Cache\Home\0e05e19ca18f95ce2e9db01f4efcca68.php 第 131 行.
INFO: Run Behavior\ParseTemplateBehavior [ RunTime:0.038298s ]
INFO: [ view_parse ] --END-- [ RunTime:0.038427s ]
INFO: [ view_filter ] --START--
INFO: Run Behavior\WriteHtmlCacheBehavior [ RunTime:0.000433s ]
INFO: [ view_filter ] --END-- [ RunTime:0.000540s ]
INFO: [ app_end ] --START--
INFO: Run Behavior\ShowPageTraceBehavior [ RunTime:0.000652s ]
INFO: [ app_end ] --END-- [ RunTime:0.000766s ]

[ 2016-04-22T12:40:24+08:00 ] 127.0.0.1 /MyDemo/index.php/Home/User3View/hosInfo
INFO: [ app_init ] --START--
INFO: Run Behavior\BuildLiteBehavior [ RunTime:0.000049s ]
INFO: [ app_init ] --END-- [ RunTime:0.000872s ]
INFO: [ app_begin ] --START--
INFO: Run Behavior\ReadHtmlCacheBehavior [ RunTime:0.001168s ]
INFO: [ app_begin ] --END-- [ RunTime:0.001414s ]
SQL: select * from hos_hospital [ RunTime:0.0010s ]

[ 2016-04-22T12:40:26+08:00 ] 127.0.0.1 /MyDemo/index.php/Home/User3View/hosInfo
INFO: [ app_init ] --START--
INFO: Run Behavior\BuildLiteBehavior [ RunTime:0.000026s ]
INFO: [ app_init ] --END-- [ RunTime:0.000475s ]
INFO: [ app_begin ] --START--
INFO: Run Behavior\ReadHtmlCacheBehavior [ RunTime:0.000550s ]
INFO: [ app_begin ] --END-- [ RunTime:0.000658s ]
SQL: select * from hos_hospital [ RunTime:0.0008s ]

[ 2016-04-22T12:40:27+08:00 ] 127.0.0.1 /MyDemo/index.php/Home/User3View/officeInfo
INFO: [ app_init ] --START--
INFO: Run Behavior\BuildLiteBehavior [ RunTime:0.000026s ]
INFO: [ app_init ] --END-- [ RunTime:0.000464s ]
INFO: [ app_begin ] --START--
INFO: Run Behavior\ReadHtmlCacheBehavior [ RunTime:0.000668s ]
INFO: [ app_begin ] --END-- [ RunTime:0.000799s ]
SQL: SELECT a.id,a.name,a.category,a.content,a.hos_id,b.name hos_name FROM hos_department a,hos_hospital b where
a.hos_id = b.id AND b.id=1 [ RunTime:0.0011s ]

[ 2016-04-22T12:40:29+08:00 ] 127.0.0.1 /MyDemo/index.php/Home/User3View/officeInfo2
INFO: [ app_init ] --START--
INFO: Run Behavior\BuildLiteBehavior [ RunTime:0.000029s ]
INFO: [ app_init ] --END-- [ RunTime:0.000521s ]
INFO: [ app_begin ] --START--
INFO: Run Behavior\ReadHtmlCacheBehavior [ RunTime:0.000640s ]
INFO: [ app_begin ] --END-- [ RunTime:0.000823s ]
SQL: SELECT *FROM hos_user2 WHERE stauts=1 AND depart_id=1 [ RunTime:0.0006s ]

[ 2016-04-22T12:40:29+08:00 ] 127.0.0.1 /MyDemo/index.php/Home/User3View/officeInfo
INFO: [ app_init ] --START--
INFO: Run Behavior\BuildLiteBehavior [ RunTime:0.000027s ]
INFO: [ app_init ] --END-- [ RunTime:0.000456s ]
INFO: [ app_begin ] --START--
INFO: Run Behavior\ReadHtmlCacheBehavior [ RunTime:0.000631s ]
INFO: [ app_begin ] --END-- [ RunTime:0.000739s ]
SQL: SELECT a.id,a.name,a.category,a.content,a.hos_id,b.name hos_name FROM hos_department a,hos_hospital b where
a.hos_id = b.id AND b.id=1 [ RunTime:0.0015s ]

[ 2016-04-22T12:45:25+08:00 ] 127.0.0.1 /MyDemo/index.php/Home/Index/login3
INFO: [ app_init ] --START--
INFO: Run Behavior\BuildLiteBehavior [ RunTime:0.000031s ]
INFO: [ app_init ] --END-- [ RunTime:0.001525s ]
INFO: [ app_begin ] --START--
INFO: Run Behavior\ReadHtmlCacheBehavior [ RunTime:0.012643s ]
INFO: [ app_begin ] --END-- [ RunTime:0.012823s ]
INFO: [ view_parse ] --START--
INFO: [ template_filter ] --START--
INFO: Run Behavior\ContentReplaceBehavior [ RunTime:0.000114s ]
INFO: [ template_filter ] --END-- [ RunTime:0.000264s ]
INFO: Run Behavior\ParseTemplateBehavior [ RunTime:0.080683s ]
INFO: [ view_parse ] --END-- [ RunTime:0.080832s ]
INFO: [ view_filter ] --START--
INFO: Run Behavior\WriteHtmlCacheBehavior [ RunTime:0.001476s ]
INFO: [ view_filter ] --END-- [ RunTime:0.001609s ]
INFO: [ app_end ] --START--
INFO: Run Behavior\ShowPageTraceBehavior [ RunTime:0.001416s ]
INFO: [ app_end ] --END-- [ RunTime:0.001540s ]

[ 2016-04-22T12:45:44+08:00 ] 127.0.0.1 /MyDemo/index.php/Home/Index/login3judge
INFO: [ app_init ] --START--
INFO: Run Behavior\BuildLiteBehavior [ RunTime:0.000054s ]
INFO: [ app_init ] --END-- [ RunTime:0.000832s ]
INFO: [ app_begin ] --START--
INFO: Run Behavior\ReadHtmlCacheBehavior [ RunTime:0.001598s ]
INFO: [ app_begin ] --END-- [ RunTime:0.001870s ]
SQL: SHOW COLUMNS FROM `hos_user3` [ RunTime:0.0206s ]
SQL: SELECT `username`,`logo`,`nickname`,`phonenum`,`email`,`password`,`stauts`,`sex`,`birthday` FROM `hos_user3` WHERE `username` = 'user1' LIMIT 1   [ RunTime:0.0006s ]
SQL: UPDATE `hos_user3` SET `last_login_time`='1461300344' WHERE `username` = 'user1' [ RunTime:0.0005s ]
INFO: [ view_parse ] --START--
INFO: [ template_filter ] --START--
INFO: Run Behavior\ContentReplaceBehavior [ RunTime:0.000299s ]
INFO: [ template_filter ] --END-- [ RunTime:0.000527s ]
NOTIC: [8] Undefined variable: errors C:\WebAppDemo\MyDemo\Application\Runtime\Cache\Home\0e05e19ca18f95ce2e9db01f4efcca68.php 第 106 行.
NOTIC: [8] Undefined variable: errors C:\WebAppDemo\MyDemo\Application\Runtime\Cache\Home\0e05e19ca18f95ce2e9db01f4efcca68.php 第 131 行.
INFO: Run Behavior\ParseTemplateBehavior [ RunTime:0.059937s ]
INFO: [ view_parse ] --END-- [ RunTime:0.060114s ]
INFO: [ view_filter ] --START--
INFO: Run Behavior\WriteHtmlCacheBehavior [ RunTime:0.000576s ]
INFO: [ view_filter ] --END-- [ RunTime:0.000702s ]
INFO: [ app_end ] --START--
INFO: Run Behavior\ShowPageTraceBehavior [ RunTime:0.000765s ]
INFO: [ app_end ] --END-- [ RunTime:0.000892s ]

[ 2016-04-22T12:45:45+08:00 ] 127.0.0.1 /MyDemo/index.php/Home/User3View/hosInfo
INFO: [ app_init ] --START--
INFO: Run Behavior\BuildLiteBehavior [ RunTime:0.000145s ]
INFO: [ app_init ] --END-- [ RunTime:0.000973s ]
INFO: [ app_begin ] --START--
INFO: Run Behavior\ReadHtmlCacheBehavior [ RunTime:0.001270s ]
INFO: [ app_begin ] --END-- [ RunTime:0.001545s ]
SQL: select * from hos_hospital [ RunTime:0.0011s ]

[ 2016-04-22T12:46:01+08:00 ] 127.0.0.1 /MyDemo/index.php/Home/User3View/officeInfo
INFO: [ app_init ] --START--
INFO: Run Behavior\BuildLiteBehavior [ RunTime:0.000036s ]
INFO: [ app_init ] --END-- [ RunTime:0.000448s ]
INFO: [ app_begin ] --START--
INFO: Run Behavior\ReadHtmlCacheBehavior [ RunTime:0.000668s ]
INFO: [ app_begin ] --END-- [ RunTime:0.000821s ]
SQL: SELECT a.id,a.name,a.category,a.content,a.hos_id,b.name hos_name FROM hos_department a,hos_hospital b where
a.hos_id = b.id AND b.id=1 [ RunTime:0.0007s ]

[ 2016-04-22T12:46:03+08:00 ] 127.0.0.1 /MyDemo/index.php/Home/User3View/officeInfo2
INFO: [ app_init ] --START--
INFO: Run Behavior\BuildLiteBehavior [ RunTime:0.000029s ]
INFO: [ app_init ] --END-- [ RunTime:0.000464s ]
INFO: [ app_begin ] --START--
INFO: Run Behavior\ReadHtmlCacheBehavior [ RunTime:0.000603s ]
INFO: [ app_begin ] --END-- [ RunTime:0.000715s ]
SQL: SELECT *FROM hos_user2 WHERE stauts=1 AND depart_id=1 [ RunTime:0.0026s ]

[ 2016-04-22T12:46:03+08:00 ] 127.0.0.1 /MyDemo/index.php/Home/User3View/officeInfo
INFO: [ app_init ] --START--
INFO: Run Behavior\BuildLiteBehavior [ RunTime:0.000034s ]
INFO: [ app_init ] --END-- [ RunTime:0.000656s ]
INFO: [ app_begin ] --START--
INFO: Run Behavior\ReadHtmlCacheBehavior [ RunTime:0.000711s ]
INFO: [ app_begin ] --END-- [ RunTime:0.000875s ]
SQL: SELECT a.id,a.name,a.category,a.content,a.hos_id,b.name hos_name FROM hos_department a,hos_hospital b where
a.hos_id = b.id AND b.id=1 [ RunTime:0.0009s ]

[ 2016-04-22T12:54:20+08:00 ] 127.0.0.1 /MyDemo/index.php/Home/Index/login3
INFO: [ app_init ] --START--
INFO: Run Behavior\BuildLiteBehavior [ RunTime:0.000050s ]
INFO: [ app_init ] --END-- [ RunTime:0.003389s ]
INFO: [ app_begin ] --START--
INFO: Run Behavior\ReadHtmlCacheBehavior [ RunTime:0.011936s ]
INFO: [ app_begin ] --END-- [ RunTime:0.012537s ]
INFO: [ view_parse ] --START--
INFO: [ template_filter ] --START--
INFO: Run Behavior\ContentReplaceBehavior [ RunTime:0.000082s ]
INFO: [ template_filter ] --END-- [ RunTime:0.000216s ]
INFO: Run Behavior\ParseTemplateBehavior [ RunTime:0.095563s ]
INFO: [ view_parse ] --END-- [ RunTime:0.095765s ]
INFO: [ view_filter ] --START--
INFO: Run Behavior\WriteHtmlCacheBehavior [ RunTime:0.001090s ]
INFO: [ view_filter ] --END-- [ RunTime:0.001250s ]
INFO: [ app_end ] --START--
INFO: Run Behavior\ShowPageTraceBehavior [ RunTime:0.001637s ]
INFO: [ app_end ] --END-- [ RunTime:0.001770s ]

[ 2016-04-22T12:54:30+08:00 ] 127.0.0.1 /MyDemo/index.php/Home/Index/login3judge
INFO: [ app_init ] --START--
INFO: Run Behavior\BuildLiteBehavior [ RunTime:0.000029s ]
INFO: [ app_init ] --END-- [ RunTime:0.000513s ]
INFO: [ app_begin ] --START--
INFO: Run Behavior\ReadHtmlCacheBehavior [ RunTime:0.000858s ]
INFO: [ app_begin ] --END-- [ RunTime:0.001059s ]
SQL: SHOW COLUMNS FROM `hos_user3` [ RunTime:0.0166s ]
SQL: SELECT `username`,`logo`,`nickname`,`phonenum`,`email`,`password`,`stauts`,`sex`,`birthday` FROM `hos_user3` WHERE `username` = 'user1' LIMIT 1   [ RunTime:0.0004s ]
SQL: UPDATE `hos_user3` SET `last_login_time`='1461300870' WHERE `username` = 'user1' [ RunTime:0.0004s ]
INFO: [ view_parse ] --START--
INFO: [ template_filter ] --START--
INFO: Run Behavior\ContentReplaceBehavior [ RunTime:0.000221s ]
INFO: [ template_filter ] --END-- [ RunTime:0.000358s ]
NOTIC: [8] Undefined variable: errors C:\WebAppDemo\MyDemo\Application\Runtime\Cache\Home\0e05e19ca18f95ce2e9db01f4efcca68.php 第 106 行.
NOTIC: [8] Undefined variable: errors C:\WebAppDemo\MyDemo\Application\Runtime\Cache\Home\0e05e19ca18f95ce2e9db01f4efcca68.php 第 131 行.
INFO: Run Behavior\ParseTemplateBehavior [ RunTime:0.046814s ]
INFO: [ view_parse ] --END-- [ RunTime:0.046958s ]
INFO: [ view_filter ] --START--
INFO: Run Behavior\WriteHtmlCacheBehavior [ RunTime:0.000453s ]
INFO: [ view_filter ] --END-- [ RunTime:0.000567s ]
INFO: [ app_end ] --START--
INFO: Run Behavior\ShowPageTraceBehavior [ RunTime:0.000713s ]
INFO: [ app_end ] --END-- [ RunTime:0.000829s ]

[ 2016-04-22T12:54:31+08:00 ] 127.0.0.1 /MyDemo/index.php/Home/User3View/hosInfo
INFO: [ app_init ] --START--
INFO: Run Behavior\BuildLiteBehavior [ RunTime:0.000046s ]
INFO: [ app_init ] --END-- [ RunTime:0.000854s ]
INFO: [ app_begin ] --START--
INFO: Run Behavior\ReadHtmlCacheBehavior [ RunTime:0.001268s ]
INFO: [ app_begin ] --END-- [ RunTime:0.001520s ]
SQL: select * from hos_hospital [ RunTime:0.0012s ]

[ 2016-04-22T12:54:33+08:00 ] 127.0.0.1 /MyDemo/index.php/Home/User3View/officeInfo
INFO: [ app_init ] --START--
INFO: Run Behavior\BuildLiteBehavior [ RunTime:0.000031s ]
INFO: [ app_init ] --END-- [ RunTime:0.000506s ]
INFO: [ app_begin ] --START--
INFO: Run Behavior\ReadHtmlCacheBehavior [ RunTime:0.000659s ]
INFO: [ app_begin ] --END-- [ RunTime:0.000795s ]
SQL: SELECT a.id,a.name,a.category,a.content,a.hos_id,b.name hos_name FROM hos_department a,hos_hospital b where
a.hos_id = b.id AND b.id=1 [ RunTime:0.0010s ]

[ 2016-04-22T12:54:35+08:00 ] 127.0.0.1 /MyDemo/index.php/Home/User3View/officeInfo2
INFO: [ app_init ] --START--
INFO: Run Behavior\BuildLiteBehavior [ RunTime:0.000028s ]
INFO: [ app_init ] --END-- [ RunTime:0.000464s ]
INFO: [ app_begin ] --START--
INFO: Run Behavior\ReadHtmlCacheBehavior [ RunTime:0.000599s ]
INFO: [ app_begin ] --END-- [ RunTime:0.000734s ]
SQL: SELECT *FROM hos_user2 WHERE stauts=1 AND depart_id=1 [ RunTime:0.0005s ]

[ 2016-04-22T12:54:35+08:00 ] 127.0.0.1 /MyDemo/index.php/Home/User3View/officeInfo
INFO: [ app_init ] --START--
INFO: Run Behavior\BuildLiteBehavior [ RunTime:0.000028s ]
INFO: [ app_init ] --END-- [ RunTime:0.000459s ]
INFO: [ app_begin ] --START--
INFO: Run Behavior\ReadHtmlCacheBehavior [ RunTime:0.000669s ]
INFO: [ app_begin ] --END-- [ RunTime:0.000830s ]
SQL: SELECT a.id,a.name,a.category,a.content,a.hos_id,b.name hos_name FROM hos_department a,hos_hospital b where
a.hos_id = b.id AND b.id=1 [ RunTime:0.0007s ]

[ 2016-04-22T12:56:35+08:00 ] 127.0.0.1 /MyDemo/index.php/Home/Index/login3
INFO: [ app_init ] --START--
INFO: Run Behavior\BuildLiteBehavior [ RunTime:0.000048s ]
INFO: [ app_init ] --END-- [ RunTime:0.000855s ]
INFO: [ app_begin ] --START--
INFO: Run Behavior\ReadHtmlCacheBehavior [ RunTime:0.001149s ]
INFO: [ app_begin ] --END-- [ RunTime:0.001401s ]
INFO: [ view_parse ] --START--
INFO: [ template_filter ] --START--
INFO: Run Behavior\ContentReplaceBehavior [ RunTime:0.000083s ]
INFO: [ template_filter ] --END-- [ RunTime:0.000215s ]
INFO: Run Behavior\ParseTemplateBehavior [ RunTime:0.017383s ]
INFO: [ view_parse ] --END-- [ RunTime:0.017903s ]
INFO: [ view_filter ] --START--
INFO: Run Behavior\WriteHtmlCacheBehavior [ RunTime:0.000426s ]
INFO: [ view_filter ] --END-- [ RunTime:0.000533s ]
INFO: [ app_end ] --START--
INFO: Run Behavior\ShowPageTraceBehavior [ RunTime:0.000648s ]
INFO: [ app_end ] --END-- [ RunTime:0.000764s ]

[ 2016-04-22T12:56:42+08:00 ] 127.0.0.1 /MyDemo/index.php/Home/Index/login3judge
INFO: [ app_init ] --START--
INFO: Run Behavior\BuildLiteBehavior [ RunTime:0.000049s ]
INFO: [ app_init ] --END-- [ RunTime:0.001023s ]
INFO: [ app_begin ] --START--
INFO: Run Behavior\ReadHtmlCacheBehavior [ RunTime:0.001004s ]
INFO: [ app_begin ] --END-- [ RunTime:0.001216s ]
SQL: SHOW COLUMNS FROM `hos_user3` [ RunTime:0.0211s ]
SQL: SELECT `username`,`logo`,`nickname`,`phonenum`,`email`,`password`,`stauts`,`sex`,`birthday` FROM `hos_user3` WHERE `username` = 'user1' LIMIT 1   [ RunTime:0.0006s ]
SQL: UPDATE `hos_user3` SET `last_login_time`='1461301002' WHERE `username` = 'user1' [ RunTime:0.0007s ]
INFO: [ view_parse ] --START--
INFO: [ template_filter ] --START--
INFO: Run Behavior\ContentReplaceBehavior [ RunTime:0.000261s ]
INFO: [ template_filter ] --END-- [ RunTime:0.000461s ]
NOTIC: [8] Undefined variable: errors C:\WebAppDemo\MyDemo\Application\Runtime\Cache\Home\0e05e19ca18f95ce2e9db01f4efcca68.php 第 106 行.
NOTIC: [8] Undefined variable: errors C:\WebAppDemo\MyDemo\Application\Runtime\Cache\Home\0e05e19ca18f95ce2e9db01f4efcca68.php 第 131 行.
INFO: Run Behavior\ParseTemplateBehavior [ RunTime:0.036401s ]
INFO: [ view_parse ] --END-- [ RunTime:0.036634s ]
INFO: [ view_filter ] --START--
INFO: Run Behavior\WriteHtmlCacheBehavior [ RunTime:0.001061s ]
INFO: [ view_filter ] --END-- [ RunTime:0.001352s ]
INFO: [ app_end ] --START--
INFO: Run Behavior\ShowPageTraceBehavior [ RunTime:0.001111s ]
INFO: [ app_end ] --END-- [ RunTime:0.001317s ]

[ 2016-04-22T12:56:42+08:00 ] 127.0.0.1 /MyDemo/index.php/Home/User3View/hosInfo
INFO: [ app_init ] --START--
INFO: Run Behavior\BuildLiteBehavior [ RunTime:0.000032s ]
INFO: [ app_init ] --END-- [ RunTime:0.000724s ]
INFO: [ app_begin ] --START--
INFO: Run Behavior\ReadHtmlCacheBehavior [ RunTime:0.001218s ]
INFO: [ app_begin ] --END-- [ RunTime:0.001470s ]
SQL: select * from hos_hospital [ RunTime:0.0011s ]

[ 2016-04-22T12:56:44+08:00 ] 127.0.0.1 /MyDemo/index.php/Home/User3View/officeInfo
INFO: [ app_init ] --START--
INFO: Run Behavior\BuildLiteBehavior [ RunTime:0.000041s ]
INFO: [ app_init ] --END-- [ RunTime:0.000545s ]
INFO: [ app_begin ] --START--
INFO: Run Behavior\ReadHtmlCacheBehavior [ RunTime:0.000816s ]
INFO: [ app_begin ] --END-- [ RunTime:0.000965s ]
SQL: SELECT a.id,a.name,a.category,a.content,a.hos_id,b.name hos_name FROM hos_department a,hos_hospital b where
a.hos_id = b.id AND b.id=1 [ RunTime:0.0008s ]

[ 2016-04-22T12:56:46+08:00 ] 127.0.0.1 /MyDemo/index.php/Home/User3View/officeInfo2
INFO: [ app_init ] --START--
INFO: Run Behavior\BuildLiteBehavior [ RunTime:0.000026s ]
INFO: [ app_init ] --END-- [ RunTime:0.000426s ]
INFO: [ app_begin ] --START--
INFO: Run Behavior\ReadHtmlCacheBehavior [ RunTime:0.000673s ]
INFO: [ app_begin ] --END-- [ RunTime:0.000816s ]
SQL: SELECT *FROM hos_user2 WHERE stauts=1 AND depart_id=1 [ RunTime:0.0007s ]

[ 2016-04-22T12:56:46+08:00 ] 127.0.0.1 /MyDemo/index.php/Home/User3View/officeInfo
INFO: [ app_init ] --START--
INFO: Run Behavior\BuildLiteBehavior [ RunTime:0.000025s ]
INFO: [ app_init ] --END-- [ RunTime:0.000392s ]
INFO: [ app_begin ] --START--
INFO: Run Behavior\ReadHtmlCacheBehavior [ RunTime:0.000528s ]
INFO: [ app_begin ] --END-- [ RunTime:0.000628s ]
SQL: SELECT a.id,a.name,a.category,a.content,a.hos_id,b.name hos_name FROM hos_department a,hos_hospital b where
a.hos_id = b.id AND b.id=1 [ RunTime:0.0007s ]

[ 2016-04-22T12:56:52+08:00 ] 127.0.0.1 /MyDemo/index.php/Home/User3View/officeInfo2
INFO: [ app_init ] --START--
INFO: Run Behavior\BuildLiteBehavior [ RunTime:0.000046s ]
INFO: [ app_init ] --END-- [ RunTime:0.000793s ]
INFO: [ app_begin ] --START--
INFO: Run Behavior\ReadHtmlCacheBehavior [ RunTime:0.000724s ]
INFO: [ app_begin ] --END-- [ RunTime:0.000843s ]
SQL: SELECT *FROM hos_user2 WHERE stauts=1 AND depart_id=3 [ RunTime:0.0005s ]

[ 2016-04-22T12:56:52+08:00 ] 127.0.0.1 /MyDemo/index.php/Home/User3View/officeInfo
INFO: [ app_init ] --START--
INFO: Run Behavior\BuildLiteBehavior [ RunTime:0.000039s ]
INFO: [ app_init ] --END-- [ RunTime:0.000606s ]
INFO: [ app_begin ] --START--
INFO: Run Behavior\ReadHtmlCacheBehavior [ RunTime:0.000556s ]
INFO: [ app_begin ] --END-- [ RunTime:0.000693s ]
SQL: SELECT a.id,a.name,a.category,a.content,a.hos_id,b.name hos_name FROM hos_department a,hos_hospital b where
a.hos_id = b.id AND b.id=1 [ RunTime:0.0008s ]

[ 2016-04-22T12:57:39+08:00 ] 127.0.0.1 /MyDemo/index.php/Home/Index/login3
INFO: [ app_init ] --START--
INFO: Run Behavior\BuildLiteBehavior [ RunTime:0.000048s ]
INFO: [ app_init ] --END-- [ RunTime:0.000538s ]
INFO: [ app_begin ] --START--
INFO: Run Behavior\ReadHtmlCacheBehavior [ RunTime:0.001134s ]
INFO: [ app_begin ] --END-- [ RunTime:0.001333s ]
INFO: [ view_parse ] --START--
INFO: [ template_filter ] --START--
INFO: Run Behavior\ContentReplaceBehavior [ RunTime:0.000084s ]
INFO: [ template_filter ] --END-- [ RunTime:0.000251s ]
INFO: Run Behavior\ParseTemplateBehavior [ RunTime:0.016512s ]
INFO: [ view_parse ] --END-- [ RunTime:0.016739s ]
INFO: [ view_filter ] --START--
INFO: Run Behavior\WriteHtmlCacheBehavior [ RunTime:0.000427s ]
INFO: [ view_filter ] --END-- [ RunTime:0.000535s ]
INFO: [ app_end ] --START--
INFO: Run Behavior\ShowPageTraceBehavior [ RunTime:0.000714s ]
INFO: [ app_end ] --END-- [ RunTime:0.000887s ]

[ 2016-04-22T12:57:50+08:00 ] 127.0.0.1 /MyDemo/index.php/Home/Index/login3judge
INFO: [ app_init ] --START--
INFO: Run Behavior\BuildLiteBehavior [ RunTime:0.000054s ]
INFO: [ app_init ] --END-- [ RunTime:0.000799s ]
INFO: [ app_begin ] --START--
INFO: Run Behavior\ReadHtmlCacheBehavior [ RunTime:0.000876s ]
INFO: [ app_begin ] --END-- [ RunTime:0.001076s ]
SQL: SHOW COLUMNS FROM `hos_user3` [ RunTime:0.0205s ]
SQL: SELECT `username`,`logo`,`nickname`,`phonenum`,`email`,`password`,`stauts`,`sex`,`birthday` FROM `hos_user3` WHERE `username` = 'user1' LIMIT 1   [ RunTime:0.0006s ]
SQL: UPDATE `hos_user3` SET `last_login_time`='1461301070' WHERE `username` = 'user1' [ RunTime:0.0006s ]
INFO: [ view_parse ] --START--
INFO: [ template_filter ] --START--
INFO: Run Behavior\ContentReplaceBehavior [ RunTime:0.000232s ]
INFO: [ template_filter ] --END-- [ RunTime:0.000389s ]
NOTIC: [8] Undefined variable: errors C:\WebAppDemo\MyDemo\Application\Runtime\Cache\Home\0e05e19ca18f95ce2e9db01f4efcca68.php 第 106 行.
NOTIC: [8] Undefined variable: errors C:\WebAppDemo\MyDemo\Application\Runtime\Cache\Home\0e05e19ca18f95ce2e9db01f4efcca68.php 第 131 行.
INFO: Run Behavior\ParseTemplateBehavior [ RunTime:0.030605s ]
INFO: [ view_parse ] --END-- [ RunTime:0.030824s ]
INFO: [ view_filter ] --START--
INFO: Run Behavior\WriteHtmlCacheBehavior [ RunTime:0.000625s ]
INFO: [ view_filter ] --END-- [ RunTime:0.000824s ]
INFO: [ app_end ] --START--
INFO: Run Behavior\ShowPageTraceBehavior [ RunTime:0.000832s ]
INFO: [ app_end ] --END-- [ RunTime:0.000973s ]

[ 2016-04-22T12:57:50+08:00 ] 127.0.0.1 /MyDemo/index.php/Home/User3View/hosInfo
INFO: [ app_init ] --START--
INFO: Run Behavior\BuildLiteBehavior [ RunTime:0.000046s ]
INFO: [ app_init ] --END-- [ RunTime:0.000682s ]
INFO: [ app_begin ] --START--
INFO: Run Behavior\ReadHtmlCacheBehavior [ RunTime:0.000938s ]
INFO: [ app_begin ] --END-- [ RunTime:0.001180s ]
SQL: select * from hos_hospital [ RunTime:0.0010s ]

[ 2016-04-22T12:57:52+08:00 ] 127.0.0.1 /MyDemo/index.php/Home/User3View/officeInfo
INFO: [ app_init ] --START--
INFO: Run Behavior\BuildLiteBehavior [ RunTime:0.000028s ]
INFO: [ app_init ] --END-- [ RunTime:0.000441s ]
INFO: [ app_begin ] --START--
INFO: Run Behavior\ReadHtmlCacheBehavior [ RunTime:0.000553s ]
INFO: [ app_begin ] --END-- [ RunTime:0.000657s ]
SQL: SELECT a.id,a.name,a.category,a.content,a.hos_id,b.name hos_name FROM hos_department a,hos_hospital b where
a.hos_id = b.id AND b.id=1 [ RunTime:0.0008s ]

[ 2016-04-22T12:57:53+08:00 ] 127.0.0.1 /MyDemo/index.php/Home/User3View/officeInfo2
INFO: [ app_init ] --START--
INFO: Run Behavior\BuildLiteBehavior [ RunTime:0.000027s ]
INFO: [ app_init ] --END-- [ RunTime:0.000426s ]
INFO: [ app_begin ] --START--
INFO: Run Behavior\ReadHtmlCacheBehavior [ RunTime:0.000550s ]
INFO: [ app_begin ] --END-- [ RunTime:0.000659s ]
SQL: SELECT *FROM hos_user2 WHERE stauts=1 AND depart_id=1 [ RunTime:0.0006s ]

[ 2016-04-22T12:57:53+08:00 ] 127.0.0.1 /MyDemo/index.php/Home/User3View/officeInfo
INFO: [ app_init ] --START--
INFO: Run Behavior\BuildLiteBehavior [ RunTime:0.000025s ]
INFO: [ app_init ] --END-- [ RunTime:0.000414s ]
INFO: [ app_begin ] --START--
INFO: Run Behavior\ReadHtmlCacheBehavior [ RunTime:0.000947s ]
INFO: [ app_begin ] --END-- [ RunTime:0.001156s ]
SQL: SELECT a.id,a.name,a.category,a.content,a.hos_id,b.name hos_name FROM hos_department a,hos_hospital b where
a.hos_id = b.id AND b.id=1 [ RunTime:0.0007s ]

[ 2016-04-22T13:02:08+08:00 ] 127.0.0.1 /MyDemo/index.php/Home/User3View/officeInfo2
INFO: [ app_init ] --START--
INFO: Run Behavior\BuildLiteBehavior [ RunTime:0.000061s ]
INFO: [ app_init ] --END-- [ RunTime:0.009652s ]
INFO: [ app_begin ] --START--
INFO: Run Behavior\ReadHtmlCacheBehavior [ RunTime:0.013004s ]
INFO: [ app_begin ] --END-- [ RunTime:0.013188s ]
SQL: SELECT *FROM hos_user2 WHERE stauts=1 AND depart_id=3 [ RunTime:0.0006s ]

[ 2016-04-22T13:02:08+08:00 ] 127.0.0.1 /MyDemo/index.php/Home/User3View/officeInfo
INFO: [ app_init ] --START--
INFO: Run Behavior\BuildLiteBehavior [ RunTime:0.000492s ]
INFO: [ app_init ] --END-- [ RunTime:0.001410s ]
INFO: [ app_begin ] --START--
INFO: Run Behavior\ReadHtmlCacheBehavior [ RunTime:0.000767s ]
INFO: [ app_begin ] --END-- [ RunTime:0.000986s ]
SQL: SELECT a.id,a.name,a.category,a.content,a.hos_id,b.name hos_name FROM hos_department a,hos_hospital b where
a.hos_id = b.id AND b.id=1 [ RunTime:0.0009s ]

[ 2016-04-22T13:02:32+08:00 ] 127.0.0.1 /MyDemo/index.php/Home/User3View/officeInfo2
INFO: [ app_init ] --START--
INFO: Run Behavior\BuildLiteBehavior [ RunTime:0.000029s ]
INFO: [ app_init ] --END-- [ RunTime:0.000522s ]
INFO: [ app_begin ] --START--
INFO: Run Behavior\ReadHtmlCacheBehavior [ RunTime:0.000649s ]
INFO: [ app_begin ] --END-- [ RunTime:0.000754s ]
SQL: SELECT *FROM hos_user2 WHERE stauts=1 AND depart_id=1 [ RunTime:0.0008s ]

[ 2016-04-22T13:02:32+08:00 ] 127.0.0.1 /MyDemo/index.php/Home/User3View/officeInfo
INFO: [ app_init ] --START--
INFO: Run Behavior\BuildLiteBehavior [ RunTime:0.000027s ]
INFO: [ app_init ] --END-- [ RunTime:0.000430s ]
INFO: [ app_begin ] --START--
INFO: Run Behavior\ReadHtmlCacheBehavior [ RunTime:0.000582s ]
INFO: [ app_begin ] --END-- [ RunTime:0.000701s ]
SQL: SELECT a.id,a.name,a.category,a.content,a.hos_id,b.name hos_name FROM hos_department a,hos_hospital b where
a.hos_id = b.id AND b.id=1 [ RunTime:0.0007s ]

[ 2016-04-22T13:02:53+08:00 ] 127.0.0.1 /MyDemo/index.php/Home/User3View/officeInfo2
INFO: [ app_init ] --START--
INFO: Run Behavior\BuildLiteBehavior [ RunTime:0.000048s ]
INFO: [ app_init ] --END-- [ RunTime:0.000638s ]
INFO: [ app_begin ] --START--
INFO: Run Behavior\ReadHtmlCacheBehavior [ RunTime:0.000593s ]
INFO: [ app_begin ] --END-- [ RunTime:0.000756s ]
SQL: SELECT *FROM hos_user2 WHERE stauts=1 AND depart_id=3 [ RunTime:0.0009s ]

[ 2016-04-22T13:02:53+08:00 ] 127.0.0.1 /MyDemo/index.php/Home/User3View/officeInfo
INFO: [ app_init ] --START--
INFO: Run Behavior\BuildLiteBehavior [ RunTime:0.000027s ]
INFO: [ app_init ] --END-- [ RunTime:0.000423s ]
INFO: [ app_begin ] --START--
INFO: Run Behavior\ReadHtmlCacheBehavior [ RunTime:0.000536s ]
INFO: [ app_begin ] --END-- [ RunTime:0.000644s ]
SQL: SELECT a.id,a.name,a.category,a.content,a.hos_id,b.name hos_name FROM hos_department a,hos_hospital b where
a.hos_id = b.id AND b.id=1 [ RunTime:0.0006s ]

[ 2016-04-22T19:56:02+08:00 ] 127.0.0.1 /MyDemo/
INFO: [ app_init ] --START--
INFO: Run Behavior\BuildLiteBehavior [ RunTime:0.000062s ]
INFO: [ app_init ] --END-- [ RunTime:0.018856s ]
INFO: [ app_begin ] --START--
INFO: Run Behavior\ReadHtmlCacheBehavior [ RunTime:0.018226s ]
INFO: [ app_begin ] --END-- [ RunTime:0.018568s ]
SQL: SHOW COLUMNS FROM `hos_user3` [ RunTime:0.0464s ]
SQL: SHOW COLUMNS FROM `hos_hospital` [ RunTime:0.0325s ]
SQL: SELECT COUNT(*) AS tp_count FROM `hos_user3` LIMIT 1   [ RunTime:0.0020s ]
SQL: SELECT COUNT(*) AS tp_count FROM `hos_hospital` LIMIT 1   [ RunTime:0.0004s ]
INFO: [ view_parse ] --START--
INFO: [ template_filter ] --START--
INFO: Run Behavior\ContentReplaceBehavior [ RunTime:0.000705s ]
INFO: [ template_filter ] --END-- [ RunTime:0.000921s ]
INFO: Run Behavior\ParseTemplateBehavior [ RunTime:0.177043s ]
INFO: [ view_parse ] --END-- [ RunTime:0.177254s ]
INFO: [ view_filter ] --START--
INFO: Run Behavior\WriteHtmlCacheBehavior [ RunTime:0.008920s ]
INFO: [ view_filter ] --END-- [ RunTime:0.009140s ]
INFO: [ app_end ] --START--
INFO: Run Behavior\ShowPageTraceBehavior [ RunTime:0.009416s ]
INFO: [ app_end ] --END-- [ RunTime:0.009642s ]

[ 2016-04-22T19:56:05+08:00 ] 127.0.0.1 /MyDemo/index.php/Home/Index/login3
INFO: [ app_init ] --START--
INFO: Run Behavior\BuildLiteBehavior [ RunTime:0.000046s ]
INFO: [ app_init ] --END-- [ RunTime:0.001105s ]
INFO: [ app_begin ] --START--
INFO: Run Behavior\ReadHtmlCacheBehavior [ RunTime:0.001368s ]
INFO: [ app_begin ] --END-- [ RunTime:0.001631s ]
INFO: [ view_parse ] --START--
INFO: [ template_filter ] --START--
INFO: Run Behavior\ContentReplaceBehavior [ RunTime:0.000137s ]
INFO: [ template_filter ] --END-- [ RunTime:0.000359s ]
INFO: Run Behavior\ParseTemplateBehavior [ RunTime:0.042491s ]
INFO: [ view_parse ] --END-- [ RunTime:0.042749s ]
INFO: [ view_filter ] --START--
INFO: Run Behavior\WriteHtmlCacheBehavior [ RunTime:0.001099s ]
INFO: [ view_filter ] --END-- [ RunTime:0.001300s ]
INFO: [ app_end ] --START--
INFO: Run Behavior\ShowPageTraceBehavior [ RunTime:0.001062s ]
INFO: [ app_end ] --END-- [ RunTime:0.001266s ]

[ 2016-04-22T19:56:12+08:00 ] 127.0.0.1 /MyDemo/index.php/Home/Index/login3judge
INFO: [ app_init ] --START--
INFO: Run Behavior\BuildLiteBehavior [ RunTime:0.000050s ]
INFO: [ app_init ] --END-- [ RunTime:0.000854s ]
INFO: [ app_begin ] --START--
INFO: Run Behavior\ReadHtmlCacheBehavior [ RunTime:0.001287s ]
INFO: [ app_begin ] --END-- [ RunTime:0.001535s ]
SQL: SHOW COLUMNS FROM `hos_user3` [ RunTime:0.0217s ]
SQL: SELECT `username`,`logo`,`nickname`,`phonenum`,`email`,`password`,`stauts`,`sex`,`birthday` FROM `hos_user3` WHERE `username` = 'user1' LIMIT 1   [ RunTime:0.0054s ]
SQL: UPDATE `hos_user3` SET `last_login_time`='1461326172' WHERE `username` = 'user1' [ RunTime:0.0062s ]
INFO: [ view_parse ] --START--
INFO: [ template_filter ] --START--
INFO: Run Behavior\ContentReplaceBehavior [ RunTime:0.001850s ]
INFO: [ template_filter ] --END-- [ RunTime:0.002119s ]
NOTIC: [8] Undefined variable: errors C:\WebAppDemo\MyDemo\Application\Runtime\Cache\Home\0e05e19ca18f95ce2e9db01f4efcca68.php 第 106 行.
NOTIC: [8] Undefined variable: errors C:\WebAppDemo\MyDemo\Application\Runtime\Cache\Home\0e05e19ca18f95ce2e9db01f4efcca68.php 第 131 行.
INFO: Run Behavior\ParseTemplateBehavior [ RunTime:0.143620s ]
INFO: [ view_parse ] --END-- [ RunTime:0.143824s ]
INFO: [ view_filter ] --START--
INFO: Run Behavior\WriteHtmlCacheBehavior [ RunTime:0.028777s ]
INFO: [ view_filter ] --END-- [ RunTime:0.028991s ]
INFO: [ app_end ] --START--
INFO: Run Behavior\ShowPageTraceBehavior [ RunTime:0.001264s ]
INFO: [ app_end ] --END-- [ RunTime:0.001481s ]

[ 2016-04-22T19:56:13+08:00 ] 127.0.0.1 /MyDemo/index.php/Home/User3View/hosInfo
INFO: [ app_init ] --START--
INFO: Run Behavior\BuildLiteBehavior [ RunTime:0.000050s ]
INFO: [ app_init ] --END-- [ RunTime:0.000762s ]
INFO: [ app_begin ] --START--
INFO: Run Behavior\ReadHtmlCacheBehavior [ RunTime:0.000922s ]
INFO: [ app_begin ] --END-- [ RunTime:0.001148s ]
SQL: select * from hos_hospital [ RunTime:0.0017s ]

[ 2016-04-22T19:56:17+08:00 ] 127.0.0.1 /MyDemo/index.php/Home/User3View/hosInfo
INFO: [ app_init ] --START--
INFO: Run Behavior\BuildLiteBehavior [ RunTime:0.000047s ]
INFO: [ app_init ] --END-- [ RunTime:0.000845s ]
INFO: [ app_begin ] --START--
INFO: Run Behavior\ReadHtmlCacheBehavior [ RunTime:0.001130s ]
INFO: [ app_begin ] --END-- [ RunTime:0.001377s ]
SQL: select * from hos_hospital [ RunTime:0.0940s ]

[ 2016-04-22T19:56:19+08:00 ] 127.0.0.1 /MyDemo/index.php/Home/User3View/officeInfo
INFO: [ app_init ] --START--
INFO: Run Behavior\BuildLiteBehavior [ RunTime:0.000049s ]
INFO: [ app_init ] --END-- [ RunTime:0.000752s ]
INFO: [ app_begin ] --START--
INFO: Run Behavior\ReadHtmlCacheBehavior [ RunTime:0.000962s ]
INFO: [ app_begin ] --END-- [ RunTime:0.001186s ]
SQL: SELECT a.id,a.name,a.category,a.content,a.hos_id,b.name hos_name FROM hos_department a,hos_hospital b where
a.hos_id = b.id AND b.id=1 [ RunTime:0.0194s ]

[ 2016-04-22T19:56:21+08:00 ] 127.0.0.1 /MyDemo/index.php/Home/User3View/officeInfo2
INFO: [ app_init ] --START--
INFO: Run Behavior\BuildLiteBehavior [ RunTime:0.000052s ]
INFO: [ app_init ] --END-- [ RunTime:0.000816s ]
INFO: [ app_begin ] --START--
INFO: Run Behavior\ReadHtmlCacheBehavior [ RunTime:0.001090s ]
INFO: [ app_begin ] --END-- [ RunTime:0.001340s ]
SQL: SELECT *FROM hos_user2 WHERE stauts=1 AND depart_id=1 [ RunTime:0.0209s ]

[ 2016-04-22T19:56:21+08:00 ] 127.0.0.1 /MyDemo/index.php/Home/User3View/officeInfo
INFO: [ app_init ] --START--
INFO: Run Behavior\BuildLiteBehavior [ RunTime:0.000045s ]
INFO: [ app_init ] --END-- [ RunTime:0.000888s ]
INFO: [ app_begin ] --START--
INFO: Run Behavior\ReadHtmlCacheBehavior [ RunTime:0.001821s ]
INFO: [ app_begin ] --END-- [ RunTime:0.002043s ]
SQL: SELECT a.id,a.name,a.category,a.content,a.hos_id,b.name hos_name FROM hos_department a,hos_hospital b where
a.hos_id = b.id AND b.id=1 [ RunTime:0.0684s ]

[ 2016-04-22T20:18:35+08:00 ] 127.0.0.1 /MyDemo/index.php/Home/Index/login3judge
INFO: [ app_init ] --START--
INFO: Run Behavior\BuildLiteBehavior [ RunTime:0.000052s ]
INFO: [ app_init ] --END-- [ RunTime:0.000898s ]
INFO: [ app_begin ] --START--
INFO: Run Behavior\ReadHtmlCacheBehavior [ RunTime:0.001098s ]
INFO: [ app_begin ] --END-- [ RunTime:0.001367s ]
SQL: SHOW COLUMNS FROM `hos_user3` [ RunTime:0.0198s ]
SQL: SELECT `username`,`logo`,`nickname`,`phonenum`,`email`,`password`,`stauts`,`sex`,`birthday` FROM `hos_user3` WHERE `username` = 'user1' LIMIT 1   [ RunTime:0.0003s ]
SQL: UPDATE `hos_user3` SET `last_login_time`='1461327515' WHERE `username` = 'user1' [ RunTime:0.0004s ]
INFO: [ view_parse ] --START--
INFO: [ template_filter ] --START--
INFO: Run Behavior\ContentReplaceBehavior [ RunTime:0.000204s ]
INFO: [ template_filter ] --END-- [ RunTime:0.000331s ]
NOTIC: [8] Undefined variable: errors C:\WebAppDemo\MyDemo\Application\Runtime\Cache\Home\0e05e19ca18f95ce2e9db01f4efcca68.php 第 106 行.
NOTIC: [8] Undefined variable: errors C:\WebAppDemo\MyDemo\Application\Runtime\Cache\Home\0e05e19ca18f95ce2e9db01f4efcca68.php 第 131 行.
INFO: Run Behavior\ParseTemplateBehavior [ RunTime:0.032098s ]
INFO: [ view_parse ] --END-- [ RunTime:0.032218s ]
INFO: [ view_filter ] --START--
INFO: Run Behavior\WriteHtmlCacheBehavior [ RunTime:0.000471s ]
INFO: [ view_filter ] --END-- [ RunTime:0.000578s ]
INFO: [ app_end ] --START--
INFO: Run Behavior\ShowPageTraceBehavior [ RunTime:0.000697s ]
INFO: [ app_end ] --END-- [ RunTime:0.000806s ]

[ 2016-04-22T20:18:36+08:00 ] 127.0.0.1 /MyDemo/index.php/Home/User3View/hosInfo
INFO: [ app_init ] --START--
INFO: Run Behavior\BuildLiteBehavior [ RunTime:0.000048s ]
INFO: [ app_init ] --END-- [ RunTime:0.000874s ]
INFO: [ app_begin ] --START--
INFO: Run Behavior\ReadHtmlCacheBehavior [ RunTime:0.001157s ]
INFO: [ app_begin ] --END-- [ RunTime:0.001395s ]
SQL: select * from hos_hospital [ RunTime:0.0011s ]

[ 2016-04-22T20:18:41+08:00 ] 127.0.0.1 /MyDemo/index.php/Home/User3View/officeInfo
INFO: [ app_init ] --START--
INFO: Run Behavior\BuildLiteBehavior [ RunTime:0.000026s ]
INFO: [ app_init ] --END-- [ RunTime:0.000468s ]
INFO: [ app_begin ] --START--
INFO: Run Behavior\ReadHtmlCacheBehavior [ RunTime:0.000637s ]
INFO: [ app_begin ] --END-- [ RunTime:0.000732s ]
SQL: SELECT a.id,a.name,a.category,a.content,a.hos_id,b.name hos_name FROM hos_department a,hos_hospital b where
a.hos_id = b.id AND b.id=1 [ RunTime:0.0007s ]

[ 2016-04-22T20:18:44+08:00 ] 127.0.0.1 /MyDemo/index.php/Home/User3View/officeInfo2
INFO: [ app_init ] --START--
INFO: Run Behavior\BuildLiteBehavior [ RunTime:0.000028s ]
INFO: [ app_init ] --END-- [ RunTime:0.000428s ]
INFO: [ app_begin ] --START--
INFO: Run Behavior\ReadHtmlCacheBehavior [ RunTime:0.000893s ]
INFO: [ app_begin ] --END-- [ RunTime:0.001052s ]
SQL: SELECT *FROM hos_user2 WHERE stauts=1 AND depart_id=1 [ RunTime:0.0006s ]

[ 2016-04-22T20:18:44+08:00 ] 127.0.0.1 /MyDemo/index.php/Home/User3View/officeInfo
INFO: [ app_init ] --START--
INFO: Run Behavior\BuildLiteBehavior [ RunTime:0.000027s ]
INFO: [ app_init ] --END-- [ RunTime:0.000425s ]
INFO: [ app_begin ] --START--
INFO: Run Behavior\ReadHtmlCacheBehavior [ RunTime:0.000868s ]
INFO: [ app_begin ] --END-- [ RunTime:0.001081s ]
SQL: SELECT a.id,a.name,a.category,a.content,a.hos_id,b.name hos_name FROM hos_department a,hos_hospital b where
a.hos_id = b.id AND b.id=1 [ RunTime:0.0008s ]

[ 2016-04-22T20:22:13+08:00 ] 127.0.0.1 /MyDemo/index.php/Home/Index/login3judge
INFO: [ app_init ] --START--
INFO: Run Behavior\BuildLiteBehavior [ RunTime:0.000052s ]
INFO: [ app_init ] --END-- [ RunTime:0.000982s ]
INFO: [ app_begin ] --START--
INFO: Run Behavior\ReadHtmlCacheBehavior [ RunTime:0.001240s ]
INFO: [ app_begin ] --END-- [ RunTime:0.001504s ]
SQL: SHOW COLUMNS FROM `hos_user3` [ RunTime:0.0259s ]
SQL: SELECT `username`,`logo`,`nickname`,`phonenum`,`email`,`password`,`stauts`,`sex`,`birthday` FROM `hos_user3` WHERE `username` = 'user1' LIMIT 1   [ RunTime:0.0004s ]
SQL: UPDATE `hos_user3` SET `last_login_time`='1461327733' WHERE `username` = 'user1' [ RunTime:0.0004s ]
INFO: [ view_parse ] --START--
INFO: [ template_filter ] --START--
INFO: Run Behavior\ContentReplaceBehavior [ RunTime:0.000195s ]
INFO: [ template_filter ] --END-- [ RunTime:0.000323s ]
NOTIC: [8] Undefined variable: errors C:\WebAppDemo\MyDemo\Application\Runtime\Cache\Home\0e05e19ca18f95ce2e9db01f4efcca68.php 第 106 行.
NOTIC: [8] Undefined variable: errors C:\WebAppDemo\MyDemo\Application\Runtime\Cache\Home\0e05e19ca18f95ce2e9db01f4efcca68.php 第 131 行.
INFO: Run Behavior\ParseTemplateBehavior [ RunTime:0.030217s ]
INFO: [ view_parse ] --END-- [ RunTime:0.030401s ]
INFO: [ view_filter ] --START--
INFO: Run Behavior\WriteHtmlCacheBehavior [ RunTime:0.000438s ]
INFO: [ view_filter ] --END-- [ RunTime:0.000544s ]
INFO: [ app_end ] --START--
INFO: Run Behavior\ShowPageTraceBehavior [ RunTime:0.000802s ]
INFO: [ app_end ] --END-- [ RunTime:0.000980s ]

[ 2016-04-22T20:22:14+08:00 ] 127.0.0.1 /MyDemo/index.php/Home/User3View/hosInfo
INFO: [ app_init ] --START--
INFO: Run Behavior\BuildLiteBehavior [ RunTime:0.000073s ]
INFO: [ app_init ] --END-- [ RunTime:0.001324s ]
INFO: [ app_begin ] --START--
INFO: Run Behavior\ReadHtmlCacheBehavior [ RunTime:0.001349s ]
INFO: [ app_begin ] --END-- [ RunTime:0.001600s ]
SQL: select * from hos_hospital [ RunTime:0.0163s ]

[ 2016-04-22T20:22:16+08:00 ] 127.0.0.1 /MyDemo/index.php/Home/User3View/hosInfo
INFO: [ app_init ] --START--
INFO: Run Behavior\BuildLiteBehavior [ RunTime:0.000026s ]
INFO: [ app_init ] --END-- [ RunTime:0.000395s ]
INFO: [ app_begin ] --START--
INFO: Run Behavior\ReadHtmlCacheBehavior [ RunTime:0.000604s ]
INFO: [ app_begin ] --END-- [ RunTime:0.000744s ]
SQL: select * from hos_hospital [ RunTime:0.0007s ]

[ 2016-04-22T20:22:19+08:00 ] 127.0.0.1 /MyDemo/index.php/Home/User3View/hosInfo
INFO: [ app_init ] --START--
INFO: Run Behavior\BuildLiteBehavior [ RunTime:0.000030s ]
INFO: [ app_init ] --END-- [ RunTime:0.000481s ]
INFO: [ app_begin ] --START--
INFO: Run Behavior\ReadHtmlCacheBehavior [ RunTime:0.000600s ]
INFO: [ app_begin ] --END-- [ RunTime:0.000725s ]
SQL: select * from hos_hospital [ RunTime:0.0007s ]

[ 2016-04-22T20:22:21+08:00 ] 127.0.0.1 /MyDemo/index.php/Home/User3View/officeInfo
INFO: [ app_init ] --START--
INFO: Run Behavior\BuildLiteBehavior [ RunTime:0.000030s ]
INFO: [ app_init ] --END-- [ RunTime:0.000482s ]
INFO: [ app_begin ] --START--
INFO: Run Behavior\ReadHtmlCacheBehavior [ RunTime:0.000511s ]
INFO: [ app_begin ] --END-- [ RunTime:0.000611s ]
SQL: SELECT a.id,a.name,a.category,a.content,a.hos_id,b.name hos_name FROM hos_department a,hos_hospital b where
a.hos_id = b.id AND b.id=1 [ RunTime:0.0008s ]

[ 2016-04-22T20:22:23+08:00 ] 127.0.0.1 /MyDemo/index.php/Home/User3View/officeInfo2
INFO: [ app_init ] --START--
INFO: Run Behavior\BuildLiteBehavior [ RunTime:0.000025s ]
INFO: [ app_init ] --END-- [ RunTime:0.000396s ]
INFO: [ app_begin ] --START--
INFO: Run Behavior\ReadHtmlCacheBehavior [ RunTime:0.000494s ]
INFO: [ app_begin ] --END-- [ RunTime:0.000587s ]
SQL: SELECT *FROM hos_user2 WHERE stauts=1 AND depart_id=1 [ RunTime:0.0006s ]

[ 2016-04-22T20:22:23+08:00 ] 127.0.0.1 /MyDemo/index.php/Home/User3View/officeInfo
INFO: [ app_init ] --START--
INFO: Run Behavior\BuildLiteBehavior [ RunTime:0.000024s ]
INFO: [ app_init ] --END-- [ RunTime:0.000391s ]
INFO: [ app_begin ] --START--
INFO: Run Behavior\ReadHtmlCacheBehavior [ RunTime:0.000644s ]
INFO: [ app_begin ] --END-- [ RunTime:0.000797s ]
SQL: SELECT a.id,a.name,a.category,a.content,a.hos_id,b.name hos_name FROM hos_department a,hos_hospital b where
a.hos_id = b.id AND b.id=1 [ RunTime:0.0007s ]

[ 2016-04-22T20:26:42+08:00 ] 127.0.0.1 /MyDemo/index.php/Home/Index/login3judge
INFO: [ app_init ] --START--
INFO: Run Behavior\BuildLiteBehavior [ RunTime:0.000049s ]
INFO: [ app_init ] --END-- [ RunTime:0.000828s ]
INFO: [ app_begin ] --START--
INFO: Run Behavior\ReadHtmlCacheBehavior [ RunTime:0.001098s ]
INFO: [ app_begin ] --END-- [ RunTime:0.001306s ]
SQL: SHOW COLUMNS FROM `hos_user3` [ RunTime:0.0328s ]
SQL: SELECT `username`,`logo`,`nickname`,`phonenum`,`email`,`password`,`stauts`,`sex`,`birthday` FROM `hos_user3` WHERE `username` = 'user1' LIMIT 1   [ RunTime:0.0008s ]
SQL: UPDATE `hos_user3` SET `last_login_time`='1461328002' WHERE `username` = 'user1' [ RunTime:0.0011s ]
INFO: [ view_parse ] --START--
INFO: [ template_filter ] --START--
INFO: Run Behavior\ContentReplaceBehavior [ RunTime:0.000209s ]
INFO: [ template_filter ] --END-- [ RunTime:0.000355s ]
NOTIC: [8] Undefined variable: errors C:\WebAppDemo\MyDemo\Application\Runtime\Cache\Home\0e05e19ca18f95ce2e9db01f4efcca68.php 第 106 行.
NOTIC: [8] Undefined variable: errors C:\WebAppDemo\MyDemo\Application\Runtime\Cache\Home\0e05e19ca18f95ce2e9db01f4efcca68.php 第 131 行.
INFO: Run Behavior\ParseTemplateBehavior [ RunTime:0.039146s ]
INFO: [ view_parse ] --END-- [ RunTime:0.039298s ]
INFO: [ view_filter ] --START--
INFO: Run Behavior\WriteHtmlCacheBehavior [ RunTime:0.000421s ]
INFO: [ view_filter ] --END-- [ RunTime:0.000527s ]
INFO: [ app_end ] --START--
INFO: Run Behavior\ShowPageTraceBehavior [ RunTime:0.000687s ]
INFO: [ app_end ] --END-- [ RunTime:0.000803s ]

[ 2016-04-22T20:26:43+08:00 ] 127.0.0.1 /MyDemo/index.php/Home/User3View/hosInfo
INFO: [ app_init ] --START--
INFO: Run Behavior\BuildLiteBehavior [ RunTime:0.000046s ]
INFO: [ app_init ] --END-- [ RunTime:0.000788s ]
INFO: [ app_begin ] --START--
INFO: Run Behavior\ReadHtmlCacheBehavior [ RunTime:0.001121s ]
INFO: [ app_begin ] --END-- [ RunTime:0.001364s ]
SQL: select * from hos_hospital [ RunTime:0.0066s ]

[ 2016-04-22T20:26:45+08:00 ] 127.0.0.1 /MyDemo/index.php/Home/User3View/officeInfo
INFO: [ app_init ] --START--
INFO: Run Behavior\BuildLiteBehavior [ RunTime:0.000028s ]
INFO: [ app_init ] --END-- [ RunTime:0.000440s ]
INFO: [ app_begin ] --START--
INFO: Run Behavior\ReadHtmlCacheBehavior [ RunTime:0.000567s ]
INFO: [ app_begin ] --END-- [ RunTime:0.000683s ]
SQL: SELECT a.id,a.name,a.category,a.content,a.hos_id,b.name hos_name FROM hos_department a,hos_hospital b where
a.hos_id = b.id AND b.id=1 [ RunTime:0.0017s ]

[ 2016-04-22T20:26:46+08:00 ] 127.0.0.1 /MyDemo/index.php/Home/User3View/officeInfo2
INFO: [ app_init ] --START--
INFO: Run Behavior\BuildLiteBehavior [ RunTime:0.000031s ]
INFO: [ app_init ] --END-- [ RunTime:0.000482s ]
INFO: [ app_begin ] --START--
INFO: Run Behavior\ReadHtmlCacheBehavior [ RunTime:0.000645s ]
INFO: [ app_begin ] --END-- [ RunTime:0.000764s ]
SQL: SELECT *FROM hos_user2 WHERE stauts=1 AND depart_id=1 [ RunTime:0.0014s ]

[ 2016-04-22T20:26:46+08:00 ] 127.0.0.1 /MyDemo/index.php/Home/User3View/officeInfo
INFO: [ app_init ] --START--
INFO: Run Behavior\BuildLiteBehavior [ RunTime:0.000026s ]
INFO: [ app_init ] --END-- [ RunTime:0.000389s ]
INFO: [ app_begin ] --START--
INFO: Run Behavior\ReadHtmlCacheBehavior [ RunTime:0.000493s ]
INFO: [ app_begin ] --END-- [ RunTime:0.000606s ]
SQL: SELECT a.id,a.name,a.category,a.content,a.hos_id,b.name hos_name FROM hos_department a,hos_hospital b where
a.hos_id = b.id AND b.id=1 [ RunTime:0.0007s ]

[ 2016-04-22T20:33:04+08:00 ] 127.0.0.1 /MyDemo/index.php/Home/Index/login3judge
INFO: [ app_init ] --START--
INFO: Run Behavior\BuildLiteBehavior [ RunTime:0.000044s ]
INFO: [ app_init ] --END-- [ RunTime:0.000764s ]
INFO: [ app_begin ] --START--
INFO: Run Behavior\ReadHtmlCacheBehavior [ RunTime:0.001041s ]
INFO: [ app_begin ] --END-- [ RunTime:0.001231s ]
SQL: SHOW COLUMNS FROM `hos_user3` [ RunTime:0.0244s ]
SQL: SELECT `username`,`logo`,`nickname`,`phonenum`,`email`,`password`,`stauts`,`sex`,`birthday` FROM `hos_user3` WHERE `username` = 'user1' LIMIT 1   [ RunTime:0.0005s ]
SQL: UPDATE `hos_user3` SET `last_login_time`='1461328384' WHERE `username` = 'user1' [ RunTime:0.0005s ]
INFO: [ view_parse ] --START--
INFO: [ template_filter ] --START--
INFO: Run Behavior\ContentReplaceBehavior [ RunTime:0.000287s ]
INFO: [ template_filter ] --END-- [ RunTime:0.000537s ]
NOTIC: [8] Undefined variable: errors C:\WebAppDemo\MyDemo\Application\Runtime\Cache\Home\0e05e19ca18f95ce2e9db01f4efcca68.php 第 106 行.
NOTIC: [8] Undefined variable: errors C:\WebAppDemo\MyDemo\Application\Runtime\Cache\Home\0e05e19ca18f95ce2e9db01f4efcca68.php 第 131 行.
INFO: Run Behavior\ParseTemplateBehavior [ RunTime:0.027327s ]
INFO: [ view_parse ] --END-- [ RunTime:0.027446s ]
INFO: [ view_filter ] --START--
INFO: Run Behavior\WriteHtmlCacheBehavior [ RunTime:0.000393s ]
INFO: [ view_filter ] --END-- [ RunTime:0.000513s ]
INFO: [ app_end ] --START--
INFO: Run Behavior\ShowPageTraceBehavior [ RunTime:0.000871s ]
INFO: [ app_end ] --END-- [ RunTime:0.000993s ]

[ 2016-04-22T20:33:05+08:00 ] 127.0.0.1 /MyDemo/index.php/Home/User3View/hosInfo
INFO: [ app_init ] --START--
INFO: Run Behavior\BuildLiteBehavior [ RunTime:0.000049s ]
INFO: [ app_init ] --END-- [ RunTime:0.000821s ]
INFO: [ app_begin ] --START--
INFO: Run Behavior\ReadHtmlCacheBehavior [ RunTime:0.001031s ]
INFO: [ app_begin ] --END-- [ RunTime:0.001286s ]
SQL: select * from hos_hospital [ RunTime:0.0290s ]

[ 2016-04-22T20:33:12+08:00 ] 127.0.0.1 /MyDemo/index.php/Home/User3View/officeInfo
INFO: [ app_init ] --START--
INFO: Run Behavior\BuildLiteBehavior [ RunTime:0.000032s ]
INFO: [ app_init ] --END-- [ RunTime:0.000483s ]
INFO: [ app_begin ] --START--
INFO: Run Behavior\ReadHtmlCacheBehavior [ RunTime:0.000615s ]
INFO: [ app_begin ] --END-- [ RunTime:0.000731s ]
SQL: SELECT a.id,a.name,a.category,a.content,a.hos_id,b.name hos_name FROM hos_department a,hos_hospital b where
a.hos_id = b.id AND b.id=1 [ RunTime:0.0008s ]

[ 2016-04-22T20:33:13+08:00 ] 127.0.0.1 /MyDemo/index.php/Home/User3View/officeInfo2
INFO: [ app_init ] --START--
INFO: Run Behavior\BuildLiteBehavior [ RunTime:0.000026s ]
INFO: [ app_init ] --END-- [ RunTime:0.000391s ]
INFO: [ app_begin ] --START--
INFO: Run Behavior\ReadHtmlCacheBehavior [ RunTime:0.000627s ]
INFO: [ app_begin ] --END-- [ RunTime:0.000731s ]
SQL: SELECT *FROM hos_user2 WHERE stauts=1 AND depart_id=1 [ RunTime:0.0005s ]

[ 2016-04-22T20:33:13+08:00 ] 127.0.0.1 /MyDemo/index.php/Home/User3View/officeInfo
INFO: [ app_init ] --START--
INFO: Run Behavior\BuildLiteBehavior [ RunTime:0.000028s ]
INFO: [ app_init ] --END-- [ RunTime:0.000448s ]
INFO: [ app_begin ] --START--
INFO: Run Behavior\ReadHtmlCacheBehavior [ RunTime:0.000500s ]
INFO: [ app_begin ] --END-- [ RunTime:0.000633s ]
SQL: SELECT a.id,a.name,a.category,a.content,a.hos_id,b.name hos_name FROM hos_department a,hos_hospital b where
a.hos_id = b.id AND b.id=1 [ RunTime:0.0007s ]

[ 2016-04-22T20:38:05+08:00 ] 127.0.0.1 /MyDemo/index.php/Home/Index/login3judge
INFO: [ app_init ] --START--
INFO: Run Behavior\BuildLiteBehavior [ RunTime:0.000055s ]
INFO: [ app_init ] --END-- [ RunTime:0.001016s ]
INFO: [ app_begin ] --START--
INFO: Run Behavior\ReadHtmlCacheBehavior [ RunTime:0.001345s ]
INFO: [ app_begin ] --END-- [ RunTime:0.001620s ]
SQL: SHOW COLUMNS FROM `hos_user3` [ RunTime:0.0259s ]
SQL: SELECT `username`,`logo`,`nickname`,`phonenum`,`email`,`password`,`stauts`,`sex`,`birthday` FROM `hos_user3` WHERE `username` = 'user1' LIMIT 1   [ RunTime:0.0006s ]
SQL: UPDATE `hos_user3` SET `last_login_time`='1461328685' WHERE `username` = 'user1' [ RunTime:0.0005s ]
INFO: [ view_parse ] --START--
INFO: [ template_filter ] --START--
INFO: Run Behavior\ContentReplaceBehavior [ RunTime:0.000260s ]
INFO: [ template_filter ] --END-- [ RunTime:0.000432s ]
NOTIC: [8] Undefined variable: errors C:\WebAppDemo\MyDemo\Application\Runtime\Cache\Home\0e05e19ca18f95ce2e9db01f4efcca68.php 第 106 行.
NOTIC: [8] Undefined variable: errors C:\WebAppDemo\MyDemo\Application\Runtime\Cache\Home\0e05e19ca18f95ce2e9db01f4efcca68.php 第 131 行.
INFO: Run Behavior\ParseTemplateBehavior [ RunTime:0.030175s ]
INFO: [ view_parse ] --END-- [ RunTime:0.030328s ]
INFO: [ view_filter ] --START--
INFO: Run Behavior\WriteHtmlCacheBehavior [ RunTime:0.000515s ]
INFO: [ view_filter ] --END-- [ RunTime:0.000649s ]
INFO: [ app_end ] --START--
INFO: Run Behavior\ShowPageTraceBehavior [ RunTime:0.000795s ]
INFO: [ app_end ] --END-- [ RunTime:0.000930s ]

[ 2016-04-22T20:38:05+08:00 ] 127.0.0.1 /MyDemo/index.php/Home/User3View/hosInfo
INFO: [ app_init ] --START--
INFO: Run Behavior\BuildLiteBehavior [ RunTime:0.000044s ]
INFO: [ app_init ] --END-- [ RunTime:0.000803s ]
INFO: [ app_begin ] --START--
INFO: Run Behavior\ReadHtmlCacheBehavior [ RunTime:0.001351s ]
INFO: [ app_begin ] --END-- [ RunTime:0.001598s ]
SQL: select * from hos_hospital [ RunTime:0.0142s ]

[ 2016-04-22T20:38:12+08:00 ] 127.0.0.1 /MyDemo/index.php/Home/User3View/officeInfo
INFO: [ app_init ] --START--
INFO: Run Behavior\BuildLiteBehavior [ RunTime:0.000025s ]
INFO: [ app_init ] --END-- [ RunTime:0.000439s ]
INFO: [ app_begin ] --START--
INFO: Run Behavior\ReadHtmlCacheBehavior [ RunTime:0.000624s ]
INFO: [ app_begin ] --END-- [ RunTime:0.000729s ]
SQL: SELECT a.id,a.name,a.category,a.content,a.hos_id,b.name hos_name FROM hos_department a,hos_hospital b where
a.hos_id = b.id AND b.id=1 [ RunTime:0.0007s ]

[ 2016-04-22T20:38:13+08:00 ] 127.0.0.1 /MyDemo/index.php/Home/User3View/officeInfo2
INFO: [ app_init ] --START--
INFO: Run Behavior\BuildLiteBehavior [ RunTime:0.000025s ]
INFO: [ app_init ] --END-- [ RunTime:0.000386s ]
INFO: [ app_begin ] --START--
INFO: Run Behavior\ReadHtmlCacheBehavior [ RunTime:0.000551s ]
INFO: [ app_begin ] --END-- [ RunTime:0.000662s ]
SQL: SELECT *FROM hos_user2 WHERE stauts=1 AND depart_id=1 [ RunTime:0.0005s ]

[ 2016-04-22T20:38:13+08:00 ] 127.0.0.1 /MyDemo/index.php/Home/User3View/officeInfo
INFO: [ app_init ] --START--
INFO: Run Behavior\BuildLiteBehavior [ RunTime:0.000026s ]
INFO: [ app_init ] --END-- [ RunTime:0.000419s ]
INFO: [ app_begin ] --START--
INFO: Run Behavior\ReadHtmlCacheBehavior [ RunTime:0.000496s ]
INFO: [ app_begin ] --END-- [ RunTime:0.000591s ]
SQL: SELECT a.id,a.name,a.category,a.content,a.hos_id,b.name hos_name FROM hos_department a,hos_hospital b where
a.hos_id = b.id AND b.id=1 [ RunTime:0.0007s ]

[ 2016-04-22T20:40:28+08:00 ] 127.0.0.1 /MyDemo/index.php/Home/Index/login3judge
INFO: [ app_init ] --START--
INFO: Run Behavior\BuildLiteBehavior [ RunTime:0.000041s ]
INFO: [ app_init ] --END-- [ RunTime:0.000735s ]
INFO: [ app_begin ] --START--
INFO: Run Behavior\ReadHtmlCacheBehavior [ RunTime:0.000904s ]
INFO: [ app_begin ] --END-- [ RunTime:0.001084s ]
SQL: SHOW COLUMNS FROM `hos_user3` [ RunTime:0.0236s ]
SQL: SELECT `username`,`logo`,`nickname`,`phonenum`,`email`,`password`,`stauts`,`sex`,`birthday` FROM `hos_user3` WHERE `username` = 'user1' LIMIT 1   [ RunTime:0.0005s ]
SQL: UPDATE `hos_user3` SET `last_login_time`='1461328828' WHERE `username` = 'user1' [ RunTime:0.0005s ]
INFO: [ view_parse ] --START--
INFO: [ template_filter ] --START--
INFO: Run Behavior\ContentReplaceBehavior [ RunTime:0.000219s ]
INFO: [ template_filter ] --END-- [ RunTime:0.000391s ]
NOTIC: [8] Undefined variable: errors C:\WebAppDemo\MyDemo\Application\Runtime\Cache\Home\0e05e19ca18f95ce2e9db01f4efcca68.php 第 106 行.
NOTIC: [8] Undefined variable: errors C:\WebAppDemo\MyDemo\Application\Runtime\Cache\Home\0e05e19ca18f95ce2e9db01f4efcca68.php 第 131 行.
INFO: Run Behavior\ParseTemplateBehavior [ RunTime:0.037700s ]
INFO: [ view_parse ] --END-- [ RunTime:0.037876s ]
INFO: [ view_filter ] --START--
INFO: Run Behavior\WriteHtmlCacheBehavior [ RunTime:0.000432s ]
INFO: [ view_filter ] --END-- [ RunTime:0.000539s ]
INFO: [ app_end ] --START--
INFO: Run Behavior\ShowPageTraceBehavior [ RunTime:0.000630s ]
INFO: [ app_end ] --END-- [ RunTime:0.000865s ]

[ 2016-04-22T20:40:29+08:00 ] 127.0.0.1 /MyDemo/index.php/Home/User3View/hosInfo
INFO: [ app_init ] --START--
INFO: Run Behavior\BuildLiteBehavior [ RunTime:0.000047s ]
INFO: [ app_init ] --END-- [ RunTime:0.000809s ]
INFO: [ app_begin ] --START--
INFO: Run Behavior\ReadHtmlCacheBehavior [ RunTime:0.000942s ]
INFO: [ app_begin ] --END-- [ RunTime:0.001179s ]
SQL: select * from hos_hospital [ RunTime:0.0011s ]

[ 2016-04-22T20:40:39+08:00 ] 127.0.0.1 /MyDemo/index.php/Home/User3View/officeInfo
INFO: [ app_init ] --START--
INFO: Run Behavior\BuildLiteBehavior [ RunTime:0.000028s ]
INFO: [ app_init ] --END-- [ RunTime:0.000477s ]
INFO: [ app_begin ] --START--
INFO: Run Behavior\ReadHtmlCacheBehavior [ RunTime:0.000600s ]
INFO: [ app_begin ] --END-- [ RunTime:0.000722s ]
SQL: SELECT a.id,a.name,a.category,a.content,a.hos_id,b.name hos_name FROM hos_department a,hos_hospital b where
a.hos_id = b.id AND b.id=1 [ RunTime:0.0007s ]

[ 2016-04-22T20:40:40+08:00 ] 127.0.0.1 /MyDemo/index.php/Home/User3View/officeInfo2
INFO: [ app_init ] --START--
INFO: Run Behavior\BuildLiteBehavior [ RunTime:0.000024s ]
INFO: [ app_init ] --END-- [ RunTime:0.000407s ]
INFO: [ app_begin ] --START--
INFO: Run Behavior\ReadHtmlCacheBehavior [ RunTime:0.000597s ]
INFO: [ app_begin ] --END-- [ RunTime:0.000731s ]
SQL: SELECT *FROM hos_user2 WHERE stauts=1 AND depart_id=1 [ RunTime:0.0005s ]

[ 2016-04-22T20:40:40+08:00 ] 127.0.0.1 /MyDemo/index.php/Home/User3View/officeInfo
INFO: [ app_init ] --START--
INFO: Run Behavior\BuildLiteBehavior [ RunTime:0.000026s ]
INFO: [ app_init ] --END-- [ RunTime:0.000409s ]
INFO: [ app_begin ] --START--
INFO: Run Behavior\ReadHtmlCacheBehavior [ RunTime:0.000487s ]
INFO: [ app_begin ] --END-- [ RunTime:0.000594s ]
SQL: SELECT a.id,a.name,a.category,a.content,a.hos_id,b.name hos_name FROM hos_department a,hos_hospital b where
a.hos_id = b.id AND b.id=1 [ RunTime:0.0007s ]

[ 2016-04-22T20:42:19+08:00 ] 127.0.0.1 /MyDemo/index.php/Home/Index/login3judge
INFO: [ app_init ] --START--
INFO: Run Behavior\BuildLiteBehavior [ RunTime:0.000032s ]
INFO: [ app_init ] --END-- [ RunTime:0.000711s ]
INFO: [ app_begin ] --START--
INFO: Run Behavior\ReadHtmlCacheBehavior [ RunTime:0.000725s ]
INFO: [ app_begin ] --END-- [ RunTime:0.000866s ]
SQL: SHOW COLUMNS FROM `hos_user3` [ RunTime:0.0220s ]
SQL: SELECT `username`,`logo`,`nickname`,`phonenum`,`email`,`password`,`stauts`,`sex`,`birthday` FROM `hos_user3` WHERE `username` = 'user1' LIMIT 1   [ RunTime:0.0004s ]
SQL: UPDATE `hos_user3` SET `last_login_time`='1461328939' WHERE `username` = 'user1' [ RunTime:0.0004s ]
INFO: [ view_parse ] --START--
INFO: [ template_filter ] --START--
INFO: Run Behavior\ContentReplaceBehavior [ RunTime:0.000205s ]
INFO: [ template_filter ] --END-- [ RunTime:0.000343s ]
NOTIC: [8] Undefined variable: errors C:\WebAppDemo\MyDemo\Application\Runtime\Cache\Home\0e05e19ca18f95ce2e9db01f4efcca68.php 第 106 行.
NOTIC: [8] Undefined variable: errors C:\WebAppDemo\MyDemo\Application\Runtime\Cache\Home\0e05e19ca18f95ce2e9db01f4efcca68.php 第 131 行.
INFO: Run Behavior\ParseTemplateBehavior [ RunTime:0.024730s ]
INFO: [ view_parse ] --END-- [ RunTime:0.024899s ]
INFO: [ view_filter ] --START--
INFO: Run Behavior\WriteHtmlCacheBehavior [ RunTime:0.000498s ]
INFO: [ view_filter ] --END-- [ RunTime:0.000615s ]
INFO: [ app_end ] --START--
INFO: Run Behavior\ShowPageTraceBehavior [ RunTime:0.000815s ]
INFO: [ app_end ] --END-- [ RunTime:0.000937s ]

[ 2016-04-22T20:42:19+08:00 ] 127.0.0.1 /MyDemo/index.php/Home/User3View/hosInfo
INFO: [ app_init ] --START--
INFO: Run Behavior\BuildLiteBehavior [ RunTime:0.000051s ]
INFO: [ app_init ] --END-- [ RunTime:0.000828s ]
INFO: [ app_begin ] --START--
INFO: Run Behavior\ReadHtmlCacheBehavior [ RunTime:0.001085s ]
INFO: [ app_begin ] --END-- [ RunTime:0.001337s ]
SQL: select * from hos_hospital [ RunTime:0.0011s ]

[ 2016-04-22T20:42:25+08:00 ] 127.0.0.1 /MyDemo/index.php/Home/User3View/officeInfo
INFO: [ app_init ] --START--
INFO: Run Behavior\BuildLiteBehavior [ RunTime:0.000030s ]
INFO: [ app_init ] --END-- [ RunTime:0.000478s ]
INFO: [ app_begin ] --START--
INFO: Run Behavior\ReadHtmlCacheBehavior [ RunTime:0.000604s ]
INFO: [ app_begin ] --END-- [ RunTime:0.000723s ]
SQL: SELECT a.id,a.name,a.category,a.content,a.hos_id,b.name hos_name FROM hos_department a,hos_hospital b where
a.hos_id = b.id AND b.id=1 [ RunTime:0.0007s ]

[ 2016-04-22T20:42:26+08:00 ] 127.0.0.1 /MyDemo/index.php/Home/User3View/officeInfo2
INFO: [ app_init ] --START--
INFO: Run Behavior\BuildLiteBehavior [ RunTime:0.000040s ]
INFO: [ app_init ] --END-- [ RunTime:0.000424s ]
INFO: [ app_begin ] --START--
INFO: Run Behavior\ReadHtmlCacheBehavior [ RunTime:0.000493s ]
INFO: [ app_begin ] --END-- [ RunTime:0.000586s ]
SQL: SELECT *FROM hos_user2 WHERE stauts=1 AND depart_id=1 [ RunTime:0.0005s ]

[ 2016-04-22T20:42:26+08:00 ] 127.0.0.1 /MyDemo/index.php/Home/User3View/officeInfo
INFO: [ app_init ] --START--
INFO: Run Behavior\BuildLiteBehavior [ RunTime:0.000049s ]
INFO: [ app_init ] --END-- [ RunTime:0.000778s ]
INFO: [ app_begin ] --START--
INFO: Run Behavior\ReadHtmlCacheBehavior [ RunTime:0.000907s ]
INFO: [ app_begin ] --END-- [ RunTime:0.001101s ]
SQL: SELECT a.id,a.name,a.category,a.content,a.hos_id,b.name hos_name FROM hos_department a,hos_hospital b where
a.hos_id = b.id AND b.id=1 [ RunTime:0.0008s ]

[ 2016-04-22T20:48:09+08:00 ] 127.0.0.1 /MyDemo/index.php/Home/Index/login3judge
INFO: [ app_init ] --START--
INFO: Run Behavior\BuildLiteBehavior [ RunTime:0.000067s ]
INFO: [ app_init ] --END-- [ RunTime:0.001128s ]
INFO: [ app_begin ] --START--
INFO: Run Behavior\ReadHtmlCacheBehavior [ RunTime:0.001043s ]
INFO: [ app_begin ] --END-- [ RunTime:0.001242s ]
SQL: SHOW COLUMNS FROM `hos_user3` [ RunTime:0.0259s ]
SQL: SELECT `username`,`logo`,`nickname`,`phonenum`,`email`,`password`,`stauts`,`sex`,`birthday` FROM `hos_user3` WHERE `username` = 'user1' LIMIT 1   [ RunTime:0.0004s ]
SQL: UPDATE `hos_user3` SET `last_login_time`='1461329289' WHERE `username` = 'user1' [ RunTime:0.0005s ]
INFO: [ view_parse ] --START--
INFO: [ template_filter ] --START--
INFO: Run Behavior\ContentReplaceBehavior [ RunTime:0.000192s ]
INFO: [ template_filter ] --END-- [ RunTime:0.000327s ]
NOTIC: [8] Undefined variable: errors C:\WebAppDemo\MyDemo\Application\Runtime\Cache\Home\0e05e19ca18f95ce2e9db01f4efcca68.php 第 106 行.
NOTIC: [8] Undefined variable: errors C:\WebAppDemo\MyDemo\Application\Runtime\Cache\Home\0e05e19ca18f95ce2e9db01f4efcca68.php 第 131 行.
INFO: Run Behavior\ParseTemplateBehavior [ RunTime:0.023376s ]
INFO: [ view_parse ] --END-- [ RunTime:0.023495s ]
INFO: [ view_filter ] --START--
INFO: Run Behavior\WriteHtmlCacheBehavior [ RunTime:0.000439s ]
INFO: [ view_filter ] --END-- [ RunTime:0.000547s ]
INFO: [ app_end ] --START--
INFO: Run Behavior\ShowPageTraceBehavior [ RunTime:0.000649s ]
INFO: [ app_end ] --END-- [ RunTime:0.000758s ]

[ 2016-04-22T20:48:09+08:00 ] 127.0.0.1 /MyDemo/index.php/Home/User3View/hosInfo
INFO: [ app_init ] --START--
INFO: Run Behavior\BuildLiteBehavior [ RunTime:0.000049s ]
INFO: [ app_init ] --END-- [ RunTime:0.000823s ]
INFO: [ app_begin ] --START--
INFO: Run Behavior\ReadHtmlCacheBehavior [ RunTime:0.001324s ]
INFO: [ app_begin ] --END-- [ RunTime:0.001640s ]
SQL: select * from hos_hospital [ RunTime:0.0011s ]

[ 2016-04-22T20:48:13+08:00 ] 127.0.0.1 /MyDemo/index.php/Home/User3View/officeInfo
INFO: [ app_init ] --START--
INFO: Run Behavior\BuildLiteBehavior [ RunTime:0.000025s ]
INFO: [ app_init ] --END-- [ RunTime:0.000391s ]
INFO: [ app_begin ] --START--
INFO: Run Behavior\ReadHtmlCacheBehavior [ RunTime:0.000518s ]
INFO: [ app_begin ] --END-- [ RunTime:0.000610s ]
SQL: SELECT a.id,a.name,a.category,a.content,a.hos_id,b.name hos_name FROM hos_department a,hos_hospital b where
a.hos_id = b.id AND b.id=1 [ RunTime:0.0007s ]

[ 2016-04-22T20:48:15+08:00 ] 127.0.0.1 /MyDemo/index.php/Home/User3View/officeInfo2
INFO: [ app_init ] --START--
INFO: Run Behavior\BuildLiteBehavior [ RunTime:0.000026s ]
INFO: [ app_init ] --END-- [ RunTime:0.000434s ]
INFO: [ app_begin ] --START--
INFO: Run Behavior\ReadHtmlCacheBehavior [ RunTime:0.000569s ]
INFO: [ app_begin ] --END-- [ RunTime:0.000699s ]
SQL: SELECT *FROM hos_user2 WHERE stauts=1 AND depart_id=1 [ RunTime:0.0006s ]

[ 2016-04-22T20:48:15+08:00 ] 127.0.0.1 /MyDemo/index.php/Home/User3View/officeInfo
INFO: [ app_init ] --START--
INFO: Run Behavior\BuildLiteBehavior [ RunTime:0.000041s ]
INFO: [ app_init ] --END-- [ RunTime:0.000552s ]
INFO: [ app_begin ] --START--
INFO: Run Behavior\ReadHtmlCacheBehavior [ RunTime:0.000593s ]
INFO: [ app_begin ] --END-- [ RunTime:0.000720s ]
SQL: SELECT a.id,a.name,a.category,a.content,a.hos_id,b.name hos_name FROM hos_department a,hos_hospital b where
a.hos_id = b.id AND b.id=1 [ RunTime:0.0007s ]

