[ 2016-04-26T22:22:58+08:00 ] 127.0.0.1 /MyDemo/
INFO: [ app_init ] --START--
INFO: Run Behavior\BuildLiteBehavior [ RunTime:0.000046s ]
INFO: [ app_init ] --END-- [ RunTime:0.010467s ]
INFO: [ app_begin ] --START--
INFO: Run Behavior\ReadHtmlCacheBehavior [ RunTime:0.009615s ]
INFO: [ app_begin ] --END-- [ RunTime:0.009770s ]
SQL: SHOW COLUMNS FROM `hos_user3` [ RunTime:0.0215s ]
SQL: SHOW COLUMNS FROM `hos_hospital` [ RunTime:0.0206s ]
SQL: SELECT COUNT(*) AS tp_count FROM `hos_user3` LIMIT 1   [ RunTime:0.0011s ]
SQL: SELECT COUNT(*) AS tp_count FROM `hos_hospital` LIMIT 1   [ RunTime:0.0002s ]
INFO: [ view_parse ] --START--
INFO: [ template_filter ] --START--
INFO: Run Behavior\ContentReplaceBehavior [ RunTime:0.000606s ]
INFO: [ template_filter ] --END-- [ RunTime:0.000749s ]
INFO: Run Behavior\ParseTemplateBehavior [ RunTime:0.100029s ]
INFO: [ view_parse ] --END-- [ RunTime:0.100188s ]
INFO: [ view_filter ] --START--
INFO: Run Behavior\WriteHtmlCacheBehavior [ RunTime:0.006784s ]
INFO: [ view_filter ] --END-- [ RunTime:0.006920s ]
INFO: [ app_end ] --START--
INFO: Run Behavior\ShowPageTraceBehavior [ RunTime:0.006864s ]
INFO: [ app_end ] --END-- [ RunTime:0.006999s ]

[ 2016-04-26T22:23:00+08:00 ] 127.0.0.1 /MyDemo/index.php/Home/Index/login3
INFO: [ app_init ] --START--
INFO: Run Behavior\BuildLiteBehavior [ RunTime:0.000052s ]
INFO: [ app_init ] --END-- [ RunTime:0.000779s ]
INFO: [ app_begin ] --START--
INFO: Run Behavior\ReadHtmlCacheBehavior [ RunTime:0.000791s ]
INFO: [ app_begin ] --END-- [ RunTime:0.000943s ]
INFO: [ view_parse ] --START--
INFO: [ template_filter ] --START--
INFO: Run Behavior\ContentReplaceBehavior [ RunTime:0.000083s ]
INFO: [ template_filter ] --END-- [ RunTime:0.000212s ]
INFO: Run Behavior\ParseTemplateBehavior [ RunTime:0.025979s ]
INFO: [ view_parse ] --END-- [ RunTime:0.026139s ]
INFO: [ view_filter ] --START--
INFO: Run Behavior\WriteHtmlCacheBehavior [ RunTime:0.000418s ]
INFO: [ view_filter ] --END-- [ RunTime:0.000527s ]
INFO: [ app_end ] --START--
INFO: Run Behavior\ShowPageTraceBehavior [ RunTime:0.000666s ]
INFO: [ app_end ] --END-- [ RunTime:0.000794s ]

[ 2016-04-26T22:23:05+08:00 ] 127.0.0.1 /MyDemo/index.php/Home/Index/login3judge
INFO: [ app_init ] --START--
INFO: Run Behavior\BuildLiteBehavior [ RunTime:0.000028s ]
INFO: [ app_init ] --END-- [ RunTime:0.000459s ]
INFO: [ app_begin ] --START--
INFO: Run Behavior\ReadHtmlCacheBehavior [ RunTime:0.000839s ]
INFO: [ app_begin ] --END-- [ RunTime:0.001020s ]
SQL: SHOW COLUMNS FROM `hos_user3` [ RunTime:0.0164s ]
SQL: SELECT `username`,`logo`,`nickname`,`phonenum`,`email`,`password`,`stauts`,`sex`,`birthday` FROM `hos_user3` WHERE `username` = 'user1' LIMIT 1   [ RunTime:0.0005s ]
SQL: UPDATE `hos_user3` SET `last_login_time`='1461680585' WHERE `username` = 'user1' [ RunTime:0.0047s ]
INFO: [ view_parse ] --START--
INFO: [ template_filter ] --START--
INFO: Run Behavior\ContentReplaceBehavior [ RunTime:0.000316s ]
INFO: [ template_filter ] --END-- [ RunTime:0.000502s ]
NOTIC: [8] Undefined variable: errors C:\WebAppDemo\MyDemo\Application\Runtime\Cache\Home\0e05e19ca18f95ce2e9db01f4efcca68.php 第 167 行.
NOTIC: [8] Undefined variable: errors C:\WebAppDemo\MyDemo\Application\Runtime\Cache\Home\0e05e19ca18f95ce2e9db01f4efcca68.php 第 192 行.
INFO: Run Behavior\ParseTemplateBehavior [ RunTime:0.028085s ]
INFO: [ view_parse ] --END-- [ RunTime:0.028265s ]
INFO: [ view_filter ] --START--
INFO: Run Behavior\WriteHtmlCacheBehavior [ RunTime:0.000370s ]
INFO: [ view_filter ] --END-- [ RunTime:0.000484s ]
INFO: [ app_end ] --START--
INFO: Run Behavior\ShowPageTraceBehavior [ RunTime:0.000570s ]
INFO: [ app_end ] --END-- [ RunTime:0.000678s ]

[ 2016-04-26T22:23:06+08:00 ] 127.0.0.1 /MyDemo/index.php/Home/User3View/hosInfo
INFO: [ app_init ] --START--
INFO: Run Behavior\BuildLiteBehavior [ RunTime:0.000029s ]
INFO: [ app_init ] --END-- [ RunTime:0.000566s ]
INFO: [ app_begin ] --START--
INFO: Run Behavior\ReadHtmlCacheBehavior [ RunTime:0.000685s ]
INFO: [ app_begin ] --END-- [ RunTime:0.000815s ]
SQL: select * from hos_hospital [ RunTime:0.0011s ]

[ 2016-04-26T22:23:08+08:00 ] 127.0.0.1 /MyDemo/index.php/Home/User3View/officeInfo
INFO: [ app_init ] --START--
INFO: Run Behavior\BuildLiteBehavior [ RunTime:0.000032s ]
INFO: [ app_init ] --END-- [ RunTime:0.000537s ]
INFO: [ app_begin ] --START--
INFO: Run Behavior\ReadHtmlCacheBehavior [ RunTime:0.000596s ]
INFO: [ app_begin ] --END-- [ RunTime:0.000714s ]
SQL: SELECT a.id,a.name,a.category,a.content,a.hos_id,b.name hos_name FROM hos_department a,hos_hospital b where
a.hos_id = b.id AND b.id=1 [ RunTime:0.0156s ]

[ 2016-04-26T22:23:13+08:00 ] 127.0.0.1 /MyDemo/index.php/Home/User3View/officeInfo2
INFO: [ app_init ] --START--
INFO: Run Behavior\BuildLiteBehavior [ RunTime:0.000027s ]
INFO: [ app_init ] --END-- [ RunTime:0.000431s ]
INFO: [ app_begin ] --START--
INFO: Run Behavior\ReadHtmlCacheBehavior [ RunTime:0.000497s ]
INFO: [ app_begin ] --END-- [ RunTime:0.000592s ]
SQL: SELECT *FROM hos_user2 WHERE stauts=1 AND depart_id=4 [ RunTime:0.0127s ]

[ 2016-04-26T22:23:13+08:00 ] 127.0.0.1 /MyDemo/index.php/Home/User3View/officeInfo
INFO: [ app_init ] --START--
INFO: Run Behavior\BuildLiteBehavior [ RunTime:0.000047s ]
INFO: [ app_init ] --END-- [ RunTime:0.000589s ]
INFO: [ app_begin ] --START--
INFO: Run Behavior\ReadHtmlCacheBehavior [ RunTime:0.000815s ]
INFO: [ app_begin ] --END-- [ RunTime:0.001000s ]
SQL: SELECT a.id,a.name,a.category,a.content,a.hos_id,b.name hos_name FROM hos_department a,hos_hospital b where
a.hos_id = b.id AND b.id=1 [ RunTime:0.0008s ]

[ 2016-04-26T22:27:21+08:00 ] 127.0.0.1 /MyDemo/index.php/Home/Index/login3judge
INFO: [ app_init ] --START--
INFO: Run Behavior\BuildLiteBehavior [ RunTime:0.000044s ]
INFO: [ app_init ] --END-- [ RunTime:0.000771s ]
INFO: [ app_begin ] --START--
INFO: Run Behavior\ReadHtmlCacheBehavior [ RunTime:0.001080s ]
INFO: [ app_begin ] --END-- [ RunTime:0.001288s ]
SQL: SHOW COLUMNS FROM `hos_user3` [ RunTime:0.0221s ]
SQL: SELECT `username`,`logo`,`nickname`,`phonenum`,`email`,`password`,`stauts`,`sex`,`birthday` FROM `hos_user3` WHERE `username` = 'user1' LIMIT 1   [ RunTime:0.0004s ]
SQL: UPDATE `hos_user3` SET `last_login_time`='1461680841' WHERE `username` = 'user1' [ RunTime:0.0004s ]
INFO: [ view_parse ] --START--
INFO: [ template_filter ] --START--
INFO: Run Behavior\ContentReplaceBehavior [ RunTime:0.000221s ]
INFO: [ template_filter ] --END-- [ RunTime:0.000339s ]
NOTIC: [8] Undefined variable: errors C:\WebAppDemo\MyDemo\Application\Runtime\Cache\Home\0e05e19ca18f95ce2e9db01f4efcca68.php 第 168 行.
NOTIC: [8] Undefined variable: errors C:\WebAppDemo\MyDemo\Application\Runtime\Cache\Home\0e05e19ca18f95ce2e9db01f4efcca68.php 第 193 行.
INFO: Run Behavior\ParseTemplateBehavior [ RunTime:0.024758s ]
INFO: [ view_parse ] --END-- [ RunTime:0.024877s ]
INFO: [ view_filter ] --START--
INFO: Run Behavior\WriteHtmlCacheBehavior [ RunTime:0.000478s ]
INFO: [ view_filter ] --END-- [ RunTime:0.000580s ]
INFO: [ app_end ] --START--
INFO: Run Behavior\ShowPageTraceBehavior [ RunTime:0.000621s ]
INFO: [ app_end ] --END-- [ RunTime:0.000723s ]

[ 2016-04-26T22:27:21+08:00 ] 127.0.0.1 /MyDemo/index.php/Home/User3View/hosInfo
INFO: [ app_init ] --START--
INFO: Run Behavior\BuildLiteBehavior [ RunTime:0.000041s ]
INFO: [ app_init ] --END-- [ RunTime:0.000724s ]
INFO: [ app_begin ] --START--
INFO: Run Behavior\ReadHtmlCacheBehavior [ RunTime:0.000751s ]
INFO: [ app_begin ] --END-- [ RunTime:0.000898s ]
SQL: select * from hos_hospital [ RunTime:0.0010s ]

[ 2016-04-26T22:27:25+08:00 ] 127.0.0.1 /MyDemo/index.php/Home/User3View/officeInfo
INFO: [ app_init ] --START--
INFO: Run Behavior\BuildLiteBehavior [ RunTime:0.000030s ]
INFO: [ app_init ] --END-- [ RunTime:0.000474s ]
INFO: [ app_begin ] --START--
INFO: Run Behavior\ReadHtmlCacheBehavior [ RunTime:0.000594s ]
INFO: [ app_begin ] --END-- [ RunTime:0.000712s ]
SQL: SELECT a.id,a.name,a.category,a.content,a.hos_id,b.name hos_name FROM hos_department a,hos_hospital b where
a.hos_id = b.id AND b.id=4 [ RunTime:0.0067s ]

[ 2016-04-26T22:27:27+08:00 ] 127.0.0.1 /MyDemo/index.php/Home/User3View/officeInfo2
INFO: [ app_init ] --START--
INFO: Run Behavior\BuildLiteBehavior [ RunTime:0.000034s ]
INFO: [ app_init ] --END-- [ RunTime:0.000551s ]
INFO: [ app_begin ] --START--
INFO: Run Behavior\ReadHtmlCacheBehavior [ RunTime:0.000580s ]
INFO: [ app_begin ] --END-- [ RunTime:0.000692s ]
SQL: SELECT *FROM hos_user2 WHERE stauts=1 AND depart_id=16 [ RunTime:0.0058s ]

[ 2016-04-26T22:27:27+08:00 ] 127.0.0.1 /MyDemo/index.php/Home/User3View/officeInfo
INFO: [ app_init ] --START--
INFO: Run Behavior\BuildLiteBehavior [ RunTime:0.000028s ]
INFO: [ app_init ] --END-- [ RunTime:0.000570s ]
INFO: [ app_begin ] --START--
INFO: Run Behavior\ReadHtmlCacheBehavior [ RunTime:0.000523s ]
INFO: [ app_begin ] --END-- [ RunTime:0.000625s ]
SQL: SELECT a.id,a.name,a.category,a.content,a.hos_id,b.name hos_name FROM hos_department a,hos_hospital b where
a.hos_id = b.id AND b.id=4 [ RunTime:0.0007s ]

[ 2016-04-26T22:27:30+08:00 ] 127.0.0.1 /MyDemo/index.php/Home/User3View/doctorInfo
INFO: [ app_init ] --START--
INFO: Run Behavior\BuildLiteBehavior [ RunTime:0.000030s ]
INFO: [ app_init ] --END-- [ RunTime:0.000488s ]
INFO: [ app_begin ] --START--
INFO: Run Behavior\ReadHtmlCacheBehavior [ RunTime:0.000486s ]
INFO: [ app_begin ] --END-- [ RunTime:0.000584s ]
SQL: SELECT a.id,a.name,a.introduction,a.logo,a.email,a.place,b.name departname,c.name hos_name
            FROM hos_user2 a,hos_department b,hos_hospital c where
            b.hos_id = c.id AND a.depart_id=b.id AND a.id=1018 [ RunTime:0.0006s ]

[ 2016-04-26T22:29:12+08:00 ] 127.0.0.1 /MyDemo/index.php/Home/Index/login3judge
INFO: [ app_init ] --START--
INFO: Run Behavior\BuildLiteBehavior [ RunTime:0.000024s ]
INFO: [ app_init ] --END-- [ RunTime:0.000391s ]
INFO: [ app_begin ] --START--
INFO: Run Behavior\ReadHtmlCacheBehavior [ RunTime:0.000519s ]
INFO: [ app_begin ] --END-- [ RunTime:0.000631s ]
SQL: SHOW COLUMNS FROM `hos_user3` [ RunTime:0.0227s ]
SQL: SELECT `username`,`logo`,`nickname`,`phonenum`,`email`,`password`,`stauts`,`sex`,`birthday` FROM `hos_user3` WHERE `username` = 'user1' LIMIT 1   [ RunTime:0.0005s ]
SQL: UPDATE `hos_user3` SET `last_login_time`='1461680952' WHERE `username` = 'user1' [ RunTime:0.0004s ]
INFO: [ view_parse ] --START--
INFO: [ template_filter ] --START--
INFO: Run Behavior\ContentReplaceBehavior [ RunTime:0.000217s ]
INFO: [ template_filter ] --END-- [ RunTime:0.000335s ]
NOTIC: [8] Undefined variable: errors C:\WebAppDemo\MyDemo\Application\Runtime\Cache\Home\0e05e19ca18f95ce2e9db01f4efcca68.php 第 168 行.
NOTIC: [8] Undefined variable: errors C:\WebAppDemo\MyDemo\Application\Runtime\Cache\Home\0e05e19ca18f95ce2e9db01f4efcca68.php 第 193 行.
INFO: Run Behavior\ParseTemplateBehavior [ RunTime:0.032929s ]
INFO: [ view_parse ] --END-- [ RunTime:0.033130s ]
INFO: [ view_filter ] --START--
INFO: Run Behavior\WriteHtmlCacheBehavior [ RunTime:0.000611s ]
INFO: [ view_filter ] --END-- [ RunTime:0.000736s ]
INFO: [ app_end ] --START--
INFO: Run Behavior\ShowPageTraceBehavior [ RunTime:0.000663s ]
INFO: [ app_end ] --END-- [ RunTime:0.000769s ]

[ 2016-04-26T22:29:12+08:00 ] 127.0.0.1 /MyDemo/index.php/Home/User3View/hosInfo
INFO: [ app_init ] --START--
INFO: Run Behavior\BuildLiteBehavior [ RunTime:0.000030s ]
INFO: [ app_init ] --END-- [ RunTime:0.000546s ]
INFO: [ app_begin ] --START--
INFO: Run Behavior\ReadHtmlCacheBehavior [ RunTime:0.000688s ]
INFO: [ app_begin ] --END-- [ RunTime:0.000827s ]
SQL: select * from hos_hospital [ RunTime:0.0008s ]

[ 2016-04-26T22:29:14+08:00 ] 127.0.0.1 /MyDemo/index.php/Home/User3View/officeInfo
INFO: [ app_init ] --START--
INFO: Run Behavior\BuildLiteBehavior [ RunTime:0.000030s ]
INFO: [ app_init ] --END-- [ RunTime:0.000484s ]
INFO: [ app_begin ] --START--
INFO: Run Behavior\ReadHtmlCacheBehavior [ RunTime:0.000604s ]
INFO: [ app_begin ] --END-- [ RunTime:0.000721s ]
SQL: SELECT a.id,a.name,a.category,a.content,a.hos_id,b.name hos_name FROM hos_department a,hos_hospital b where
a.hos_id = b.id AND b.id=3 [ RunTime:0.0007s ]

[ 2016-04-26T22:29:15+08:00 ] 127.0.0.1 /MyDemo/index.php/Home/User3View/officeInfo2
INFO: [ app_init ] --START--
INFO: Run Behavior\BuildLiteBehavior [ RunTime:0.000029s ]
INFO: [ app_init ] --END-- [ RunTime:0.000484s ]
INFO: [ app_begin ] --START--
INFO: Run Behavior\ReadHtmlCacheBehavior [ RunTime:0.000821s ]
INFO: [ app_begin ] --END-- [ RunTime:0.000998s ]
SQL: SELECT *FROM hos_user2 WHERE stauts=1 AND depart_id=15 [ RunTime:0.0006s ]

[ 2016-04-26T22:29:15+08:00 ] 127.0.0.1 /MyDemo/index.php/Home/User3View/officeInfo
INFO: [ app_init ] --START--
INFO: Run Behavior\BuildLiteBehavior [ RunTime:0.000032s ]
INFO: [ app_init ] --END-- [ RunTime:0.000534s ]
INFO: [ app_begin ] --START--
INFO: Run Behavior\ReadHtmlCacheBehavior [ RunTime:0.000550s ]
INFO: [ app_begin ] --END-- [ RunTime:0.000656s ]
SQL: SELECT a.id,a.name,a.category,a.content,a.hos_id,b.name hos_name FROM hos_department a,hos_hospital b where
a.hos_id = b.id AND b.id=3 [ RunTime:0.0005s ]

[ 2016-04-26T22:29:56+08:00 ] 127.0.0.1 /MyDemo/index.php/Home/User3View/officeInfo2
INFO: [ app_init ] --START--
INFO: Run Behavior\BuildLiteBehavior [ RunTime:0.000045s ]
INFO: [ app_init ] --END-- [ RunTime:0.000718s ]
INFO: [ app_begin ] --START--
INFO: Run Behavior\ReadHtmlCacheBehavior [ RunTime:0.000987s ]
INFO: [ app_begin ] --END-- [ RunTime:0.001183s ]
SQL: SELECT *FROM hos_user2 WHERE stauts=1 AND depart_id=13 [ RunTime:0.0005s ]

[ 2016-04-26T22:29:56+08:00 ] 127.0.0.1 /MyDemo/index.php/Home/User3View/officeInfo
INFO: [ app_init ] --START--
INFO: Run Behavior\BuildLiteBehavior [ RunTime:0.000031s ]
INFO: [ app_init ] --END-- [ RunTime:0.000421s ]
INFO: [ app_begin ] --START--
INFO: Run Behavior\ReadHtmlCacheBehavior [ RunTime:0.000523s ]
INFO: [ app_begin ] --END-- [ RunTime:0.000626s ]
SQL: SELECT a.id,a.name,a.category,a.content,a.hos_id,b.name hos_name FROM hos_department a,hos_hospital b where
a.hos_id = b.id AND b.id=3 [ RunTime:0.0005s ]

[ 2016-04-26T22:30:01+08:00 ] 127.0.0.1 /MyDemo/index.php/Home/Index/login3judge
INFO: [ app_init ] --START--
INFO: Run Behavior\BuildLiteBehavior [ RunTime:0.000031s ]
INFO: [ app_init ] --END-- [ RunTime:0.000481s ]
INFO: [ app_begin ] --START--
INFO: Run Behavior\ReadHtmlCacheBehavior [ RunTime:0.000629s ]
INFO: [ app_begin ] --END-- [ RunTime:0.000784s ]
SQL: SHOW COLUMNS FROM `hos_user3` [ RunTime:0.0253s ]
SQL: SELECT `username`,`logo`,`nickname`,`phonenum`,`email`,`password`,`stauts`,`sex`,`birthday` FROM `hos_user3` WHERE `username` = 'user1' LIMIT 1   [ RunTime:0.0005s ]
SQL: UPDATE `hos_user3` SET `last_login_time`='1461681001' WHERE `username` = 'user1' [ RunTime:0.0004s ]
INFO: [ view_parse ] --START--
INFO: [ template_filter ] --START--
INFO: Run Behavior\ContentReplaceBehavior [ RunTime:0.000230s ]
INFO: [ template_filter ] --END-- [ RunTime:0.000358s ]
NOTIC: [8] Undefined variable: errors C:\WebAppDemo\MyDemo\Application\Runtime\Cache\Home\0e05e19ca18f95ce2e9db01f4efcca68.php 第 168 行.
NOTIC: [8] Undefined variable: errors C:\WebAppDemo\MyDemo\Application\Runtime\Cache\Home\0e05e19ca18f95ce2e9db01f4efcca68.php 第 193 行.
INFO: Run Behavior\ParseTemplateBehavior [ RunTime:0.033886s ]
INFO: [ view_parse ] --END-- [ RunTime:0.034015s ]
INFO: [ view_filter ] --START--
INFO: Run Behavior\WriteHtmlCacheBehavior [ RunTime:0.000384s ]
INFO: [ view_filter ] --END-- [ RunTime:0.000483s ]
INFO: [ app_end ] --START--
INFO: Run Behavior\ShowPageTraceBehavior [ RunTime:0.000583s ]
INFO: [ app_end ] --END-- [ RunTime:0.000697s ]

[ 2016-04-26T22:30:01+08:00 ] 127.0.0.1 /MyDemo/index.php/Home/User3View/hosInfo
INFO: [ app_init ] --START--
INFO: Run Behavior\BuildLiteBehavior [ RunTime:0.000068s ]
INFO: [ app_init ] --END-- [ RunTime:0.001243s ]
INFO: [ app_begin ] --START--
INFO: Run Behavior\ReadHtmlCacheBehavior [ RunTime:0.001723s ]
INFO: [ app_begin ] --END-- [ RunTime:0.002219s ]
SQL: select * from hos_hospital [ RunTime:0.0008s ]

[ 2016-04-26T22:30:21+08:00 ] 127.0.0.1 /MyDemo/
INFO: [ app_init ] --START--
INFO: Run Behavior\BuildLiteBehavior [ RunTime:0.000031s ]
INFO: [ app_init ] --END-- [ RunTime:0.000484s ]
INFO: [ app_begin ] --START--
INFO: Run Behavior\ReadHtmlCacheBehavior [ RunTime:0.000609s ]
INFO: [ app_begin ] --END-- [ RunTime:0.000745s ]
SQL: SHOW COLUMNS FROM `hos_user3` [ RunTime:0.0194s ]
SQL: SHOW COLUMNS FROM `hos_hospital` [ RunTime:0.0135s ]
SQL: SELECT COUNT(*) AS tp_count FROM `hos_user3` LIMIT 1   [ RunTime:0.0004s ]
SQL: SELECT COUNT(*) AS tp_count FROM `hos_hospital` LIMIT 1   [ RunTime:0.0003s ]
INFO: [ view_parse ] --START--
INFO: [ template_filter ] --START--
INFO: Run Behavior\ContentReplaceBehavior [ RunTime:0.000166s ]
INFO: [ template_filter ] --END-- [ RunTime:0.000286s ]
INFO: Run Behavior\ParseTemplateBehavior [ RunTime:0.023171s ]
INFO: [ view_parse ] --END-- [ RunTime:0.023323s ]
INFO: [ view_filter ] --START--
INFO: Run Behavior\WriteHtmlCacheBehavior [ RunTime:0.000322s ]
INFO: [ view_filter ] --END-- [ RunTime:0.000431s ]
INFO: [ app_end ] --START--
INFO: Run Behavior\ShowPageTraceBehavior [ RunTime:0.000534s ]
INFO: [ app_end ] --END-- [ RunTime:0.000643s ]

[ 2016-04-26T22:30:24+08:00 ] 127.0.0.1 /MyDemo/index.php/Home/Index/login3
INFO: [ app_init ] --START--
INFO: Run Behavior\BuildLiteBehavior [ RunTime:0.000032s ]
INFO: [ app_init ] --END-- [ RunTime:0.000564s ]
INFO: [ app_begin ] --START--
INFO: Run Behavior\ReadHtmlCacheBehavior [ RunTime:0.000790s ]
INFO: [ app_begin ] --END-- [ RunTime:0.000926s ]
INFO: [ view_parse ] --START--
INFO: [ template_filter ] --START--
INFO: Run Behavior\ContentReplaceBehavior [ RunTime:0.000099s ]
INFO: [ template_filter ] --END-- [ RunTime:0.000261s ]
INFO: Run Behavior\ParseTemplateBehavior [ RunTime:0.018215s ]
INFO: [ view_parse ] --END-- [ RunTime:0.018458s ]
INFO: [ view_filter ] --START--
INFO: Run Behavior\WriteHtmlCacheBehavior [ RunTime:0.000530s ]
INFO: [ view_filter ] --END-- [ RunTime:0.000659s ]
INFO: [ app_end ] --START--
INFO: Run Behavior\ShowPageTraceBehavior [ RunTime:0.000768s ]
INFO: [ app_end ] --END-- [ RunTime:0.000899s ]

[ 2016-04-26T22:30:30+08:00 ] 127.0.0.1 /MyDemo/index.php/Home/Index/login3judge
INFO: [ app_init ] --START--
INFO: Run Behavior\BuildLiteBehavior [ RunTime:0.000029s ]
INFO: [ app_init ] --END-- [ RunTime:0.000570s ]
INFO: [ app_begin ] --START--
INFO: Run Behavior\ReadHtmlCacheBehavior [ RunTime:0.000711s ]
INFO: [ app_begin ] --END-- [ RunTime:0.000850s ]
SQL: SHOW COLUMNS FROM `hos_user3` [ RunTime:0.0154s ]
SQL: SELECT `username`,`logo`,`nickname`,`phonenum`,`email`,`password`,`stauts`,`sex`,`birthday` FROM `hos_user3` WHERE `username` = 'user1' LIMIT 1   [ RunTime:0.0003s ]
SQL: UPDATE `hos_user3` SET `last_login_time`='1461681030' WHERE `username` = 'user1' [ RunTime:0.0003s ]
INFO: [ view_parse ] --START--
INFO: [ template_filter ] --START--
INFO: Run Behavior\ContentReplaceBehavior [ RunTime:0.000245s ]
INFO: [ template_filter ] --END-- [ RunTime:0.000383s ]
NOTIC: [8] Undefined variable: errors C:\WebAppDemo\MyDemo\Application\Runtime\Cache\Home\0e05e19ca18f95ce2e9db01f4efcca68.php 第 168 行.
NOTIC: [8] Undefined variable: errors C:\WebAppDemo\MyDemo\Application\Runtime\Cache\Home\0e05e19ca18f95ce2e9db01f4efcca68.php 第 193 行.
INFO: Run Behavior\ParseTemplateBehavior [ RunTime:0.032533s ]
INFO: [ view_parse ] --END-- [ RunTime:0.032653s ]
INFO: [ view_filter ] --START--
INFO: Run Behavior\WriteHtmlCacheBehavior [ RunTime:0.000406s ]
INFO: [ view_filter ] --END-- [ RunTime:0.000511s ]
INFO: [ app_end ] --START--
INFO: Run Behavior\ShowPageTraceBehavior [ RunTime:0.000622s ]
INFO: [ app_end ] --END-- [ RunTime:0.000730s ]

[ 2016-04-26T22:30:30+08:00 ] 127.0.0.1 /MyDemo/index.php/Home/User3View/hosInfo
INFO: [ app_init ] --START--
INFO: Run Behavior\BuildLiteBehavior [ RunTime:0.000031s ]
INFO: [ app_init ] --END-- [ RunTime:0.000638s ]
INFO: [ app_begin ] --START--
INFO: Run Behavior\ReadHtmlCacheBehavior [ RunTime:0.000727s ]
INFO: [ app_begin ] --END-- [ RunTime:0.000889s ]
SQL: select * from hos_hospital [ RunTime:0.0007s ]

[ 2016-04-26T22:30:33+08:00 ] 127.0.0.1 /MyDemo/index.php/Home/User3View/officeInfo
INFO: [ app_init ] --START--
INFO: Run Behavior\BuildLiteBehavior [ RunTime:0.000030s ]
INFO: [ app_init ] --END-- [ RunTime:0.000500s ]
INFO: [ app_begin ] --START--
INFO: Run Behavior\ReadHtmlCacheBehavior [ RunTime:0.000692s ]
INFO: [ app_begin ] --END-- [ RunTime:0.000809s ]
SQL: SELECT a.id,a.name,a.category,a.content,a.hos_id,b.name hos_name FROM hos_department a,hos_hospital b where
a.hos_id = b.id AND b.id=1 [ RunTime:0.0007s ]

[ 2016-04-26T22:30:36+08:00 ] 127.0.0.1 /MyDemo/index.php/Home/User3View/officeInfo2
INFO: [ app_init ] --START--
INFO: Run Behavior\BuildLiteBehavior [ RunTime:0.000025s ]
INFO: [ app_init ] --END-- [ RunTime:0.000394s ]
INFO: [ app_begin ] --START--
INFO: Run Behavior\ReadHtmlCacheBehavior [ RunTime:0.000523s ]
INFO: [ app_begin ] --END-- [ RunTime:0.000622s ]
SQL: SELECT *FROM hos_user2 WHERE stauts=1 AND depart_id=1 [ RunTime:0.0006s ]

[ 2016-04-26T22:30:36+08:00 ] 127.0.0.1 /MyDemo/index.php/Home/User3View/officeInfo
INFO: [ app_init ] --START--
INFO: Run Behavior\BuildLiteBehavior [ RunTime:0.000026s ]
INFO: [ app_init ] --END-- [ RunTime:0.000413s ]
INFO: [ app_begin ] --START--
INFO: Run Behavior\ReadHtmlCacheBehavior [ RunTime:0.000611s ]
INFO: [ app_begin ] --END-- [ RunTime:0.000731s ]
SQL: SELECT a.id,a.name,a.category,a.content,a.hos_id,b.name hos_name FROM hos_department a,hos_hospital b where
a.hos_id = b.id AND b.id=1 [ RunTime:0.0007s ]

[ 2016-04-26T22:30:40+08:00 ] 127.0.0.1 /MyDemo/index.php/Home/User3View/officeInfo2
INFO: [ app_init ] --START--
INFO: Run Behavior\BuildLiteBehavior [ RunTime:0.000048s ]
INFO: [ app_init ] --END-- [ RunTime:0.000696s ]
INFO: [ app_begin ] --START--
INFO: Run Behavior\ReadHtmlCacheBehavior [ RunTime:0.000851s ]
INFO: [ app_begin ] --END-- [ RunTime:0.001033s ]
SQL: SELECT *FROM hos_user2 WHERE stauts=1 AND depart_id=4 [ RunTime:0.0006s ]

[ 2016-04-26T22:30:40+08:00 ] 127.0.0.1 /MyDemo/index.php/Home/User3View/officeInfo
INFO: [ app_init ] --START--
INFO: Run Behavior\BuildLiteBehavior [ RunTime:0.000029s ]
INFO: [ app_init ] --END-- [ RunTime:0.000474s ]
INFO: [ app_begin ] --START--
INFO: Run Behavior\ReadHtmlCacheBehavior [ RunTime:0.000526s ]
INFO: [ app_begin ] --END-- [ RunTime:0.000628s ]
SQL: SELECT a.id,a.name,a.category,a.content,a.hos_id,b.name hos_name FROM hos_department a,hos_hospital b where
a.hos_id = b.id AND b.id=1 [ RunTime:0.0007s ]

[ 2016-04-26T22:31:25+08:00 ] 127.0.0.1 /MyDemo/index.php/Home/Index/login3judge
INFO: [ app_init ] --START--
INFO: Run Behavior\BuildLiteBehavior [ RunTime:0.000025s ]
INFO: [ app_init ] --END-- [ RunTime:0.000402s ]
INFO: [ app_begin ] --START--
INFO: Run Behavior\ReadHtmlCacheBehavior [ RunTime:0.000528s ]
INFO: [ app_begin ] --END-- [ RunTime:0.000649s ]
SQL: SHOW COLUMNS FROM `hos_user3` [ RunTime:0.0152s ]
SQL: SELECT `username`,`logo`,`nickname`,`phonenum`,`email`,`password`,`stauts`,`sex`,`birthday` FROM `hos_user3` WHERE `username` = 'user1' LIMIT 1   [ RunTime:0.0005s ]
SQL: UPDATE `hos_user3` SET `last_login_time`='1461681084' WHERE `username` = 'user1' [ RunTime:0.0004s ]
INFO: [ view_parse ] --START--
INFO: [ template_filter ] --START--
INFO: Run Behavior\ContentReplaceBehavior [ RunTime:0.000216s ]
INFO: [ template_filter ] --END-- [ RunTime:0.000339s ]
NOTIC: [8] Undefined variable: errors C:\WebAppDemo\MyDemo\Application\Runtime\Cache\Home\0e05e19ca18f95ce2e9db01f4efcca68.php 第 168 行.
NOTIC: [8] Undefined variable: errors C:\WebAppDemo\MyDemo\Application\Runtime\Cache\Home\0e05e19ca18f95ce2e9db01f4efcca68.php 第 193 行.
INFO: Run Behavior\ParseTemplateBehavior [ RunTime:0.024355s ]
INFO: [ view_parse ] --END-- [ RunTime:0.024478s ]
INFO: [ view_filter ] --START--
INFO: Run Behavior\WriteHtmlCacheBehavior [ RunTime:0.000382s ]
INFO: [ view_filter ] --END-- [ RunTime:0.000482s ]
INFO: [ app_end ] --START--
INFO: Run Behavior\ShowPageTraceBehavior [ RunTime:0.000613s ]
INFO: [ app_end ] --END-- [ RunTime:0.000714s ]

[ 2016-04-26T22:31:25+08:00 ] 127.0.0.1 /MyDemo/index.php/Home/User3View/hosInfo
INFO: [ app_init ] --START--
INFO: Run Behavior\BuildLiteBehavior [ RunTime:0.000045s ]
INFO: [ app_init ] --END-- [ RunTime:0.000720s ]
INFO: [ app_begin ] --START--
INFO: Run Behavior\ReadHtmlCacheBehavior [ RunTime:0.001419s ]
INFO: [ app_begin ] --END-- [ RunTime:0.001866s ]
SQL: select * from hos_hospital [ RunTime:0.0008s ]

[ 2016-04-26T22:31:26+08:00 ] 127.0.0.1 /MyDemo/index.php/Home/User3View/officeInfo
INFO: [ app_init ] --START--
INFO: Run Behavior\BuildLiteBehavior [ RunTime:0.000025s ]
INFO: [ app_init ] --END-- [ RunTime:0.000411s ]
INFO: [ app_begin ] --START--
INFO: Run Behavior\ReadHtmlCacheBehavior [ RunTime:0.000512s ]
INFO: [ app_begin ] --END-- [ RunTime:0.000606s ]
SQL: SELECT a.id,a.name,a.category,a.content,a.hos_id,b.name hos_name FROM hos_department a,hos_hospital b where
a.hos_id = b.id AND b.id=2 [ RunTime:0.0005s ]

[ 2016-04-26T22:31:28+08:00 ] 127.0.0.1 /MyDemo/index.php/Home/User3View/officeInfo2
INFO: [ app_init ] --START--
INFO: Run Behavior\BuildLiteBehavior [ RunTime:0.000027s ]
INFO: [ app_init ] --END-- [ RunTime:0.000427s ]
INFO: [ app_begin ] --START--
INFO: Run Behavior\ReadHtmlCacheBehavior [ RunTime:0.000581s ]
INFO: [ app_begin ] --END-- [ RunTime:0.000693s ]
SQL: SELECT *FROM hos_user2 WHERE stauts=1 AND depart_id=8 [ RunTime:0.0008s ]

[ 2016-04-26T22:31:28+08:00 ] 127.0.0.1 /MyDemo/index.php/Home/User3View/officeInfo
INFO: [ app_init ] --START--
INFO: Run Behavior\BuildLiteBehavior [ RunTime:0.000024s ]
INFO: [ app_init ] --END-- [ RunTime:0.000393s ]
INFO: [ app_begin ] --START--
INFO: Run Behavior\ReadHtmlCacheBehavior [ RunTime:0.000489s ]
INFO: [ app_begin ] --END-- [ RunTime:0.000584s ]
SQL: SELECT a.id,a.name,a.category,a.content,a.hos_id,b.name hos_name FROM hos_department a,hos_hospital b where
a.hos_id = b.id AND b.id=2 [ RunTime:0.0005s ]

[ 2016-04-26T22:31:58+08:00 ] 127.0.0.1 /MyDemo/index.php/Home/Index/login3judge
INFO: [ app_init ] --START--
INFO: Run Behavior\BuildLiteBehavior [ RunTime:0.000031s ]
INFO: [ app_init ] --END-- [ RunTime:0.000481s ]
INFO: [ app_begin ] --START--
INFO: Run Behavior\ReadHtmlCacheBehavior [ RunTime:0.000598s ]
INFO: [ app_begin ] --END-- [ RunTime:0.000733s ]
SQL: SHOW COLUMNS FROM `hos_user3` [ RunTime:0.0228s ]
SQL: SELECT `username`,`logo`,`nickname`,`phonenum`,`email`,`password`,`stauts`,`sex`,`birthday` FROM `hos_user3` WHERE `username` = 'user1' LIMIT 1   [ RunTime:0.0006s ]
SQL: UPDATE `hos_user3` SET `last_login_time`='1461681118' WHERE `username` = 'user1' [ RunTime:0.0004s ]
INFO: [ view_parse ] --START--
INFO: [ template_filter ] --START--
INFO: Run Behavior\ContentReplaceBehavior [ RunTime:0.000239s ]
INFO: [ template_filter ] --END-- [ RunTime:0.000375s ]
NOTIC: [8] Undefined variable: errors C:\WebAppDemo\MyDemo\Application\Runtime\Cache\Home\0e05e19ca18f95ce2e9db01f4efcca68.php 第 168 行.
NOTIC: [8] Undefined variable: errors C:\WebAppDemo\MyDemo\Application\Runtime\Cache\Home\0e05e19ca18f95ce2e9db01f4efcca68.php 第 193 行.
INFO: Run Behavior\ParseTemplateBehavior [ RunTime:0.025887s ]
INFO: [ view_parse ] --END-- [ RunTime:0.026001s ]
INFO: [ view_filter ] --START--
INFO: Run Behavior\WriteHtmlCacheBehavior [ RunTime:0.000323s ]
INFO: [ view_filter ] --END-- [ RunTime:0.000421s ]
INFO: [ app_end ] --START--
INFO: Run Behavior\ShowPageTraceBehavior [ RunTime:0.000512s ]
INFO: [ app_end ] --END-- [ RunTime:0.000621s ]

[ 2016-04-26T22:31:58+08:00 ] 127.0.0.1 /MyDemo/index.php/Home/User3View/hosInfo
INFO: [ app_init ] --START--
INFO: Run Behavior\BuildLiteBehavior [ RunTime:0.000054s ]
INFO: [ app_init ] --END-- [ RunTime:0.000953s ]
INFO: [ app_begin ] --START--
INFO: Run Behavior\ReadHtmlCacheBehavior [ RunTime:0.001428s ]
INFO: [ app_begin ] --END-- [ RunTime:0.001787s ]
SQL: select * from hos_hospital [ RunTime:0.0006s ]

[ 2016-04-26T22:32:01+08:00 ] 127.0.0.1 /MyDemo/index.php/Home/User3View/officeInfo
INFO: [ app_init ] --START--
INFO: Run Behavior\BuildLiteBehavior [ RunTime:0.000025s ]
INFO: [ app_init ] --END-- [ RunTime:0.000525s ]
INFO: [ app_begin ] --START--
INFO: Run Behavior\ReadHtmlCacheBehavior [ RunTime:0.000588s ]
INFO: [ app_begin ] --END-- [ RunTime:0.000693s ]
SQL: SELECT a.id,a.name,a.category,a.content,a.hos_id,b.name hos_name FROM hos_department a,hos_hospital b where
a.hos_id = b.id AND b.id=3 [ RunTime:0.0006s ]

[ 2016-04-26T22:32:02+08:00 ] 127.0.0.1 /MyDemo/index.php/Home/User3View/officeInfo2
INFO: [ app_init ] --START--
INFO: Run Behavior\BuildLiteBehavior [ RunTime:0.000025s ]
INFO: [ app_init ] --END-- [ RunTime:0.000427s ]
INFO: [ app_begin ] --START--
INFO: Run Behavior\ReadHtmlCacheBehavior [ RunTime:0.000559s ]
INFO: [ app_begin ] --END-- [ RunTime:0.000655s ]
SQL: SELECT *FROM hos_user2 WHERE stauts=1 AND depart_id=13 [ RunTime:0.0006s ]

[ 2016-04-26T22:32:02+08:00 ] 127.0.0.1 /MyDemo/index.php/Home/User3View/officeInfo
INFO: [ app_init ] --START--
INFO: Run Behavior\BuildLiteBehavior [ RunTime:0.000027s ]
INFO: [ app_init ] --END-- [ RunTime:0.000433s ]
INFO: [ app_begin ] --START--
INFO: Run Behavior\ReadHtmlCacheBehavior [ RunTime:0.000526s ]
INFO: [ app_begin ] --END-- [ RunTime:0.000626s ]
SQL: SELECT a.id,a.name,a.category,a.content,a.hos_id,b.name hos_name FROM hos_department a,hos_hospital b where
a.hos_id = b.id AND b.id=3 [ RunTime:0.0005s ]

[ 2016-04-26T22:36:19+08:00 ] 127.0.0.1 /MyDemo/index.php/Home/Index/login3judge
INFO: [ app_init ] --START--
INFO: Run Behavior\BuildLiteBehavior [ RunTime:0.000055s ]
INFO: [ app_init ] --END-- [ RunTime:0.001194s ]
INFO: [ app_begin ] --START--
INFO: Run Behavior\ReadHtmlCacheBehavior [ RunTime:0.001300s ]
INFO: [ app_begin ] --END-- [ RunTime:0.001556s ]
SQL: SHOW COLUMNS FROM `hos_user3` [ RunTime:0.0143s ]
SQL: SELECT `username`,`logo`,`nickname`,`phonenum`,`email`,`password`,`stauts`,`sex`,`birthday` FROM `hos_user3` WHERE `username` = 'user1' LIMIT 1   [ RunTime:0.0005s ]
SQL: UPDATE `hos_user3` SET `last_login_time`='1461681379' WHERE `username` = 'user1' [ RunTime:0.0004s ]
INFO: [ view_parse ] --START--
INFO: [ template_filter ] --START--
INFO: Run Behavior\ContentReplaceBehavior [ RunTime:0.000231s ]
INFO: [ template_filter ] --END-- [ RunTime:0.000362s ]
NOTIC: [8] Undefined variable: errors C:\WebAppDemo\MyDemo\Application\Runtime\Cache\Home\0e05e19ca18f95ce2e9db01f4efcca68.php 第 168 行.
NOTIC: [8] Undefined variable: errors C:\WebAppDemo\MyDemo\Application\Runtime\Cache\Home\0e05e19ca18f95ce2e9db01f4efcca68.php 第 193 行.
INFO: Run Behavior\ParseTemplateBehavior [ RunTime:0.024540s ]
INFO: [ view_parse ] --END-- [ RunTime:0.024658s ]
INFO: [ view_filter ] --START--
INFO: Run Behavior\WriteHtmlCacheBehavior [ RunTime:0.000382s ]
INFO: [ view_filter ] --END-- [ RunTime:0.000481s ]
INFO: [ app_end ] --START--
INFO: Run Behavior\ShowPageTraceBehavior [ RunTime:0.000584s ]
INFO: [ app_end ] --END-- [ RunTime:0.000754s ]

[ 2016-04-26T22:36:19+08:00 ] 127.0.0.1 /MyDemo/index.php/Home/User3View/hosInfo
INFO: [ app_init ] --START--
INFO: Run Behavior\BuildLiteBehavior [ RunTime:0.000049s ]
INFO: [ app_init ] --END-- [ RunTime:0.000862s ]
INFO: [ app_begin ] --START--
INFO: Run Behavior\ReadHtmlCacheBehavior [ RunTime:0.000869s ]
INFO: [ app_begin ] --END-- [ RunTime:0.001045s ]
SQL: select * from hos_hospital [ RunTime:0.0011s ]

[ 2016-04-26T22:36:20+08:00 ] 127.0.0.1 /MyDemo/index.php/Home/User3View/officeInfo
INFO: [ app_init ] --START--
INFO: Run Behavior\BuildLiteBehavior [ RunTime:0.000025s ]
INFO: [ app_init ] --END-- [ RunTime:0.000387s ]
INFO: [ app_begin ] --START--
INFO: Run Behavior\ReadHtmlCacheBehavior [ RunTime:0.000505s ]
INFO: [ app_begin ] --END-- [ RunTime:0.000599s ]
SQL: SELECT a.id,a.name,a.category,a.content,a.hos_id,b.name hos_name FROM hos_department a,hos_hospital b where
a.hos_id = b.id AND b.id=2 [ RunTime:0.0005s ]

[ 2016-04-26T22:36:22+08:00 ] 127.0.0.1 /MyDemo/index.php/Home/User3View/officeInfo2
INFO: [ app_init ] --START--
INFO: Run Behavior\BuildLiteBehavior [ RunTime:0.000027s ]
INFO: [ app_init ] --END-- [ RunTime:0.000433s ]
INFO: [ app_begin ] --START--
INFO: Run Behavior\ReadHtmlCacheBehavior [ RunTime:0.000557s ]
INFO: [ app_begin ] --END-- [ RunTime:0.000674s ]
SQL: SELECT *FROM hos_user2 WHERE stauts=1 AND depart_id=8 [ RunTime:0.0005s ]

[ 2016-04-26T22:36:22+08:00 ] 127.0.0.1 /MyDemo/index.php/Home/User3View/officeInfo
INFO: [ app_init ] --START--
INFO: Run Behavior\BuildLiteBehavior [ RunTime:0.000025s ]
INFO: [ app_init ] --END-- [ RunTime:0.000389s ]
INFO: [ app_begin ] --START--
INFO: Run Behavior\ReadHtmlCacheBehavior [ RunTime:0.000535s ]
INFO: [ app_begin ] --END-- [ RunTime:0.000640s ]
SQL: SELECT a.id,a.name,a.category,a.content,a.hos_id,b.name hos_name FROM hos_department a,hos_hospital b where
a.hos_id = b.id AND b.id=2 [ RunTime:0.0005s ]

[ 2016-04-26T22:36:23+08:00 ] 127.0.0.1 /MyDemo/index.php/Home/User3View/doctorInfo
INFO: [ app_init ] --START--
INFO: Run Behavior\BuildLiteBehavior [ RunTime:0.000030s ]
INFO: [ app_init ] --END-- [ RunTime:0.000475s ]
INFO: [ app_begin ] --START--
INFO: Run Behavior\ReadHtmlCacheBehavior [ RunTime:0.000587s ]
INFO: [ app_begin ] --END-- [ RunTime:0.000704s ]
SQL: SELECT a.id,a.name,a.introduction,a.logo,a.email,a.place,b.name departname,c.name hos_name
            FROM hos_user2 a,hos_department b,hos_hospital c where
            b.hos_id = c.id AND a.depart_id=b.id AND a.id=1010 [ RunTime:0.0005s ]

[ 2016-04-26T22:37:59+08:00 ] 127.0.0.1 /MyDemo/index.php/Home/Index/login3judge
INFO: [ app_init ] --START--
INFO: Run Behavior\BuildLiteBehavior [ RunTime:0.000047s ]
INFO: [ app_init ] --END-- [ RunTime:0.000583s ]
INFO: [ app_begin ] --START--
INFO: Run Behavior\ReadHtmlCacheBehavior [ RunTime:0.000743s ]
INFO: [ app_begin ] --END-- [ RunTime:0.000938s ]
SQL: SHOW COLUMNS FROM `hos_user3` [ RunTime:0.0240s ]
SQL: SELECT `username`,`logo`,`nickname`,`phonenum`,`email`,`password`,`stauts`,`sex`,`birthday` FROM `hos_user3` WHERE `username` = 'user1' LIMIT 1   [ RunTime:0.0006s ]
SQL: UPDATE `hos_user3` SET `last_login_time`='1461681479' WHERE `username` = 'user1' [ RunTime:0.0005s ]
INFO: [ view_parse ] --START--
INFO: [ template_filter ] --START--
INFO: Run Behavior\ContentReplaceBehavior [ RunTime:0.000323s ]
INFO: [ template_filter ] --END-- [ RunTime:0.000555s ]
NOTIC: [8] Undefined variable: errors C:\WebAppDemo\MyDemo\Application\Runtime\Cache\Home\0e05e19ca18f95ce2e9db01f4efcca68.php 第 168 行.
NOTIC: [8] Undefined variable: errors C:\WebAppDemo\MyDemo\Application\Runtime\Cache\Home\0e05e19ca18f95ce2e9db01f4efcca68.php 第 193 行.
INFO: Run Behavior\ParseTemplateBehavior [ RunTime:0.025908s ]
INFO: [ view_parse ] --END-- [ RunTime:0.026030s ]
INFO: [ view_filter ] --START--
INFO: Run Behavior\WriteHtmlCacheBehavior [ RunTime:0.000321s ]
INFO: [ view_filter ] --END-- [ RunTime:0.000425s ]
INFO: [ app_end ] --START--
INFO: Run Behavior\ShowPageTraceBehavior [ RunTime:0.000554s ]
INFO: [ app_end ] --END-- [ RunTime:0.000660s ]

[ 2016-04-26T22:37:59+08:00 ] 127.0.0.1 /MyDemo/index.php/Home/User3View/hosInfo
INFO: [ app_init ] --START--
INFO: Run Behavior\BuildLiteBehavior [ RunTime:0.000072s ]
INFO: [ app_init ] --END-- [ RunTime:0.001542s ]
INFO: [ app_begin ] --START--
INFO: Run Behavior\ReadHtmlCacheBehavior [ RunTime:0.000926s ]
INFO: [ app_begin ] --END-- [ RunTime:0.001155s ]
SQL: select * from hos_hospital [ RunTime:0.0013s ]

[ 2016-04-26T22:38:00+08:00 ] 127.0.0.1 /MyDemo/index.php/Home/User3View/officeInfo
INFO: [ app_init ] --START--
INFO: Run Behavior\BuildLiteBehavior [ RunTime:0.000024s ]
INFO: [ app_init ] --END-- [ RunTime:0.000419s ]
INFO: [ app_begin ] --START--
INFO: Run Behavior\ReadHtmlCacheBehavior [ RunTime:0.000485s ]
INFO: [ app_begin ] --END-- [ RunTime:0.000590s ]
SQL: SELECT a.id,a.name,a.category,a.content,a.hos_id,b.name hos_name FROM hos_department a,hos_hospital b where
a.hos_id = b.id AND b.id=2 [ RunTime:0.0006s ]

[ 2016-04-26T22:38:02+08:00 ] 127.0.0.1 /MyDemo/index.php/Home/User3View/officeInfo2
INFO: [ app_init ] --START--
INFO: Run Behavior\BuildLiteBehavior [ RunTime:0.000026s ]
INFO: [ app_init ] --END-- [ RunTime:0.000432s ]
INFO: [ app_begin ] --START--
INFO: Run Behavior\ReadHtmlCacheBehavior [ RunTime:0.000544s ]
INFO: [ app_begin ] --END-- [ RunTime:0.000651s ]
SQL: SELECT *FROM hos_user2 WHERE stauts=1 AND depart_id=7 [ RunTime:0.0005s ]

[ 2016-04-26T22:38:02+08:00 ] 127.0.0.1 /MyDemo/index.php/Home/User3View/officeInfo
INFO: [ app_init ] --START--
INFO: Run Behavior\BuildLiteBehavior [ RunTime:0.000033s ]
INFO: [ app_init ] --END-- [ RunTime:0.000510s ]
INFO: [ app_begin ] --START--
INFO: Run Behavior\ReadHtmlCacheBehavior [ RunTime:0.000517s ]
INFO: [ app_begin ] --END-- [ RunTime:0.000618s ]
SQL: SELECT a.id,a.name,a.category,a.content,a.hos_id,b.name hos_name FROM hos_department a,hos_hospital b where
a.hos_id = b.id AND b.id=2 [ RunTime:0.0006s ]

[ 2016-04-26T22:38:37+08:00 ] 127.0.0.1 /MyDemo/index.php/Home/Index/login3judge
INFO: [ app_init ] --START--
INFO: Run Behavior\BuildLiteBehavior [ RunTime:0.000026s ]
INFO: [ app_init ] --END-- [ RunTime:0.000461s ]
INFO: [ app_begin ] --START--
INFO: Run Behavior\ReadHtmlCacheBehavior [ RunTime:0.000913s ]
INFO: [ app_begin ] --END-- [ RunTime:0.001096s ]
SQL: SHOW COLUMNS FROM `hos_user3` [ RunTime:0.0223s ]
SQL: SELECT `username`,`logo`,`nickname`,`phonenum`,`email`,`password`,`stauts`,`sex`,`birthday` FROM `hos_user3` WHERE `username` = 'user1' LIMIT 1   [ RunTime:0.0005s ]
SQL: UPDATE `hos_user3` SET `last_login_time`='1461681517' WHERE `username` = 'user1' [ RunTime:0.0005s ]
INFO: [ view_parse ] --START--
INFO: [ template_filter ] --START--
INFO: Run Behavior\ContentReplaceBehavior [ RunTime:0.000218s ]
INFO: [ template_filter ] --END-- [ RunTime:0.000340s ]
NOTIC: [8] Undefined variable: errors C:\WebAppDemo\MyDemo\Application\Runtime\Cache\Home\0e05e19ca18f95ce2e9db01f4efcca68.php 第 168 行.
NOTIC: [8] Undefined variable: errors C:\WebAppDemo\MyDemo\Application\Runtime\Cache\Home\0e05e19ca18f95ce2e9db01f4efcca68.php 第 193 行.
INFO: Run Behavior\ParseTemplateBehavior [ RunTime:0.024767s ]
INFO: [ view_parse ] --END-- [ RunTime:0.024888s ]
INFO: [ view_filter ] --START--
INFO: Run Behavior\WriteHtmlCacheBehavior [ RunTime:0.000381s ]
INFO: [ view_filter ] --END-- [ RunTime:0.000481s ]
INFO: [ app_end ] --START--
INFO: Run Behavior\ShowPageTraceBehavior [ RunTime:0.000651s ]
INFO: [ app_end ] --END-- [ RunTime:0.000765s ]

[ 2016-04-26T22:38:37+08:00 ] 127.0.0.1 /MyDemo/index.php/Home/User3View/hosInfo
INFO: [ app_init ] --START--
INFO: Run Behavior\BuildLiteBehavior [ RunTime:0.000047s ]
INFO: [ app_init ] --END-- [ RunTime:0.000744s ]
INFO: [ app_begin ] --START--
INFO: Run Behavior\ReadHtmlCacheBehavior [ RunTime:0.000856s ]
INFO: [ app_begin ] --END-- [ RunTime:0.001081s ]
SQL: select * from hos_hospital [ RunTime:0.0010s ]

[ 2016-04-26T22:38:39+08:00 ] 127.0.0.1 /MyDemo/index.php/Home/User3View/officeInfo
INFO: [ app_init ] --START--
INFO: Run Behavior\BuildLiteBehavior [ RunTime:0.000027s ]
INFO: [ app_init ] --END-- [ RunTime:0.000415s ]
INFO: [ app_begin ] --START--
INFO: Run Behavior\ReadHtmlCacheBehavior [ RunTime:0.000517s ]
INFO: [ app_begin ] --END-- [ RunTime:0.000616s ]
SQL: SELECT a.id,a.name,a.category,a.content,a.hos_id,b.name hos_name FROM hos_department a,hos_hospital b where
a.hos_id = b.id AND b.id=1 [ RunTime:0.0006s ]

[ 2016-04-26T22:38:40+08:00 ] 127.0.0.1 /MyDemo/index.php/Home/User3View/officeInfo2
INFO: [ app_init ] --START--
INFO: Run Behavior\BuildLiteBehavior [ RunTime:0.000031s ]
INFO: [ app_init ] --END-- [ RunTime:0.000500s ]
INFO: [ app_begin ] --START--
INFO: Run Behavior\ReadHtmlCacheBehavior [ RunTime:0.000622s ]
INFO: [ app_begin ] --END-- [ RunTime:0.000748s ]
SQL: SELECT *FROM hos_user2 WHERE stauts=1 AND depart_id=9 [ RunTime:0.0006s ]

[ 2016-04-26T22:38:40+08:00 ] 127.0.0.1 /MyDemo/index.php/Home/User3View/officeInfo
INFO: [ app_init ] --START--
INFO: Run Behavior\BuildLiteBehavior [ RunTime:0.000027s ]
INFO: [ app_init ] --END-- [ RunTime:0.000419s ]
INFO: [ app_begin ] --START--
INFO: Run Behavior\ReadHtmlCacheBehavior [ RunTime:0.000517s ]
INFO: [ app_begin ] --END-- [ RunTime:0.000619s ]
SQL: SELECT a.id,a.name,a.category,a.content,a.hos_id,b.name hos_name FROM hos_department a,hos_hospital b where
a.hos_id = b.id AND b.id=1 [ RunTime:0.0006s ]

[ 2016-04-26T22:40:37+08:00 ] 127.0.0.1 /MyDemo/index.php/Home/Index/login3judge
INFO: [ app_init ] --START--
INFO: Run Behavior\BuildLiteBehavior [ RunTime:0.000030s ]
INFO: [ app_init ] --END-- [ RunTime:0.000478s ]
INFO: [ app_begin ] --START--
INFO: Run Behavior\ReadHtmlCacheBehavior [ RunTime:0.000591s ]
INFO: [ app_begin ] --END-- [ RunTime:0.000726s ]
SQL: SHOW COLUMNS FROM `hos_user3` [ RunTime:0.0146s ]
SQL: SELECT `username`,`logo`,`nickname`,`phonenum`,`email`,`password`,`stauts`,`sex`,`birthday` FROM `hos_user3` WHERE `username` = 'user1' LIMIT 1   [ RunTime:0.0007s ]
SQL: UPDATE `hos_user3` SET `last_login_time`='1461681637' WHERE `username` = 'user1' [ RunTime:0.0006s ]
INFO: [ view_parse ] --START--
INFO: [ template_filter ] --START--
INFO: Run Behavior\ContentReplaceBehavior [ RunTime:0.000350s ]
INFO: [ template_filter ] --END-- [ RunTime:0.000557s ]
NOTIC: [8] Undefined variable: errors C:\WebAppDemo\MyDemo\Application\Runtime\Cache\Home\0e05e19ca18f95ce2e9db01f4efcca68.php 第 168 行.
NOTIC: [8] Undefined variable: errors C:\WebAppDemo\MyDemo\Application\Runtime\Cache\Home\0e05e19ca18f95ce2e9db01f4efcca68.php 第 193 行.
INFO: Run Behavior\ParseTemplateBehavior [ RunTime:0.023723s ]
INFO: [ view_parse ] --END-- [ RunTime:0.023844s ]
INFO: [ view_filter ] --START--
INFO: Run Behavior\WriteHtmlCacheBehavior [ RunTime:0.000335s ]
INFO: [ view_filter ] --END-- [ RunTime:0.000440s ]
INFO: [ app_end ] --START--
INFO: Run Behavior\ShowPageTraceBehavior [ RunTime:0.000550s ]
INFO: [ app_end ] --END-- [ RunTime:0.000658s ]

[ 2016-04-26T22:40:37+08:00 ] 127.0.0.1 /MyDemo/index.php/Home/User3View/hosInfo
INFO: [ app_init ] --START--
INFO: Run Behavior\BuildLiteBehavior [ RunTime:0.000079s ]
INFO: [ app_init ] --END-- [ RunTime:0.001519s ]
INFO: [ app_begin ] --START--
INFO: Run Behavior\ReadHtmlCacheBehavior [ RunTime:0.001178s ]
INFO: [ app_begin ] --END-- [ RunTime:0.001483s ]
SQL: select * from hos_hospital [ RunTime:0.0009s ]

[ 2016-04-26T22:40:38+08:00 ] 127.0.0.1 /MyDemo/index.php/Home/User3View/officeInfo
INFO: [ app_init ] --START--
INFO: Run Behavior\BuildLiteBehavior [ RunTime:0.000030s ]
INFO: [ app_init ] --END-- [ RunTime:0.000521s ]
INFO: [ app_begin ] --START--
INFO: Run Behavior\ReadHtmlCacheBehavior [ RunTime:0.000715s ]
INFO: [ app_begin ] --END-- [ RunTime:0.000847s ]
SQL: SELECT a.id,a.name,a.category,a.content,a.hos_id,b.name hos_name FROM hos_department a,hos_hospital b where
a.hos_id = b.id AND b.id=3 [ RunTime:0.0006s ]

[ 2016-04-26T22:40:39+08:00 ] 127.0.0.1 /MyDemo/index.php/Home/User3View/officeInfo2
INFO: [ app_init ] --START--
INFO: Run Behavior\BuildLiteBehavior [ RunTime:0.000025s ]
INFO: [ app_init ] --END-- [ RunTime:0.000399s ]
INFO: [ app_begin ] --START--
INFO: Run Behavior\ReadHtmlCacheBehavior [ RunTime:0.000518s ]
INFO: [ app_begin ] --END-- [ RunTime:0.000612s ]
SQL: SELECT *FROM hos_user2 WHERE stauts=1 AND depart_id=13 [ RunTime:0.0005s ]

[ 2016-04-26T22:40:39+08:00 ] 127.0.0.1 /MyDemo/index.php/Home/User3View/officeInfo
INFO: [ app_init ] --START--
INFO: Run Behavior\BuildLiteBehavior [ RunTime:0.000027s ]
INFO: [ app_init ] --END-- [ RunTime:0.000416s ]
INFO: [ app_begin ] --START--
INFO: Run Behavior\ReadHtmlCacheBehavior [ RunTime:0.000521s ]
INFO: [ app_begin ] --END-- [ RunTime:0.000622s ]
SQL: SELECT a.id,a.name,a.category,a.content,a.hos_id,b.name hos_name FROM hos_department a,hos_hospital b where
a.hos_id = b.id AND b.id=3 [ RunTime:0.0005s ]

[ 2016-04-26T22:43:52+08:00 ] 127.0.0.1 /MyDemo/index.php/Home/Index/login3judge
INFO: [ app_init ] --START--
INFO: Run Behavior\BuildLiteBehavior [ RunTime:0.000056s ]
INFO: [ app_init ] --END-- [ RunTime:0.001002s ]
INFO: [ app_begin ] --START--
INFO: Run Behavior\ReadHtmlCacheBehavior [ RunTime:0.001542s ]
INFO: [ app_begin ] --END-- [ RunTime:0.001824s ]
SQL: SHOW COLUMNS FROM `hos_user3` [ RunTime:0.0283s ]
SQL: SELECT `username`,`logo`,`nickname`,`phonenum`,`email`,`password`,`stauts`,`sex`,`birthday` FROM `hos_user3` WHERE `username` = 'user1' LIMIT 1   [ RunTime:0.0006s ]
SQL: UPDATE `hos_user3` SET `last_login_time`='1461681832' WHERE `username` = 'user1' [ RunTime:0.0005s ]
INFO: [ view_parse ] --START--
INFO: [ template_filter ] --START--
INFO: Run Behavior\ContentReplaceBehavior [ RunTime:0.000315s ]
INFO: [ template_filter ] --END-- [ RunTime:0.000493s ]
NOTIC: [8] Undefined variable: errors C:\WebAppDemo\MyDemo\Application\Runtime\Cache\Home\0e05e19ca18f95ce2e9db01f4efcca68.php 第 168 行.
NOTIC: [8] Undefined variable: errors C:\WebAppDemo\MyDemo\Application\Runtime\Cache\Home\0e05e19ca18f95ce2e9db01f4efcca68.php 第 193 行.
INFO: Run Behavior\ParseTemplateBehavior [ RunTime:0.028484s ]
INFO: [ view_parse ] --END-- [ RunTime:0.028625s ]
INFO: [ view_filter ] --START--
INFO: Run Behavior\WriteHtmlCacheBehavior [ RunTime:0.000387s ]
INFO: [ view_filter ] --END-- [ RunTime:0.000497s ]
INFO: [ app_end ] --START--
INFO: Run Behavior\ShowPageTraceBehavior [ RunTime:0.000824s ]
INFO: [ app_end ] --END-- [ RunTime:0.001002s ]

[ 2016-04-26T22:43:53+08:00 ] 127.0.0.1 /MyDemo/index.php/Home/User3View/hosInfo
INFO: [ app_init ] --START--
INFO: Run Behavior\BuildLiteBehavior [ RunTime:0.000050s ]
INFO: [ app_init ] --END-- [ RunTime:0.000694s ]
INFO: [ app_begin ] --START--
INFO: Run Behavior\ReadHtmlCacheBehavior [ RunTime:0.001051s ]
INFO: [ app_begin ] --END-- [ RunTime:0.001377s ]
SQL: select * from hos_hospital [ RunTime:0.0011s ]

[ 2016-04-26T22:43:54+08:00 ] 127.0.0.1 /MyDemo/index.php/Home/User3View/officeInfo
INFO: [ app_init ] --START--
INFO: Run Behavior\BuildLiteBehavior [ RunTime:0.000024s ]
INFO: [ app_init ] --END-- [ RunTime:0.000410s ]
INFO: [ app_begin ] --START--
INFO: Run Behavior\ReadHtmlCacheBehavior [ RunTime:0.000490s ]
INFO: [ app_begin ] --END-- [ RunTime:0.000586s ]
SQL: SELECT a.id,a.name,a.category,a.content,a.hos_id,b.name hos_name FROM hos_department a,hos_hospital b where
a.hos_id = b.id AND b.id=3 [ RunTime:0.0006s ]

[ 2016-04-26T22:43:55+08:00 ] 127.0.0.1 /MyDemo/index.php/Home/User3View/officeInfo2
INFO: [ app_init ] --START--
INFO: Run Behavior\BuildLiteBehavior [ RunTime:0.000040s ]
INFO: [ app_init ] --END-- [ RunTime:0.000556s ]
INFO: [ app_begin ] --START--
INFO: Run Behavior\ReadHtmlCacheBehavior [ RunTime:0.000740s ]
INFO: [ app_begin ] --END-- [ RunTime:0.000902s ]
SQL: SELECT *FROM hos_user2 WHERE stauts=1 AND depart_id=13 [ RunTime:0.0006s ]

[ 2016-04-26T22:43:55+08:00 ] 127.0.0.1 /MyDemo/index.php/Home/User3View/officeInfo
INFO: [ app_init ] --START--
INFO: Run Behavior\BuildLiteBehavior [ RunTime:0.000032s ]
INFO: [ app_init ] --END-- [ RunTime:0.000639s ]
INFO: [ app_begin ] --START--
INFO: Run Behavior\ReadHtmlCacheBehavior [ RunTime:0.000706s ]
INFO: [ app_begin ] --END-- [ RunTime:0.000860s ]
SQL: SELECT a.id,a.name,a.category,a.content,a.hos_id,b.name hos_name FROM hos_department a,hos_hospital b where
a.hos_id = b.id AND b.id=3 [ RunTime:0.0006s ]

[ 2016-04-26T22:45:03+08:00 ] 127.0.0.1 /MyDemo/index.php/Home/Index/login3judge
INFO: [ app_init ] --START--
INFO: Run Behavior\BuildLiteBehavior [ RunTime:0.000030s ]
INFO: [ app_init ] --END-- [ RunTime:0.000483s ]
INFO: [ app_begin ] --START--
INFO: Run Behavior\ReadHtmlCacheBehavior [ RunTime:0.000517s ]
INFO: [ app_begin ] --END-- [ RunTime:0.000627s ]
SQL: SHOW COLUMNS FROM `hos_user3` [ RunTime:0.0157s ]
SQL: SELECT `username`,`logo`,`nickname`,`phonenum`,`email`,`password`,`stauts`,`sex`,`birthday` FROM `hos_user3` WHERE `username` = 'user1' LIMIT 1   [ RunTime:0.0004s ]
SQL: UPDATE `hos_user3` SET `last_login_time`='1461681903' WHERE `username` = 'user1' [ RunTime:0.0003s ]
INFO: [ view_parse ] --START--
INFO: [ template_filter ] --START--
INFO: Run Behavior\ContentReplaceBehavior [ RunTime:0.000238s ]
INFO: [ template_filter ] --END-- [ RunTime:0.000371s ]
NOTIC: [8] Undefined variable: errors C:\WebAppDemo\MyDemo\Application\Runtime\Cache\Home\0e05e19ca18f95ce2e9db01f4efcca68.php 第 168 行.
NOTIC: [8] Undefined variable: errors C:\WebAppDemo\MyDemo\Application\Runtime\Cache\Home\0e05e19ca18f95ce2e9db01f4efcca68.php 第 193 行.
INFO: Run Behavior\ParseTemplateBehavior [ RunTime:0.023689s ]
INFO: [ view_parse ] --END-- [ RunTime:0.023810s ]
INFO: [ view_filter ] --START--
INFO: Run Behavior\WriteHtmlCacheBehavior [ RunTime:0.000318s ]
INFO: [ view_filter ] --END-- [ RunTime:0.000425s ]
INFO: [ app_end ] --START--
INFO: Run Behavior\ShowPageTraceBehavior [ RunTime:0.000548s ]
INFO: [ app_end ] --END-- [ RunTime:0.000654s ]

[ 2016-04-26T22:45:03+08:00 ] 127.0.0.1 /MyDemo/index.php/Home/User3View/hosInfo
INFO: [ app_init ] --START--
INFO: Run Behavior\BuildLiteBehavior [ RunTime:0.000050s ]
INFO: [ app_init ] --END-- [ RunTime:0.000748s ]
INFO: [ app_begin ] --START--
INFO: Run Behavior\ReadHtmlCacheBehavior [ RunTime:0.001009s ]
INFO: [ app_begin ] --END-- [ RunTime:0.001259s ]
SQL: select * from hos_hospital [ RunTime:0.0007s ]

[ 2016-04-26T22:45:05+08:00 ] 127.0.0.1 /MyDemo/index.php/Home/User3View/officeInfo
INFO: [ app_init ] --START--
INFO: Run Behavior\BuildLiteBehavior [ RunTime:0.000025s ]
INFO: [ app_init ] --END-- [ RunTime:0.000408s ]
INFO: [ app_begin ] --START--
INFO: Run Behavior\ReadHtmlCacheBehavior [ RunTime:0.000484s ]
INFO: [ app_begin ] --END-- [ RunTime:0.000579s ]
SQL: SELECT a.id,a.name,a.category,a.content,a.hos_id,b.name hos_name FROM hos_department a,hos_hospital b where
a.hos_id = b.id AND b.id=3 [ RunTime:0.0006s ]

[ 2016-04-26T22:45:06+08:00 ] 127.0.0.1 /MyDemo/index.php/Home/User3View/officeInfo2
INFO: [ app_init ] --START--
INFO: Run Behavior\BuildLiteBehavior [ RunTime:0.000028s ]
INFO: [ app_init ] --END-- [ RunTime:0.000432s ]
INFO: [ app_begin ] --START--
INFO: Run Behavior\ReadHtmlCacheBehavior [ RunTime:0.000589s ]
INFO: [ app_begin ] --END-- [ RunTime:0.000706s ]
SQL: SELECT *FROM hos_user2 WHERE stauts=1 AND depart_id=13 [ RunTime:0.0005s ]

[ 2016-04-26T22:45:06+08:00 ] 127.0.0.1 /MyDemo/index.php/Home/User3View/officeInfo
INFO: [ app_init ] --START--
INFO: Run Behavior\BuildLiteBehavior [ RunTime:0.000027s ]
INFO: [ app_init ] --END-- [ RunTime:0.000421s ]
INFO: [ app_begin ] --START--
INFO: Run Behavior\ReadHtmlCacheBehavior [ RunTime:0.000513s ]
INFO: [ app_begin ] --END-- [ RunTime:0.000624s ]
SQL: SELECT a.id,a.name,a.category,a.content,a.hos_id,b.name hos_name FROM hos_department a,hos_hospital b where
a.hos_id = b.id AND b.id=3 [ RunTime:0.0005s ]

[ 2016-04-26T22:45:57+08:00 ] 127.0.0.1 /MyDemo/index.php/Home/Index/login3judge
INFO: [ app_init ] --START--
INFO: Run Behavior\BuildLiteBehavior [ RunTime:0.000031s ]
INFO: [ app_init ] --END-- [ RunTime:0.000550s ]
INFO: [ app_begin ] --START--
INFO: Run Behavior\ReadHtmlCacheBehavior [ RunTime:0.000711s ]
INFO: [ app_begin ] --END-- [ RunTime:0.000848s ]
SQL: SHOW COLUMNS FROM `hos_user3` [ RunTime:0.0343s ]
SQL: SELECT `username`,`logo`,`nickname`,`phonenum`,`email`,`password`,`stauts`,`sex`,`birthday` FROM `hos_user3` WHERE `username` = 'user1' LIMIT 1   [ RunTime:0.0006s ]
SQL: UPDATE `hos_user3` SET `last_login_time`='1461681957' WHERE `username` = 'user1' [ RunTime:0.0006s ]
INFO: [ view_parse ] --START--
INFO: [ template_filter ] --START--
INFO: Run Behavior\ContentReplaceBehavior [ RunTime:0.000221s ]
INFO: [ template_filter ] --END-- [ RunTime:0.000347s ]
NOTIC: [8] Undefined variable: errors C:\WebAppDemo\MyDemo\Application\Runtime\Cache\Home\0e05e19ca18f95ce2e9db01f4efcca68.php 第 168 行.
NOTIC: [8] Undefined variable: errors C:\WebAppDemo\MyDemo\Application\Runtime\Cache\Home\0e05e19ca18f95ce2e9db01f4efcca68.php 第 193 行.
INFO: Run Behavior\ParseTemplateBehavior [ RunTime:0.027417s ]
INFO: [ view_parse ] --END-- [ RunTime:0.027542s ]
INFO: [ view_filter ] --START--
INFO: Run Behavior\WriteHtmlCacheBehavior [ RunTime:0.000390s ]
INFO: [ view_filter ] --END-- [ RunTime:0.000489s ]
INFO: [ app_end ] --START--
INFO: Run Behavior\ShowPageTraceBehavior [ RunTime:0.000650s ]
INFO: [ app_end ] --END-- [ RunTime:0.000751s ]

[ 2016-04-26T22:45:57+08:00 ] 127.0.0.1 /MyDemo/index.php/Home/User3View/hosInfo
INFO: [ app_init ] --START--
INFO: Run Behavior\BuildLiteBehavior [ RunTime:0.000033s ]
INFO: [ app_init ] --END-- [ RunTime:0.001247s ]
INFO: [ app_begin ] --START--
INFO: Run Behavior\ReadHtmlCacheBehavior [ RunTime:0.000911s ]
INFO: [ app_begin ] --END-- [ RunTime:0.001101s ]
SQL: select * from hos_hospital [ RunTime:0.0018s ]

[ 2016-04-26T22:45:59+08:00 ] 127.0.0.1 /MyDemo/index.php/Home/User3View/officeInfo
INFO: [ app_init ] --START--
INFO: Run Behavior\BuildLiteBehavior [ RunTime:0.000024s ]
INFO: [ app_init ] --END-- [ RunTime:0.000406s ]
INFO: [ app_begin ] --START--
INFO: Run Behavior\ReadHtmlCacheBehavior [ RunTime:0.000515s ]
INFO: [ app_begin ] --END-- [ RunTime:0.000617s ]
SQL: SELECT a.id,a.name,a.category,a.content,a.hos_id,b.name hos_name FROM hos_department a,hos_hospital b where
a.hos_id = b.id AND b.id=3 [ RunTime:0.0008s ]

[ 2016-04-26T22:46:01+08:00 ] 127.0.0.1 /MyDemo/index.php/Home/User3View/officeInfo2
INFO: [ app_init ] --START--
INFO: Run Behavior\BuildLiteBehavior [ RunTime:0.000045s ]
INFO: [ app_init ] --END-- [ RunTime:0.000663s ]
INFO: [ app_begin ] --START--
INFO: Run Behavior\ReadHtmlCacheBehavior [ RunTime:0.000830s ]
INFO: [ app_begin ] --END-- [ RunTime:0.001006s ]
SQL: SELECT *FROM hos_user2 WHERE stauts=1 AND depart_id=11 [ RunTime:0.0006s ]

[ 2016-04-26T22:46:01+08:00 ] 127.0.0.1 /MyDemo/index.php/Home/User3View/officeInfo
INFO: [ app_init ] --START--
INFO: Run Behavior\BuildLiteBehavior [ RunTime:0.000026s ]
INFO: [ app_init ] --END-- [ RunTime:0.000399s ]
INFO: [ app_begin ] --START--
INFO: Run Behavior\ReadHtmlCacheBehavior [ RunTime:0.000527s ]
INFO: [ app_begin ] --END-- [ RunTime:0.000651s ]
SQL: SELECT a.id,a.name,a.category,a.content,a.hos_id,b.name hos_name FROM hos_department a,hos_hospital b where
a.hos_id = b.id AND b.id=3 [ RunTime:0.0007s ]

[ 2016-04-26T22:46:02+08:00 ] 127.0.0.1 /MyDemo/index.php/Home/User3View/doctorInfo
INFO: [ app_init ] --START--
INFO: Run Behavior\BuildLiteBehavior [ RunTime:0.000033s ]
INFO: [ app_init ] --END-- [ RunTime:0.000533s ]
INFO: [ app_begin ] --START--
INFO: Run Behavior\ReadHtmlCacheBehavior [ RunTime:0.000605s ]
INFO: [ app_begin ] --END-- [ RunTime:0.000718s ]
SQL: SELECT a.id,a.name,a.introduction,a.logo,a.email,a.place,b.name departname,c.name hos_name
            FROM hos_user2 a,hos_department b,hos_hospital c where
            b.hos_id = c.id AND a.depart_id=b.id AND a.id=1013 [ RunTime:0.0005s ]

[ 2016-04-26T22:46:09+08:00 ] 127.0.0.1 /MyDemo/index.php/Home/User3View/doctorInfo
INFO: [ app_init ] --START--
INFO: Run Behavior\BuildLiteBehavior [ RunTime:0.000040s ]
INFO: [ app_init ] --END-- [ RunTime:0.000818s ]
INFO: [ app_begin ] --START--
INFO: Run Behavior\ReadHtmlCacheBehavior [ RunTime:0.000584s ]
INFO: [ app_begin ] --END-- [ RunTime:0.000715s ]
SQL: SELECT a.id,a.name,a.introduction,a.logo,a.email,a.place,b.name departname,c.name hos_name
            FROM hos_user2 a,hos_department b,hos_hospital c where
            b.hos_id = c.id AND a.depart_id=b.id AND a.id=1013 [ RunTime:0.0005s ]

[ 2016-04-26T22:46:13+08:00 ] 127.0.0.1 /MyDemo/index.php/Home/User3View/doctorInfo
INFO: [ app_init ] --START--
INFO: Run Behavior\BuildLiteBehavior [ RunTime:0.000044s ]
INFO: [ app_init ] --END-- [ RunTime:0.000744s ]
INFO: [ app_begin ] --START--
INFO: Run Behavior\ReadHtmlCacheBehavior [ RunTime:0.000862s ]
INFO: [ app_begin ] --END-- [ RunTime:0.001062s ]
SQL: SELECT a.id,a.name,a.introduction,a.logo,a.email,a.place,b.name departname,c.name hos_name
            FROM hos_user2 a,hos_department b,hos_hospital c where
            b.hos_id = c.id AND a.depart_id=b.id AND a.id=1013 [ RunTime:0.0008s ]

[ 2016-04-26T22:46:15+08:00 ] 127.0.0.1 /MyDemo/index.php/Home/User3View/doctorInfo
INFO: [ app_init ] --START--
INFO: Run Behavior\BuildLiteBehavior [ RunTime:0.000044s ]
INFO: [ app_init ] --END-- [ RunTime:0.000642s ]
INFO: [ app_begin ] --START--
INFO: Run Behavior\ReadHtmlCacheBehavior [ RunTime:0.001387s ]
INFO: [ app_begin ] --END-- [ RunTime:0.001646s ]
SQL: SELECT a.id,a.name,a.introduction,a.logo,a.email,a.place,b.name departname,c.name hos_name
            FROM hos_user2 a,hos_department b,hos_hospital c where
            b.hos_id = c.id AND a.depart_id=b.id AND a.id=1013 [ RunTime:0.0007s ]

[ 2016-04-26T22:47:56+08:00 ] 127.0.0.1 /MyDemo/index.php/Home/Index/login3judge
INFO: [ app_init ] --START--
INFO: Run Behavior\BuildLiteBehavior [ RunTime:0.000030s ]
INFO: [ app_init ] --END-- [ RunTime:0.000540s ]
INFO: [ app_begin ] --START--
INFO: Run Behavior\ReadHtmlCacheBehavior [ RunTime:0.000610s ]
INFO: [ app_begin ] --END-- [ RunTime:0.000746s ]
SQL: SHOW COLUMNS FROM `hos_user3` [ RunTime:0.0153s ]
SQL: SELECT `username`,`logo`,`nickname`,`phonenum`,`email`,`password`,`stauts`,`sex`,`birthday` FROM `hos_user3` WHERE `username` = 'user1' LIMIT 1   [ RunTime:0.0005s ]
SQL: UPDATE `hos_user3` SET `last_login_time`='1461682075' WHERE `username` = 'user1' [ RunTime:0.0004s ]
INFO: [ view_parse ] --START--
INFO: [ template_filter ] --START--
INFO: Run Behavior\ContentReplaceBehavior [ RunTime:0.000258s ]
INFO: [ template_filter ] --END-- [ RunTime:0.000419s ]
NOTIC: [8] Undefined variable: errors C:\WebAppDemo\MyDemo\Application\Runtime\Cache\Home\0e05e19ca18f95ce2e9db01f4efcca68.php 第 168 行.
NOTIC: [8] Undefined variable: errors C:\WebAppDemo\MyDemo\Application\Runtime\Cache\Home\0e05e19ca18f95ce2e9db01f4efcca68.php 第 193 行.
INFO: Run Behavior\ParseTemplateBehavior [ RunTime:0.024286s ]
INFO: [ view_parse ] --END-- [ RunTime:0.024399s ]
INFO: [ view_filter ] --START--
INFO: Run Behavior\WriteHtmlCacheBehavior [ RunTime:0.000316s ]
INFO: [ view_filter ] --END-- [ RunTime:0.000422s ]
INFO: [ app_end ] --START--
INFO: Run Behavior\ShowPageTraceBehavior [ RunTime:0.000726s ]
INFO: [ app_end ] --END-- [ RunTime:0.000887s ]

[ 2016-04-26T22:47:56+08:00 ] 127.0.0.1 /MyDemo/index.php/Home/User3View/hosInfo
INFO: [ app_init ] --START--
INFO: Run Behavior\BuildLiteBehavior [ RunTime:0.000066s ]
INFO: [ app_init ] --END-- [ RunTime:0.001098s ]
INFO: [ app_begin ] --START--
INFO: Run Behavior\ReadHtmlCacheBehavior [ RunTime:0.000950s ]
INFO: [ app_begin ] --END-- [ RunTime:0.001267s ]
SQL: select * from hos_hospital [ RunTime:0.0008s ]

[ 2016-04-26T22:47:57+08:00 ] 127.0.0.1 /MyDemo/index.php/Home/User3View/officeInfo
INFO: [ app_init ] --START--
INFO: Run Behavior\BuildLiteBehavior [ RunTime:0.000029s ]
INFO: [ app_init ] --END-- [ RunTime:0.000472s ]
INFO: [ app_begin ] --START--
INFO: Run Behavior\ReadHtmlCacheBehavior [ RunTime:0.000663s ]
INFO: [ app_begin ] --END-- [ RunTime:0.000782s ]
SQL: SELECT a.id,a.name,a.category,a.content,a.hos_id,b.name hos_name FROM hos_department a,hos_hospital b where
a.hos_id = b.id AND b.id=3 [ RunTime:0.0006s ]

[ 2016-04-26T22:47:59+08:00 ] 127.0.0.1 /MyDemo/index.php/Home/User3View/officeInfo2
INFO: [ app_init ] --START--
INFO: Run Behavior\BuildLiteBehavior [ RunTime:0.000042s ]
INFO: [ app_init ] --END-- [ RunTime:0.000759s ]
INFO: [ app_begin ] --START--
INFO: Run Behavior\ReadHtmlCacheBehavior [ RunTime:0.000986s ]
INFO: [ app_begin ] --END-- [ RunTime:0.001185s ]
SQL: SELECT *FROM hos_user2 WHERE stauts=1 AND depart_id=14 [ RunTime:0.0006s ]

[ 2016-04-26T22:47:59+08:00 ] 127.0.0.1 /MyDemo/index.php/Home/User3View/officeInfo
INFO: [ app_init ] --START--
INFO: Run Behavior\BuildLiteBehavior [ RunTime:0.000027s ]
INFO: [ app_init ] --END-- [ RunTime:0.000429s ]
INFO: [ app_begin ] --START--
INFO: Run Behavior\ReadHtmlCacheBehavior [ RunTime:0.000554s ]
INFO: [ app_begin ] --END-- [ RunTime:0.000665s ]
SQL: SELECT a.id,a.name,a.category,a.content,a.hos_id,b.name hos_name FROM hos_department a,hos_hospital b where
a.hos_id = b.id AND b.id=3 [ RunTime:0.0005s ]

[ 2016-04-26T22:48:01+08:00 ] 127.0.0.1 /MyDemo/index.php/Home/User3View/doctorInfo
INFO: [ app_init ] --START--
INFO: Run Behavior\BuildLiteBehavior [ RunTime:0.000031s ]
INFO: [ app_init ] --END-- [ RunTime:0.000528s ]
INFO: [ app_begin ] --START--
INFO: Run Behavior\ReadHtmlCacheBehavior [ RunTime:0.000790s ]
INFO: [ app_begin ] --END-- [ RunTime:0.000944s ]
SQL: SELECT a.id,a.name,a.introduction,a.logo,a.email,a.place,b.name departname,c.name hos_name
            FROM hos_user2 a,hos_department b,hos_hospital c where
            b.hos_id = c.id AND a.depart_id=b.id AND a.id=1016 [ RunTime:0.0007s ]

[ 2016-04-26T22:48:36+08:00 ] 127.0.0.1 /MyDemo/index.php/Home/Index/login3judge
INFO: [ app_init ] --START--
INFO: Run Behavior\BuildLiteBehavior [ RunTime:0.000030s ]
INFO: [ app_init ] --END-- [ RunTime:0.000491s ]
INFO: [ app_begin ] --START--
INFO: Run Behavior\ReadHtmlCacheBehavior [ RunTime:0.000603s ]
INFO: [ app_begin ] --END-- [ RunTime:0.000739s ]
SQL: SHOW COLUMNS FROM `hos_user3` [ RunTime:0.0225s ]
SQL: SELECT `username`,`logo`,`nickname`,`phonenum`,`email`,`password`,`stauts`,`sex`,`birthday` FROM `hos_user3` WHERE `username` = 'user1' LIMIT 1   [ RunTime:0.0006s ]
SQL: UPDATE `hos_user3` SET `last_login_time`='1461682116' WHERE `username` = 'user1' [ RunTime:0.0004s ]
INFO: [ view_parse ] --START--
INFO: [ template_filter ] --START--
INFO: Run Behavior\ContentReplaceBehavior [ RunTime:0.000238s ]
INFO: [ template_filter ] --END-- [ RunTime:0.000365s ]
NOTIC: [8] Undefined variable: errors C:\WebAppDemo\MyDemo\Application\Runtime\Cache\Home\0e05e19ca18f95ce2e9db01f4efcca68.php 第 168 行.
NOTIC: [8] Undefined variable: errors C:\WebAppDemo\MyDemo\Application\Runtime\Cache\Home\0e05e19ca18f95ce2e9db01f4efcca68.php 第 193 行.
INFO: Run Behavior\ParseTemplateBehavior [ RunTime:0.024916s ]
INFO: [ view_parse ] --END-- [ RunTime:0.025037s ]
INFO: [ view_filter ] --START--
INFO: Run Behavior\WriteHtmlCacheBehavior [ RunTime:0.000386s ]
INFO: [ view_filter ] --END-- [ RunTime:0.000487s ]
INFO: [ app_end ] --START--
INFO: Run Behavior\ShowPageTraceBehavior [ RunTime:0.000588s ]
INFO: [ app_end ] --END-- [ RunTime:0.000690s ]

[ 2016-04-26T22:48:37+08:00 ] 127.0.0.1 /MyDemo/index.php/Home/User3View/hosInfo
INFO: [ app_init ] --START--
INFO: Run Behavior\BuildLiteBehavior [ RunTime:0.000029s ]
INFO: [ app_init ] --END-- [ RunTime:0.000445s ]
INFO: [ app_begin ] --START--
INFO: Run Behavior\ReadHtmlCacheBehavior [ RunTime:0.000588s ]
INFO: [ app_begin ] --END-- [ RunTime:0.000722s ]
SQL: select * from hos_hospital [ RunTime:0.0010s ]

[ 2016-04-26T22:48:38+08:00 ] 127.0.0.1 /MyDemo/index.php/Home/User3View/officeInfo
INFO: [ app_init ] --START--
INFO: Run Behavior\BuildLiteBehavior [ RunTime:0.000025s ]
INFO: [ app_init ] --END-- [ RunTime:0.000446s ]
INFO: [ app_begin ] --START--
INFO: Run Behavior\ReadHtmlCacheBehavior [ RunTime:0.000495s ]
INFO: [ app_begin ] --END-- [ RunTime:0.000590s ]
SQL: SELECT a.id,a.name,a.category,a.content,a.hos_id,b.name hos_name FROM hos_department a,hos_hospital b where
a.hos_id = b.id AND b.id=3 [ RunTime:0.0005s ]

[ 2016-04-26T22:48:40+08:00 ] 127.0.0.1 /MyDemo/index.php/Home/User3View/officeInfo2
INFO: [ app_init ] --START--
INFO: Run Behavior\BuildLiteBehavior [ RunTime:0.000047s ]
INFO: [ app_init ] --END-- [ RunTime:0.000655s ]
INFO: [ app_begin ] --START--
INFO: Run Behavior\ReadHtmlCacheBehavior [ RunTime:0.000763s ]
INFO: [ app_begin ] --END-- [ RunTime:0.000919s ]
SQL: SELECT *FROM hos_user2 WHERE stauts=1 AND depart_id=15 [ RunTime:0.0006s ]

[ 2016-04-26T22:48:40+08:00 ] 127.0.0.1 /MyDemo/index.php/Home/User3View/officeInfo
INFO: [ app_init ] --START--
INFO: Run Behavior\BuildLiteBehavior [ RunTime:0.000029s ]
INFO: [ app_init ] --END-- [ RunTime:0.000445s ]
INFO: [ app_begin ] --START--
INFO: Run Behavior\ReadHtmlCacheBehavior [ RunTime:0.000578s ]
INFO: [ app_begin ] --END-- [ RunTime:0.000689s ]
SQL: SELECT a.id,a.name,a.category,a.content,a.hos_id,b.name hos_name FROM hos_department a,hos_hospital b where
a.hos_id = b.id AND b.id=3 [ RunTime:0.0006s ]

[ 2016-04-26T22:48:41+08:00 ] 127.0.0.1 /MyDemo/index.php/Home/User3View/doctorInfo
INFO: [ app_init ] --START--
INFO: Run Behavior\BuildLiteBehavior [ RunTime:0.000041s ]
INFO: [ app_init ] --END-- [ RunTime:0.000543s ]
INFO: [ app_begin ] --START--
INFO: Run Behavior\ReadHtmlCacheBehavior [ RunTime:0.000591s ]
INFO: [ app_begin ] --END-- [ RunTime:0.000726s ]
SQL: SELECT a.id,a.name,a.introduction,a.logo,a.email,a.place,b.name departname,c.name hos_name
            FROM hos_user2 a,hos_department b,hos_hospital c where
            b.hos_id = c.id AND a.depart_id=b.id AND a.id=1017 [ RunTime:0.0006s ]

[ 2016-04-26T22:48:44+08:00 ] 127.0.0.1 /MyDemo/index.php/Home/User3View/doctorInfo
INFO: [ app_init ] --START--
INFO: Run Behavior\BuildLiteBehavior [ RunTime:0.000030s ]
INFO: [ app_init ] --END-- [ RunTime:0.000478s ]
INFO: [ app_begin ] --START--
INFO: Run Behavior\ReadHtmlCacheBehavior [ RunTime:0.000633s ]
INFO: [ app_begin ] --END-- [ RunTime:0.000749s ]
SQL: SELECT a.id,a.name,a.introduction,a.logo,a.email,a.place,b.name departname,c.name hos_name
            FROM hos_user2 a,hos_department b,hos_hospital c where
            b.hos_id = c.id AND a.depart_id=b.id AND a.id=1017 [ RunTime:0.0006s ]

[ 2016-04-26T22:48:45+08:00 ] 127.0.0.1 /MyDemo/index.php/Home/User3View/doctorInfo
INFO: [ app_init ] --START--
INFO: Run Behavior\BuildLiteBehavior [ RunTime:0.000047s ]
INFO: [ app_init ] --END-- [ RunTime:0.000706s ]
INFO: [ app_begin ] --START--
INFO: Run Behavior\ReadHtmlCacheBehavior [ RunTime:0.000922s ]
INFO: [ app_begin ] --END-- [ RunTime:0.001103s ]
SQL: SELECT a.id,a.name,a.introduction,a.logo,a.email,a.place,b.name departname,c.name hos_name
            FROM hos_user2 a,hos_department b,hos_hospital c where
            b.hos_id = c.id AND a.depart_id=b.id AND a.id=1017 [ RunTime:0.0008s ]

[ 2016-04-26T22:48:49+08:00 ] 127.0.0.1 /MyDemo/index.php/Home/User3View/doctorInfo
INFO: [ app_init ] --START--
INFO: Run Behavior\BuildLiteBehavior [ RunTime:0.000043s ]
INFO: [ app_init ] --END-- [ RunTime:0.000503s ]
INFO: [ app_begin ] --START--
INFO: Run Behavior\ReadHtmlCacheBehavior [ RunTime:0.000840s ]
INFO: [ app_begin ] --END-- [ RunTime:0.001024s ]
SQL: SELECT a.id,a.name,a.introduction,a.logo,a.email,a.place,b.name departname,c.name hos_name
            FROM hos_user2 a,hos_department b,hos_hospital c where
            b.hos_id = c.id AND a.depart_id=b.id AND a.id=1017 [ RunTime:0.0006s ]

[ 2016-04-26T22:49:55+08:00 ] 127.0.0.1 /MyDemo/index.php/Home/Index/login3judge
INFO: [ app_init ] --START--
INFO: Run Behavior\BuildLiteBehavior [ RunTime:0.000026s ]
INFO: [ app_init ] --END-- [ RunTime:0.000392s ]
INFO: [ app_begin ] --START--
INFO: Run Behavior\ReadHtmlCacheBehavior [ RunTime:0.000508s ]
INFO: [ app_begin ] --END-- [ RunTime:0.000619s ]
SQL: SHOW COLUMNS FROM `hos_user3` [ RunTime:0.0144s ]
SQL: SELECT `username`,`logo`,`nickname`,`phonenum`,`email`,`password`,`stauts`,`sex`,`birthday` FROM `hos_user3` WHERE `username` = 'user1' LIMIT 1   [ RunTime:0.0005s ]
SQL: UPDATE `hos_user3` SET `last_login_time`='1461682195' WHERE `username` = 'user1' [ RunTime:0.0004s ]
INFO: [ view_parse ] --START--
INFO: [ template_filter ] --START--
INFO: Run Behavior\ContentReplaceBehavior [ RunTime:0.000232s ]
INFO: [ template_filter ] --END-- [ RunTime:0.000368s ]
NOTIC: [8] Undefined variable: errors C:\WebAppDemo\MyDemo\Application\Runtime\Cache\Home\0e05e19ca18f95ce2e9db01f4efcca68.php 第 168 行.
NOTIC: [8] Undefined variable: errors C:\WebAppDemo\MyDemo\Application\Runtime\Cache\Home\0e05e19ca18f95ce2e9db01f4efcca68.php 第 193 行.
INFO: Run Behavior\ParseTemplateBehavior [ RunTime:0.024585s ]
INFO: [ view_parse ] --END-- [ RunTime:0.024726s ]
INFO: [ view_filter ] --START--
INFO: Run Behavior\WriteHtmlCacheBehavior [ RunTime:0.000304s ]
INFO: [ view_filter ] --END-- [ RunTime:0.000403s ]
INFO: [ app_end ] --START--
INFO: Run Behavior\ShowPageTraceBehavior [ RunTime:0.000560s ]
INFO: [ app_end ] --END-- [ RunTime:0.000661s ]

[ 2016-04-26T22:49:56+08:00 ] 127.0.0.1 /MyDemo/index.php/Home/User3View/hosInfo
INFO: [ app_init ] --START--
INFO: Run Behavior\BuildLiteBehavior [ RunTime:0.000029s ]
INFO: [ app_init ] --END-- [ RunTime:0.000488s ]
INFO: [ app_begin ] --START--
INFO: Run Behavior\ReadHtmlCacheBehavior [ RunTime:0.000874s ]
INFO: [ app_begin ] --END-- [ RunTime:0.001084s ]
SQL: select * from hos_hospital [ RunTime:0.0011s ]

[ 2016-04-26T22:49:57+08:00 ] 127.0.0.1 /MyDemo/index.php/Home/User3View/officeInfo
INFO: [ app_init ] --START--
INFO: Run Behavior\BuildLiteBehavior [ RunTime:0.000026s ]
INFO: [ app_init ] --END-- [ RunTime:0.000388s ]
INFO: [ app_begin ] --START--
INFO: Run Behavior\ReadHtmlCacheBehavior [ RunTime:0.000488s ]
INFO: [ app_begin ] --END-- [ RunTime:0.000583s ]
SQL: SELECT a.id,a.name,a.category,a.content,a.hos_id,b.name hos_name FROM hos_department a,hos_hospital b where
a.hos_id = b.id AND b.id=3 [ RunTime:0.0006s ]

[ 2016-04-26T22:49:59+08:00 ] 127.0.0.1 /MyDemo/index.php/Home/User3View/officeInfo2
INFO: [ app_init ] --START--
INFO: Run Behavior\BuildLiteBehavior [ RunTime:0.000031s ]
INFO: [ app_init ] --END-- [ RunTime:0.000511s ]
INFO: [ app_begin ] --START--
INFO: Run Behavior\ReadHtmlCacheBehavior [ RunTime:0.000628s ]
INFO: [ app_begin ] --END-- [ RunTime:0.000755s ]
SQL: SELECT *FROM hos_user2 WHERE stauts=1 AND depart_id=13 [ RunTime:0.0007s ]

[ 2016-04-26T22:49:59+08:00 ] 127.0.0.1 /MyDemo/index.php/Home/User3View/officeInfo
INFO: [ app_init ] --START--
INFO: Run Behavior\BuildLiteBehavior [ RunTime:0.000037s ]
INFO: [ app_init ] --END-- [ RunTime:0.000552s ]
INFO: [ app_begin ] --START--
INFO: Run Behavior\ReadHtmlCacheBehavior [ RunTime:0.000605s ]
INFO: [ app_begin ] --END-- [ RunTime:0.000733s ]
SQL: SELECT a.id,a.name,a.category,a.content,a.hos_id,b.name hos_name FROM hos_department a,hos_hospital b where
a.hos_id = b.id AND b.id=3 [ RunTime:0.0005s ]

[ 2016-04-26T22:50:00+08:00 ] 127.0.0.1 /MyDemo/index.php/Home/User3View/doctorInfo
INFO: [ app_init ] --START--
INFO: Run Behavior\BuildLiteBehavior [ RunTime:0.000031s ]
INFO: [ app_init ] --END-- [ RunTime:0.000575s ]
INFO: [ app_begin ] --START--
INFO: Run Behavior\ReadHtmlCacheBehavior [ RunTime:0.000642s ]
INFO: [ app_begin ] --END-- [ RunTime:0.000760s ]
SQL: SELECT a.id,a.name,a.introduction,a.logo,a.email,a.place,b.name departname,c.name hos_name
            FROM hos_user2 a,hos_department b,hos_hospital c where
            b.hos_id = c.id AND a.depart_id=b.id AND a.id=1015 [ RunTime:0.0006s ]

[ 2016-04-26T22:50:13+08:00 ] 127.0.0.1 /MyDemo/index.php/Home/Index/login3judge
INFO: [ app_init ] --START--
INFO: Run Behavior\BuildLiteBehavior [ RunTime:0.000031s ]
INFO: [ app_init ] --END-- [ RunTime:0.000626s ]
INFO: [ app_begin ] --START--
INFO: Run Behavior\ReadHtmlCacheBehavior [ RunTime:0.000736s ]
INFO: [ app_begin ] --END-- [ RunTime:0.000873s ]
SQL: SHOW COLUMNS FROM `hos_user3` [ RunTime:0.0233s ]
SQL: SELECT `username`,`logo`,`nickname`,`phonenum`,`email`,`password`,`stauts`,`sex`,`birthday` FROM `hos_user3` WHERE `username` = 'user1' LIMIT 1   [ RunTime:0.0005s ]
SQL: UPDATE `hos_user3` SET `last_login_time`='1461682213' WHERE `username` = 'user1' [ RunTime:0.0004s ]
INFO: [ view_parse ] --START--
INFO: [ template_filter ] --START--
INFO: Run Behavior\ContentReplaceBehavior [ RunTime:0.000223s ]
INFO: [ template_filter ] --END-- [ RunTime:0.000352s ]
NOTIC: [8] Undefined variable: errors C:\WebAppDemo\MyDemo\Application\Runtime\Cache\Home\0e05e19ca18f95ce2e9db01f4efcca68.php 第 168 行.
NOTIC: [8] Undefined variable: errors C:\WebAppDemo\MyDemo\Application\Runtime\Cache\Home\0e05e19ca18f95ce2e9db01f4efcca68.php 第 193 行.
INFO: Run Behavior\ParseTemplateBehavior [ RunTime:0.025302s ]
INFO: [ view_parse ] --END-- [ RunTime:0.025432s ]
INFO: [ view_filter ] --START--
INFO: Run Behavior\WriteHtmlCacheBehavior [ RunTime:0.000316s ]
INFO: [ view_filter ] --END-- [ RunTime:0.000426s ]
INFO: [ app_end ] --START--
INFO: Run Behavior\ShowPageTraceBehavior [ RunTime:0.000520s ]
INFO: [ app_end ] --END-- [ RunTime:0.000620s ]

[ 2016-04-26T22:50:13+08:00 ] 127.0.0.1 /MyDemo/index.php/Home/User3View/hosInfo
INFO: [ app_init ] --START--
INFO: Run Behavior\BuildLiteBehavior [ RunTime:0.000047s ]
INFO: [ app_init ] --END-- [ RunTime:0.000671s ]
INFO: [ app_begin ] --START--
INFO: Run Behavior\ReadHtmlCacheBehavior [ RunTime:0.000593s ]
INFO: [ app_begin ] --END-- [ RunTime:0.000729s ]
SQL: select * from hos_hospital [ RunTime:0.0010s ]

[ 2016-04-26T22:50:15+08:00 ] 127.0.0.1 /MyDemo/index.php/Home/User3View/officeInfo
INFO: [ app_init ] --START--
INFO: Run Behavior\BuildLiteBehavior [ RunTime:0.000025s ]
INFO: [ app_init ] --END-- [ RunTime:0.000387s ]
INFO: [ app_begin ] --START--
INFO: Run Behavior\ReadHtmlCacheBehavior [ RunTime:0.000481s ]
INFO: [ app_begin ] --END-- [ RunTime:0.000575s ]
SQL: SELECT a.id,a.name,a.category,a.content,a.hos_id,b.name hos_name FROM hos_department a,hos_hospital b where
a.hos_id = b.id AND b.id=2 [ RunTime:0.0007s ]

[ 2016-04-26T22:50:17+08:00 ] 127.0.0.1 /MyDemo/index.php/Home/User3View/officeInfo2
INFO: [ app_init ] --START--
INFO: Run Behavior\BuildLiteBehavior [ RunTime:0.000024s ]
INFO: [ app_init ] --END-- [ RunTime:0.000394s ]
INFO: [ app_begin ] --START--
INFO: Run Behavior\ReadHtmlCacheBehavior [ RunTime:0.000560s ]
INFO: [ app_begin ] --END-- [ RunTime:0.000683s ]
SQL: SELECT *FROM hos_user2 WHERE stauts=1 AND depart_id=7 [ RunTime:0.0006s ]

[ 2016-04-26T22:50:17+08:00 ] 127.0.0.1 /MyDemo/index.php/Home/User3View/officeInfo
INFO: [ app_init ] --START--
INFO: Run Behavior\BuildLiteBehavior [ RunTime:0.000024s ]
INFO: [ app_init ] --END-- [ RunTime:0.000388s ]
INFO: [ app_begin ] --START--
INFO: Run Behavior\ReadHtmlCacheBehavior [ RunTime:0.000485s ]
INFO: [ app_begin ] --END-- [ RunTime:0.000580s ]
SQL: SELECT a.id,a.name,a.category,a.content,a.hos_id,b.name hos_name FROM hos_department a,hos_hospital b where
a.hos_id = b.id AND b.id=2 [ RunTime:0.0007s ]

[ 2016-04-26T22:50:20+08:00 ] 127.0.0.1 /MyDemo/index.php/Home/User3View/doctorInfo
INFO: [ app_init ] --START--
INFO: Run Behavior\BuildLiteBehavior [ RunTime:0.000027s ]
INFO: [ app_init ] --END-- [ RunTime:0.000496s ]
INFO: [ app_begin ] --START--
INFO: Run Behavior\ReadHtmlCacheBehavior [ RunTime:0.000514s ]
INFO: [ app_begin ] --END-- [ RunTime:0.000614s ]
SQL: SELECT a.id,a.name,a.introduction,a.logo,a.email,a.place,b.name departname,c.name hos_name
            FROM hos_user2 a,hos_department b,hos_hospital c where
            b.hos_id = c.id AND a.depart_id=b.id AND a.id=1009 [ RunTime:0.0008s ]

[ 2016-04-26T22:50:51+08:00 ] 127.0.0.1 /MyDemo/index.php/Home/Index/login3judge
INFO: [ app_init ] --START--
INFO: Run Behavior\BuildLiteBehavior [ RunTime:0.000031s ]
INFO: [ app_init ] --END-- [ RunTime:0.000479s ]
INFO: [ app_begin ] --START--
INFO: Run Behavior\ReadHtmlCacheBehavior [ RunTime:0.000600s ]
INFO: [ app_begin ] --END-- [ RunTime:0.000736s ]
SQL: SHOW COLUMNS FROM `hos_user3` [ RunTime:0.0230s ]
SQL: SELECT `username`,`logo`,`nickname`,`phonenum`,`email`,`password`,`stauts`,`sex`,`birthday` FROM `hos_user3` WHERE `username` = 'user1' LIMIT 1   [ RunTime:0.0005s ]
SQL: UPDATE `hos_user3` SET `last_login_time`='1461682251' WHERE `username` = 'user1' [ RunTime:0.0005s ]
INFO: [ view_parse ] --START--
INFO: [ template_filter ] --START--
INFO: Run Behavior\ContentReplaceBehavior [ RunTime:0.000236s ]
INFO: [ template_filter ] --END-- [ RunTime:0.000373s ]
NOTIC: [8] Undefined variable: errors C:\WebAppDemo\MyDemo\Application\Runtime\Cache\Home\0e05e19ca18f95ce2e9db01f4efcca68.php 第 168 行.
NOTIC: [8] Undefined variable: errors C:\WebAppDemo\MyDemo\Application\Runtime\Cache\Home\0e05e19ca18f95ce2e9db01f4efcca68.php 第 193 行.
INFO: Run Behavior\ParseTemplateBehavior [ RunTime:0.028745s ]
INFO: [ view_parse ] --END-- [ RunTime:0.028918s ]
INFO: [ view_filter ] --START--
INFO: Run Behavior\WriteHtmlCacheBehavior [ RunTime:0.000493s ]
INFO: [ view_filter ] --END-- [ RunTime:0.000650s ]
INFO: [ app_end ] --START--
INFO: Run Behavior\ShowPageTraceBehavior [ RunTime:0.000945s ]
INFO: [ app_end ] --END-- [ RunTime:0.001115s ]

[ 2016-04-26T22:50:51+08:00 ] 127.0.0.1 /MyDemo/index.php/Home/User3View/hosInfo
INFO: [ app_init ] --START--
INFO: Run Behavior\BuildLiteBehavior [ RunTime:0.000028s ]
INFO: [ app_init ] --END-- [ RunTime:0.000488s ]
INFO: [ app_begin ] --START--
INFO: Run Behavior\ReadHtmlCacheBehavior [ RunTime:0.000675s ]
INFO: [ app_begin ] --END-- [ RunTime:0.000807s ]
SQL: select * from hos_hospital [ RunTime:0.0007s ]

[ 2016-04-26T22:50:53+08:00 ] 127.0.0.1 /MyDemo/index.php/Home/User3View/officeInfo
INFO: [ app_init ] --START--
INFO: Run Behavior\BuildLiteBehavior [ RunTime:0.000025s ]
INFO: [ app_init ] --END-- [ RunTime:0.000389s ]
INFO: [ app_begin ] --START--
INFO: Run Behavior\ReadHtmlCacheBehavior [ RunTime:0.000475s ]
INFO: [ app_begin ] --END-- [ RunTime:0.000570s ]
SQL: SELECT a.id,a.name,a.category,a.content,a.hos_id,b.name hos_name FROM hos_department a,hos_hospital b where
a.hos_id = b.id AND b.id=3 [ RunTime:0.0005s ]

[ 2016-04-26T22:50:54+08:00 ] 127.0.0.1 /MyDemo/index.php/Home/User3View/officeInfo2
INFO: [ app_init ] --START--
INFO: Run Behavior\BuildLiteBehavior [ RunTime:0.000032s ]
INFO: [ app_init ] --END-- [ RunTime:0.000518s ]
INFO: [ app_begin ] --START--
INFO: Run Behavior\ReadHtmlCacheBehavior [ RunTime:0.000628s ]
INFO: [ app_begin ] --END-- [ RunTime:0.000753s ]
SQL: SELECT *FROM hos_user2 WHERE stauts=1 AND depart_id=11 [ RunTime:0.0007s ]

[ 2016-04-26T22:50:54+08:00 ] 127.0.0.1 /MyDemo/index.php/Home/User3View/officeInfo
INFO: [ app_init ] --START--
INFO: Run Behavior\BuildLiteBehavior [ RunTime:0.000043s ]
INFO: [ app_init ] --END-- [ RunTime:0.000625s ]
INFO: [ app_begin ] --START--
INFO: Run Behavior\ReadHtmlCacheBehavior [ RunTime:0.000596s ]
INFO: [ app_begin ] --END-- [ RunTime:0.000709s ]
SQL: SELECT a.id,a.name,a.category,a.content,a.hos_id,b.name hos_name FROM hos_department a,hos_hospital b where
a.hos_id = b.id AND b.id=3 [ RunTime:0.0006s ]

[ 2016-04-26T22:50:55+08:00 ] 127.0.0.1 /MyDemo/index.php/Home/User3View/doctorInfo
INFO: [ app_init ] --START--
INFO: Run Behavior\BuildLiteBehavior [ RunTime:0.000031s ]
INFO: [ app_init ] --END-- [ RunTime:0.000486s ]
INFO: [ app_begin ] --START--
INFO: Run Behavior\ReadHtmlCacheBehavior [ RunTime:0.000603s ]
INFO: [ app_begin ] --END-- [ RunTime:0.000722s ]
SQL: SELECT a.id,a.name,a.introduction,a.logo,a.email,a.place,b.name departname,c.name hos_name
            FROM hos_user2 a,hos_department b,hos_hospital c where
            b.hos_id = c.id AND a.depart_id=b.id AND a.id=1013 [ RunTime:0.0006s ]

[ 2016-04-26T22:51:10+08:00 ] 127.0.0.1 /MyDemo/index.php/Home/Index/login3judge
INFO: [ app_init ] --START--
INFO: Run Behavior\BuildLiteBehavior [ RunTime:0.000031s ]
INFO: [ app_init ] --END-- [ RunTime:0.000480s ]
INFO: [ app_begin ] --START--
INFO: Run Behavior\ReadHtmlCacheBehavior [ RunTime:0.000599s ]
INFO: [ app_begin ] --END-- [ RunTime:0.000736s ]
SQL: SHOW COLUMNS FROM `hos_user3` [ RunTime:0.0240s ]
SQL: SELECT `username`,`logo`,`nickname`,`phonenum`,`email`,`password`,`stauts`,`sex`,`birthday` FROM `hos_user3` WHERE `username` = 'user1' LIMIT 1   [ RunTime:0.0005s ]
SQL: UPDATE `hos_user3` SET `last_login_time`='1461682270' WHERE `username` = 'user1' [ RunTime:0.0005s ]
INFO: [ view_parse ] --START--
INFO: [ template_filter ] --START--
INFO: Run Behavior\ContentReplaceBehavior [ RunTime:0.000222s ]
INFO: [ template_filter ] --END-- [ RunTime:0.000350s ]
NOTIC: [8] Undefined variable: errors C:\WebAppDemo\MyDemo\Application\Runtime\Cache\Home\0e05e19ca18f95ce2e9db01f4efcca68.php 第 168 行.
NOTIC: [8] Undefined variable: errors C:\WebAppDemo\MyDemo\Application\Runtime\Cache\Home\0e05e19ca18f95ce2e9db01f4efcca68.php 第 193 行.
INFO: Run Behavior\ParseTemplateBehavior [ RunTime:0.025442s ]
INFO: [ view_parse ] --END-- [ RunTime:0.025558s ]
INFO: [ view_filter ] --START--
INFO: Run Behavior\WriteHtmlCacheBehavior [ RunTime:0.000302s ]
INFO: [ view_filter ] --END-- [ RunTime:0.000401s ]
INFO: [ app_end ] --START--
INFO: Run Behavior\ShowPageTraceBehavior [ RunTime:0.000519s ]
INFO: [ app_end ] --END-- [ RunTime:0.000630s ]

[ 2016-04-26T22:51:10+08:00 ] 127.0.0.1 /MyDemo/index.php/Home/User3View/hosInfo
INFO: [ app_init ] --START--
INFO: Run Behavior\BuildLiteBehavior [ RunTime:0.000111s ]
INFO: [ app_init ] --END-- [ RunTime:0.001386s ]
INFO: [ app_begin ] --START--
INFO: Run Behavior\ReadHtmlCacheBehavior [ RunTime:0.001135s ]
INFO: [ app_begin ] --END-- [ RunTime:0.001469s ]
SQL: select * from hos_hospital [ RunTime:0.0010s ]

[ 2016-04-26T22:51:12+08:00 ] 127.0.0.1 /MyDemo/index.php/Home/User3View/officeInfo
INFO: [ app_init ] --START--
INFO: Run Behavior\BuildLiteBehavior [ RunTime:0.000025s ]
INFO: [ app_init ] --END-- [ RunTime:0.000393s ]
INFO: [ app_begin ] --START--
INFO: Run Behavior\ReadHtmlCacheBehavior [ RunTime:0.000489s ]
INFO: [ app_begin ] --END-- [ RunTime:0.000586s ]
SQL: SELECT a.id,a.name,a.category,a.content,a.hos_id,b.name hos_name FROM hos_department a,hos_hospital b where
a.hos_id = b.id AND b.id=3 [ RunTime:0.0006s ]

[ 2016-04-26T22:51:14+08:00 ] 127.0.0.1 /MyDemo/index.php/Home/User3View/officeInfo2
INFO: [ app_init ] --START--
INFO: Run Behavior\BuildLiteBehavior [ RunTime:0.000040s ]
INFO: [ app_init ] --END-- [ RunTime:0.000616s ]
INFO: [ app_begin ] --START--
INFO: Run Behavior\ReadHtmlCacheBehavior [ RunTime:0.000811s ]
INFO: [ app_begin ] --END-- [ RunTime:0.000985s ]
SQL: SELECT *FROM hos_user2 WHERE stauts=1 AND depart_id=13 [ RunTime:0.0006s ]

[ 2016-04-26T22:51:14+08:00 ] 127.0.0.1 /MyDemo/index.php/Home/User3View/officeInfo
INFO: [ app_init ] --START--
INFO: Run Behavior\BuildLiteBehavior [ RunTime:0.000024s ]
INFO: [ app_init ] --END-- [ RunTime:0.000392s ]
INFO: [ app_begin ] --START--
INFO: Run Behavior\ReadHtmlCacheBehavior [ RunTime:0.000493s ]
INFO: [ app_begin ] --END-- [ RunTime:0.000592s ]
SQL: SELECT a.id,a.name,a.category,a.content,a.hos_id,b.name hos_name FROM hos_department a,hos_hospital b where
a.hos_id = b.id AND b.id=3 [ RunTime:0.0008s ]

[ 2016-04-26T22:51:15+08:00 ] 127.0.0.1 /MyDemo/index.php/Home/User3View/doctorInfo
INFO: [ app_init ] --START--
INFO: Run Behavior\BuildLiteBehavior [ RunTime:0.000030s ]
INFO: [ app_init ] --END-- [ RunTime:0.000486s ]
INFO: [ app_begin ] --START--
INFO: Run Behavior\ReadHtmlCacheBehavior [ RunTime:0.000733s ]
INFO: [ app_begin ] --END-- [ RunTime:0.000854s ]
SQL: SELECT a.id,a.name,a.introduction,a.logo,a.email,a.place,b.name departname,c.name hos_name
            FROM hos_user2 a,hos_department b,hos_hospital c where
            b.hos_id = c.id AND a.depart_id=b.id AND a.id=1015 [ RunTime:0.0007s ]

