[ 2016-04-17T10:11:53+08:00 ] 127.0.0.1 /MyDemo/
INFO: [ app_init ] --START--
INFO: Run Behavior\BuildLiteBehavior [ RunTime:0.000039s ]
INFO: [ app_init ] --END-- [ RunTime:0.010611s ]
INFO: [ app_begin ] --START--
INFO: Run Behavior\ReadHtmlCacheBehavior [ RunTime:0.009936s ]
INFO: [ app_begin ] --END-- [ RunTime:0.010152s ]
SQL: SHOW COLUMNS FROM `hos_user3` [ RunTime:0.0386s ]
SQL: SHOW COLUMNS FROM `hos_hospital` [ RunTime:0.0254s ]
SQL: SELECT COUNT(*) AS tp_count FROM `hos_user3` LIMIT 1   [ RunTime:0.0018s ]
SQL: SELECT COUNT(*) AS tp_count FROM `hos_hospital` LIMIT 1   [ RunTime:0.0002s ]
INFO: [ view_parse ] --START--
INFO: [ template_filter ] --START--
INFO: Run Behavior\ContentReplaceBehavior [ RunTime:0.000575s ]
INFO: [ template_filter ] --END-- [ RunTime:0.000726s ]
INFO: Run Behavior\ParseTemplateBehavior [ RunTime:0.122769s ]
INFO: [ view_parse ] --END-- [ RunTime:0.122926s ]
INFO: [ view_filter ] --START--
INFO: Run Behavior\WriteHtmlCacheBehavior [ RunTime:0.008232s ]
INFO: [ view_filter ] --END-- [ RunTime:0.008411s ]
INFO: [ app_end ] --START--
INFO: Run Behavior\ShowPageTraceBehavior [ RunTime:0.009827s ]
INFO: [ app_end ] --END-- [ RunTime:0.010007s ]

[ 2016-04-17T10:11:56+08:00 ] 127.0.0.1 /MyDemo/index.php/Home/Index/login3
INFO: [ app_init ] --START--
INFO: Run Behavior\BuildLiteBehavior [ RunTime:0.000027s ]
INFO: [ app_init ] --END-- [ RunTime:0.000490s ]
INFO: [ app_begin ] --START--
INFO: Run Behavior\ReadHtmlCacheBehavior [ RunTime:0.000678s ]
INFO: [ app_begin ] --END-- [ RunTime:0.000790s ]
INFO: [ view_parse ] --START--
INFO: [ template_filter ] --START--
INFO: Run Behavior\ContentReplaceBehavior [ RunTime:0.000110s ]
INFO: [ template_filter ] --END-- [ RunTime:0.000251s ]
INFO: Run Behavior\ParseTemplateBehavior [ RunTime:0.024993s ]
INFO: [ view_parse ] --END-- [ RunTime:0.025172s ]
INFO: [ view_filter ] --START--
INFO: Run Behavior\WriteHtmlCacheBehavior [ RunTime:0.000423s ]
INFO: [ view_filter ] --END-- [ RunTime:0.000532s ]
INFO: [ app_end ] --START--
INFO: Run Behavior\ShowPageTraceBehavior [ RunTime:0.000676s ]
INFO: [ app_end ] --END-- [ RunTime:0.000787s ]

[ 2016-04-17T10:12:06+08:00 ] 127.0.0.1 /MyDemo/index.php/Home/Index/login3judge
INFO: [ app_init ] --START--
INFO: Run Behavior\BuildLiteBehavior [ RunTime:0.000033s ]
INFO: [ app_init ] --END-- [ RunTime:0.000523s ]
INFO: [ app_begin ] --START--
INFO: Run Behavior\ReadHtmlCacheBehavior [ RunTime:0.000774s ]
INFO: [ app_begin ] --END-- [ RunTime:0.000943s ]
SQL: SHOW COLUMNS FROM `hos_user3` [ RunTime:0.0159s ]
SQL: SELECT `username`,`logo`,`nickname`,`phonenum`,`email`,`password`,`stauts`,`sex`,`birthday` FROM `hos_user3` WHERE `username` = 'user1' LIMIT 1   [ RunTime:0.0040s ]
SQL: UPDATE `hos_user3` SET `last_login_time`='1460859126' WHERE `username` = 'user1' [ RunTime:0.0034s ]
INFO: [ view_parse ] --START--
INFO: [ template_filter ] --START--
INFO: Run Behavior\ContentReplaceBehavior [ RunTime:0.000200s ]
INFO: [ template_filter ] --END-- [ RunTime:0.000339s ]
NOTIC: [8] Undefined variable: errors C:\WebAppDemo\MyDemo\Application\Runtime\Cache\Home\0e05e19ca18f95ce2e9db01f4efcca68.php 第 106 行.
NOTIC: [8] Undefined variable: errors C:\WebAppDemo\MyDemo\Application\Runtime\Cache\Home\0e05e19ca18f95ce2e9db01f4efcca68.php 第 131 行.
INFO: Run Behavior\ParseTemplateBehavior [ RunTime:0.029800s ]
INFO: [ view_parse ] --END-- [ RunTime:0.029927s ]
INFO: [ view_filter ] --START--
INFO: Run Behavior\WriteHtmlCacheBehavior [ RunTime:0.000309s ]
INFO: [ view_filter ] --END-- [ RunTime:0.000420s ]
INFO: [ app_end ] --START--
INFO: Run Behavior\ShowPageTraceBehavior [ RunTime:0.000551s ]
INFO: [ app_end ] --END-- [ RunTime:0.000650s ]

[ 2016-04-17T10:12:10+08:00 ] 127.0.0.1 /MyDemo/index.php/Home/User3View/hosInfo
INFO: [ app_init ] --START--
INFO: Run Behavior\BuildLiteBehavior [ RunTime:0.000046s ]
INFO: [ app_init ] --END-- [ RunTime:0.000826s ]
INFO: [ app_begin ] --START--
INFO: Run Behavior\ReadHtmlCacheBehavior [ RunTime:0.001184s ]
INFO: [ app_begin ] --END-- [ RunTime:0.001546s ]
SQL: select * from hos_hospital [ RunTime:0.0011s ]

[ 2016-04-17T10:14:40+08:00 ] 127.0.0.1 /MyDemo/index.php/Home/Index/login3
INFO: [ app_init ] --START--
INFO: Run Behavior\BuildLiteBehavior [ RunTime:0.000042s ]
INFO: [ app_init ] --END-- [ RunTime:0.000728s ]
INFO: [ app_begin ] --START--
INFO: Run Behavior\ReadHtmlCacheBehavior [ RunTime:0.001352s ]
INFO: [ app_begin ] --END-- [ RunTime:0.001694s ]
INFO: [ view_parse ] --START--
INFO: [ template_filter ] --START--
INFO: Run Behavior\ContentReplaceBehavior [ RunTime:0.000093s ]
INFO: [ template_filter ] --END-- [ RunTime:0.000252s ]
INFO: Run Behavior\ParseTemplateBehavior [ RunTime:0.019981s ]
INFO: [ view_parse ] --END-- [ RunTime:0.020135s ]
INFO: [ view_filter ] --START--
INFO: Run Behavior\WriteHtmlCacheBehavior [ RunTime:0.000396s ]
INFO: [ view_filter ] --END-- [ RunTime:0.000499s ]
INFO: [ app_end ] --START--
INFO: Run Behavior\ShowPageTraceBehavior [ RunTime:0.000650s ]
INFO: [ app_end ] --END-- [ RunTime:0.000765s ]

[ 2016-04-17T10:14:47+08:00 ] 127.0.0.1 /MyDemo/index.php/Home/Index/login3judge
INFO: [ app_init ] --START--
INFO: Run Behavior\BuildLiteBehavior [ RunTime:0.000047s ]
INFO: [ app_init ] --END-- [ RunTime:0.000695s ]
INFO: [ app_begin ] --START--
INFO: Run Behavior\ReadHtmlCacheBehavior [ RunTime:0.001120s ]
INFO: [ app_begin ] --END-- [ RunTime:0.001369s ]
SQL: SHOW COLUMNS FROM `hos_user3` [ RunTime:0.0173s ]
SQL: SELECT `username`,`logo`,`nickname`,`phonenum`,`email`,`password`,`stauts`,`sex`,`birthday` FROM `hos_user3` WHERE `username` = 'user1' LIMIT 1   [ RunTime:0.0005s ]
SQL: UPDATE `hos_user3` SET `last_login_time`='1460859287' WHERE `username` = 'user1' [ RunTime:0.0006s ]
INFO: [ view_parse ] --START--
INFO: [ template_filter ] --START--
INFO: Run Behavior\ContentReplaceBehavior [ RunTime:0.000211s ]
INFO: [ template_filter ] --END-- [ RunTime:0.000339s ]
NOTIC: [8] Undefined variable: errors C:\WebAppDemo\MyDemo\Application\Runtime\Cache\Home\0e05e19ca18f95ce2e9db01f4efcca68.php 第 106 行.
NOTIC: [8] Undefined variable: errors C:\WebAppDemo\MyDemo\Application\Runtime\Cache\Home\0e05e19ca18f95ce2e9db01f4efcca68.php 第 131 行.
INFO: Run Behavior\ParseTemplateBehavior [ RunTime:0.027220s ]
INFO: [ view_parse ] --END-- [ RunTime:0.027402s ]
INFO: [ view_filter ] --START--
INFO: Run Behavior\WriteHtmlCacheBehavior [ RunTime:0.000461s ]
INFO: [ view_filter ] --END-- [ RunTime:0.000572s ]
INFO: [ app_end ] --START--
INFO: Run Behavior\ShowPageTraceBehavior [ RunTime:0.000656s ]
INFO: [ app_end ] --END-- [ RunTime:0.000765s ]

[ 2016-04-17T10:14:49+08:00 ] 127.0.0.1 /MyDemo/index.php/Home/User3View/hosInfo
INFO: [ app_init ] --START--
INFO: Run Behavior\BuildLiteBehavior [ RunTime:0.000045s ]
INFO: [ app_init ] --END-- [ RunTime:0.000727s ]
INFO: [ app_begin ] --START--
INFO: Run Behavior\ReadHtmlCacheBehavior [ RunTime:0.001023s ]
INFO: [ app_begin ] --END-- [ RunTime:0.001228s ]
SQL: select * from hos_hospital [ RunTime:0.0006s ]

[ 2016-04-17T10:18:58+08:00 ] 127.0.0.1 /MyDemo/
INFO: [ app_init ] --START--
INFO: Run Behavior\BuildLiteBehavior [ RunTime:0.000131s ]
INFO: [ app_init ] --END-- [ RunTime:0.001403s ]
INFO: [ app_begin ] --START--
INFO: Run Behavior\ReadHtmlCacheBehavior [ RunTime:0.000793s ]
INFO: [ app_begin ] --END-- [ RunTime:0.000943s ]
SQL: SHOW COLUMNS FROM `hos_user3` [ RunTime:0.0162s ]
SQL: SHOW COLUMNS FROM `hos_hospital` [ RunTime:0.0113s ]
SQL: SELECT COUNT(*) AS tp_count FROM `hos_user3` LIMIT 1   [ RunTime:0.0003s ]
SQL: SELECT COUNT(*) AS tp_count FROM `hos_hospital` LIMIT 1   [ RunTime:0.0002s ]
INFO: [ view_parse ] --START--
INFO: [ template_filter ] --START--
INFO: Run Behavior\ContentReplaceBehavior [ RunTime:0.000169s ]
INFO: [ template_filter ] --END-- [ RunTime:0.000316s ]
INFO: Run Behavior\ParseTemplateBehavior [ RunTime:0.036848s ]
INFO: [ view_parse ] --END-- [ RunTime:0.037045s ]
INFO: [ view_filter ] --START--
INFO: Run Behavior\WriteHtmlCacheBehavior [ RunTime:0.000433s ]
INFO: [ view_filter ] --END-- [ RunTime:0.000542s ]
INFO: [ app_end ] --START--
INFO: Run Behavior\ShowPageTraceBehavior [ RunTime:0.000629s ]
INFO: [ app_end ] --END-- [ RunTime:0.000747s ]

[ 2016-04-17T10:19:01+08:00 ] 127.0.0.1 /MyDemo/index.php/Home/Index/login3
INFO: [ app_init ] --START--
INFO: Run Behavior\BuildLiteBehavior [ RunTime:0.000046s ]
INFO: [ app_init ] --END-- [ RunTime:0.000752s ]
INFO: [ app_begin ] --START--
INFO: Run Behavior\ReadHtmlCacheBehavior [ RunTime:0.001073s ]
INFO: [ app_begin ] --END-- [ RunTime:0.001312s ]
INFO: [ view_parse ] --START--
INFO: [ template_filter ] --START--
INFO: Run Behavior\ContentReplaceBehavior [ RunTime:0.000082s ]
INFO: [ template_filter ] --END-- [ RunTime:0.000206s ]
INFO: Run Behavior\ParseTemplateBehavior [ RunTime:0.008768s ]
INFO: [ view_parse ] --END-- [ RunTime:0.008999s ]
INFO: [ view_filter ] --START--
INFO: Run Behavior\WriteHtmlCacheBehavior [ RunTime:0.000417s ]
INFO: [ view_filter ] --END-- [ RunTime:0.000524s ]
INFO: [ app_end ] --START--
INFO: Run Behavior\ShowPageTraceBehavior [ RunTime:0.000628s ]
INFO: [ app_end ] --END-- [ RunTime:0.000739s ]

[ 2016-04-17T10:19:08+08:00 ] 127.0.0.1 /MyDemo/index.php/Home/Index/login3judge
INFO: [ app_init ] --START--
INFO: Run Behavior\BuildLiteBehavior [ RunTime:0.000032s ]
INFO: [ app_init ] --END-- [ RunTime:0.000546s ]
INFO: [ app_begin ] --START--
INFO: Run Behavior\ReadHtmlCacheBehavior [ RunTime:0.000912s ]
INFO: [ app_begin ] --END-- [ RunTime:0.001142s ]
SQL: SHOW COLUMNS FROM `hos_user3` [ RunTime:0.0193s ]
SQL: SELECT `username`,`logo`,`nickname`,`phonenum`,`email`,`password`,`stauts`,`sex`,`birthday` FROM `hos_user3` WHERE `username` = 'user1' LIMIT 1   [ RunTime:0.0005s ]
SQL: UPDATE `hos_user3` SET `last_login_time`='1460859548' WHERE `username` = 'user1' [ RunTime:0.0004s ]
INFO: [ view_parse ] --START--
INFO: [ template_filter ] --START--
INFO: Run Behavior\ContentReplaceBehavior [ RunTime:0.000217s ]
INFO: [ template_filter ] --END-- [ RunTime:0.000351s ]
NOTIC: [8] Undefined variable: errors C:\WebAppDemo\MyDemo\Application\Runtime\Cache\Home\0e05e19ca18f95ce2e9db01f4efcca68.php 第 106 行.
NOTIC: [8] Undefined variable: errors C:\WebAppDemo\MyDemo\Application\Runtime\Cache\Home\0e05e19ca18f95ce2e9db01f4efcca68.php 第 131 行.
INFO: Run Behavior\ParseTemplateBehavior [ RunTime:0.027929s ]
INFO: [ view_parse ] --END-- [ RunTime:0.028085s ]
INFO: [ view_filter ] --START--
INFO: Run Behavior\WriteHtmlCacheBehavior [ RunTime:0.000340s ]
INFO: [ view_filter ] --END-- [ RunTime:0.000447s ]
INFO: [ app_end ] --START--
INFO: Run Behavior\ShowPageTraceBehavior [ RunTime:0.000556s ]
INFO: [ app_end ] --END-- [ RunTime:0.000665s ]

[ 2016-04-17T10:19:11+08:00 ] 127.0.0.1 /MyDemo/index.php/Home/User3View/hosInfo
INFO: [ app_init ] --START--
INFO: Run Behavior\BuildLiteBehavior [ RunTime:0.000029s ]
INFO: [ app_init ] --END-- [ RunTime:0.000475s ]
INFO: [ app_begin ] --START--
INFO: Run Behavior\ReadHtmlCacheBehavior [ RunTime:0.000564s ]
INFO: [ app_begin ] --END-- [ RunTime:0.000726s ]
SQL: select * from hos_hospital [ RunTime:0.0007s ]

[ 2016-04-17T10:30:10+08:00 ] 127.0.0.1 /MyDemo/index.php/Home/Index/login3
INFO: [ app_init ] --START--
INFO: Run Behavior\BuildLiteBehavior [ RunTime:0.000033s ]
INFO: [ app_init ] --END-- [ RunTime:0.006921s ]
INFO: [ app_begin ] --START--
INFO: Run Behavior\ReadHtmlCacheBehavior [ RunTime:0.009317s ]
INFO: [ app_begin ] --END-- [ RunTime:0.009465s ]
INFO: [ view_parse ] --START--
INFO: [ template_filter ] --START--
INFO: Run Behavior\ContentReplaceBehavior [ RunTime:0.000078s ]
INFO: [ template_filter ] --END-- [ RunTime:0.000205s ]
INFO: Run Behavior\ParseTemplateBehavior [ RunTime:0.072349s ]
INFO: [ view_parse ] --END-- [ RunTime:0.072502s ]
INFO: [ view_filter ] --START--
INFO: Run Behavior\WriteHtmlCacheBehavior [ RunTime:0.005263s ]
INFO: [ view_filter ] --END-- [ RunTime:0.005393s ]
INFO: [ app_end ] --START--
INFO: Run Behavior\ShowPageTraceBehavior [ RunTime:0.006520s ]
INFO: [ app_end ] --END-- [ RunTime:0.006652s ]

[ 2016-04-17T10:30:20+08:00 ] 127.0.0.1 /MyDemo/index.php/Home/Index/login3judge
INFO: [ app_init ] --START--
INFO: Run Behavior\BuildLiteBehavior [ RunTime:0.000027s ]
INFO: [ app_init ] --END-- [ RunTime:0.000450s ]
INFO: [ app_begin ] --START--
INFO: Run Behavior\ReadHtmlCacheBehavior [ RunTime:0.001419s ]
INFO: [ app_begin ] --END-- [ RunTime:0.001681s ]
SQL: SHOW COLUMNS FROM `hos_user3` [ RunTime:0.0157s ]
SQL: SELECT `username`,`logo`,`nickname`,`phonenum`,`email`,`password`,`stauts`,`sex`,`birthday` FROM `hos_user3` WHERE `username` = 'user1' LIMIT 1   [ RunTime:0.0003s ]
SQL: UPDATE `hos_user3` SET `last_login_time`='1460860220' WHERE `username` = 'user1' [ RunTime:0.0005s ]
INFO: [ view_parse ] --START--
INFO: [ template_filter ] --START--
INFO: Run Behavior\ContentReplaceBehavior [ RunTime:0.000213s ]
INFO: [ template_filter ] --END-- [ RunTime:0.000339s ]
NOTIC: [8] Undefined variable: errors C:\WebAppDemo\MyDemo\Application\Runtime\Cache\Home\0e05e19ca18f95ce2e9db01f4efcca68.php 第 106 行.
NOTIC: [8] Undefined variable: errors C:\WebAppDemo\MyDemo\Application\Runtime\Cache\Home\0e05e19ca18f95ce2e9db01f4efcca68.php 第 131 行.
INFO: Run Behavior\ParseTemplateBehavior [ RunTime:0.024998s ]
INFO: [ view_parse ] --END-- [ RunTime:0.025173s ]
INFO: [ view_filter ] --START--
INFO: Run Behavior\WriteHtmlCacheBehavior [ RunTime:0.000609s ]
INFO: [ view_filter ] --END-- [ RunTime:0.000818s ]
INFO: [ app_end ] --START--
INFO: Run Behavior\ShowPageTraceBehavior [ RunTime:0.000805s ]
INFO: [ app_end ] --END-- [ RunTime:0.000960s ]

[ 2016-04-17T10:30:21+08:00 ] 127.0.0.1 /MyDemo/index.php/Home/User3View/hosInfo
INFO: [ app_init ] --START--
INFO: Run Behavior\BuildLiteBehavior [ RunTime:0.000029s ]
INFO: [ app_init ] --END-- [ RunTime:0.000453s ]
INFO: [ app_begin ] --START--
INFO: Run Behavior\ReadHtmlCacheBehavior [ RunTime:0.000592s ]
INFO: [ app_begin ] --END-- [ RunTime:0.000721s ]
SQL: select * from hos_hospital [ RunTime:0.0012s ]

[ 2016-04-17T10:30:36+08:00 ] 127.0.0.1 /MyDemo/index.php/Home/Index/login3
INFO: [ app_init ] --START--
INFO: Run Behavior\BuildLiteBehavior [ RunTime:0.000029s ]
INFO: [ app_init ] --END-- [ RunTime:0.000508s ]
INFO: [ app_begin ] --START--
INFO: Run Behavior\ReadHtmlCacheBehavior [ RunTime:0.000904s ]
INFO: [ app_begin ] --END-- [ RunTime:0.001053s ]
INFO: [ view_parse ] --START--
INFO: [ template_filter ] --START--
INFO: Run Behavior\ContentReplaceBehavior [ RunTime:0.000100s ]
INFO: [ template_filter ] --END-- [ RunTime:0.000289s ]
INFO: Run Behavior\ParseTemplateBehavior [ RunTime:0.010905s ]
INFO: [ view_parse ] --END-- [ RunTime:0.011103s ]
INFO: [ view_filter ] --START--
INFO: Run Behavior\WriteHtmlCacheBehavior [ RunTime:0.000633s ]
INFO: [ view_filter ] --END-- [ RunTime:0.001085s ]
INFO: [ app_end ] --START--
INFO: Run Behavior\ShowPageTraceBehavior [ RunTime:0.002069s ]
INFO: [ app_end ] --END-- [ RunTime:0.002374s ]

[ 2016-04-17T10:30:42+08:00 ] 127.0.0.1 /MyDemo/index.php/Home/Index/login3judge
INFO: [ app_init ] --START--
INFO: Run Behavior\BuildLiteBehavior [ RunTime:0.000033s ]
INFO: [ app_init ] --END-- [ RunTime:0.000531s ]
INFO: [ app_begin ] --START--
INFO: Run Behavior\ReadHtmlCacheBehavior [ RunTime:0.001134s ]
INFO: [ app_begin ] --END-- [ RunTime:0.001414s ]
SQL: SHOW COLUMNS FROM `hos_user3` [ RunTime:0.0183s ]
SQL: SELECT `username`,`logo`,`nickname`,`phonenum`,`email`,`password`,`stauts`,`sex`,`birthday` FROM `hos_user3` WHERE `username` = 'user1' LIMIT 1   [ RunTime:0.0005s ]
SQL: UPDATE `hos_user3` SET `last_login_time`='1460860241' WHERE `username` = 'user1' [ RunTime:0.0007s ]
INFO: [ view_parse ] --START--
INFO: [ template_filter ] --START--
INFO: Run Behavior\ContentReplaceBehavior [ RunTime:0.000209s ]
INFO: [ template_filter ] --END-- [ RunTime:0.000335s ]
NOTIC: [8] Undefined variable: errors C:\WebAppDemo\MyDemo\Application\Runtime\Cache\Home\0e05e19ca18f95ce2e9db01f4efcca68.php 第 106 行.
NOTIC: [8] Undefined variable: errors C:\WebAppDemo\MyDemo\Application\Runtime\Cache\Home\0e05e19ca18f95ce2e9db01f4efcca68.php 第 131 行.
INFO: Run Behavior\ParseTemplateBehavior [ RunTime:0.024177s ]
INFO: [ view_parse ] --END-- [ RunTime:0.024301s ]
INFO: [ view_filter ] --START--
INFO: Run Behavior\WriteHtmlCacheBehavior [ RunTime:0.000306s ]
INFO: [ view_filter ] --END-- [ RunTime:0.000404s ]
INFO: [ app_end ] --START--
INFO: Run Behavior\ShowPageTraceBehavior [ RunTime:0.000515s ]
INFO: [ app_end ] --END-- [ RunTime:0.000617s ]

[ 2016-04-17T10:30:42+08:00 ] 127.0.0.1 /MyDemo/index.php/Home/User3View/hosInfo
INFO: [ app_init ] --START--
INFO: Run Behavior\BuildLiteBehavior [ RunTime:0.000047s ]
INFO: [ app_init ] --END-- [ RunTime:0.000690s ]
INFO: [ app_begin ] --START--
INFO: Run Behavior\ReadHtmlCacheBehavior [ RunTime:0.000656s ]
INFO: [ app_begin ] --END-- [ RunTime:0.000802s ]
SQL: select * from hos_hospital [ RunTime:0.0014s ]

[ 2016-04-17T10:30:43+08:00 ] 127.0.0.1 /MyDemo/index.php/Home/User3View/hosInfo
INFO: [ app_init ] --START--
INFO: Run Behavior\BuildLiteBehavior [ RunTime:0.000027s ]
INFO: [ app_init ] --END-- [ RunTime:0.000449s ]
INFO: [ app_begin ] --START--
INFO: Run Behavior\ReadHtmlCacheBehavior [ RunTime:0.000626s ]
INFO: [ app_begin ] --END-- [ RunTime:0.000747s ]
SQL: select * from hos_hospital [ RunTime:0.0007s ]

[ 2016-04-17T10:32:42+08:00 ] 127.0.0.1 /MyDemo/index.php/Home/User3View/hosInfo
INFO: [ app_init ] --START--
INFO: Run Behavior\BuildLiteBehavior [ RunTime:0.000029s ]
INFO: [ app_init ] --END-- [ RunTime:0.000525s ]
INFO: [ app_begin ] --START--
INFO: Run Behavior\ReadHtmlCacheBehavior [ RunTime:0.000672s ]
INFO: [ app_begin ] --END-- [ RunTime:0.000800s ]
SQL: select * from hos_hospital [ RunTime:0.0008s ]

[ 2016-04-17T10:33:24+08:00 ] 127.0.0.1 /MyDemo/index.php/Home/Index/login3
INFO: [ app_init ] --START--
INFO: Run Behavior\BuildLiteBehavior [ RunTime:0.000031s ]
INFO: [ app_init ] --END-- [ RunTime:0.000690s ]
INFO: [ app_begin ] --START--
INFO: Run Behavior\ReadHtmlCacheBehavior [ RunTime:0.000717s ]
INFO: [ app_begin ] --END-- [ RunTime:0.000846s ]
INFO: [ view_parse ] --START--
INFO: [ template_filter ] --START--
INFO: Run Behavior\ContentReplaceBehavior [ RunTime:0.000109s ]
INFO: [ template_filter ] --END-- [ RunTime:0.000274s ]
INFO: Run Behavior\ParseTemplateBehavior [ RunTime:0.009593s ]
INFO: [ view_parse ] --END-- [ RunTime:0.009937s ]
INFO: [ view_filter ] --START--
INFO: Run Behavior\WriteHtmlCacheBehavior [ RunTime:0.000451s ]
INFO: [ view_filter ] --END-- [ RunTime:0.000605s ]
INFO: [ app_end ] --START--
INFO: Run Behavior\ShowPageTraceBehavior [ RunTime:0.001075s ]
INFO: [ app_end ] --END-- [ RunTime:0.001229s ]

[ 2016-04-17T10:33:32+08:00 ] 127.0.0.1 /MyDemo/index.php/Home/Index/login3judge
INFO: [ app_init ] --START--
INFO: Run Behavior\BuildLiteBehavior [ RunTime:0.000026s ]
INFO: [ app_init ] --END-- [ RunTime:0.000408s ]
INFO: [ app_begin ] --START--
INFO: Run Behavior\ReadHtmlCacheBehavior [ RunTime:0.000497s ]
INFO: [ app_begin ] --END-- [ RunTime:0.000606s ]
SQL: SHOW COLUMNS FROM `hos_user3` [ RunTime:0.0296s ]
SQL: SELECT `username`,`logo`,`nickname`,`phonenum`,`email`,`password`,`stauts`,`sex`,`birthday` FROM `hos_user3` WHERE `username` = 'user1' LIMIT 1   [ RunTime:0.0004s ]
SQL: UPDATE `hos_user3` SET `last_login_time`='1460860412' WHERE `username` = 'user1' [ RunTime:0.0006s ]
INFO: [ view_parse ] --START--
INFO: [ template_filter ] --START--
INFO: Run Behavior\ContentReplaceBehavior [ RunTime:0.000229s ]
INFO: [ template_filter ] --END-- [ RunTime:0.000358s ]
NOTIC: [8] Undefined variable: errors C:\WebAppDemo\MyDemo\Application\Runtime\Cache\Home\0e05e19ca18f95ce2e9db01f4efcca68.php 第 106 行.
NOTIC: [8] Undefined variable: errors C:\WebAppDemo\MyDemo\Application\Runtime\Cache\Home\0e05e19ca18f95ce2e9db01f4efcca68.php 第 131 行.
INFO: Run Behavior\ParseTemplateBehavior [ RunTime:0.024710s ]
INFO: [ view_parse ] --END-- [ RunTime:0.024825s ]
INFO: [ view_filter ] --START--
INFO: Run Behavior\WriteHtmlCacheBehavior [ RunTime:0.000311s ]
INFO: [ view_filter ] --END-- [ RunTime:0.000521s ]
INFO: [ app_end ] --START--
INFO: Run Behavior\ShowPageTraceBehavior [ RunTime:0.000990s ]
INFO: [ app_end ] --END-- [ RunTime:0.001184s ]

[ 2016-04-17T10:33:32+08:00 ] 127.0.0.1 /MyDemo/index.php/Home/User3View/hosInfo
INFO: [ app_init ] --START--
INFO: Run Behavior\BuildLiteBehavior [ RunTime:0.000029s ]
INFO: [ app_init ] --END-- [ RunTime:0.000450s ]
INFO: [ app_begin ] --START--
INFO: Run Behavior\ReadHtmlCacheBehavior [ RunTime:0.000892s ]
INFO: [ app_begin ] --END-- [ RunTime:0.001092s ]
SQL: select * from hos_hospital [ RunTime:0.0008s ]

[ 2016-04-17T10:34:01+08:00 ] 127.0.0.1 /MyDemo/index.php/Home/User3View/hosInfo
INFO: [ app_init ] --START--
INFO: Run Behavior\BuildLiteBehavior [ RunTime:0.000043s ]
INFO: [ app_init ] --END-- [ RunTime:0.000700s ]
INFO: [ app_begin ] --START--
INFO: Run Behavior\ReadHtmlCacheBehavior [ RunTime:0.000914s ]
INFO: [ app_begin ] --END-- [ RunTime:0.001116s ]
SQL: select * from hos_hospital [ RunTime:0.0007s ]

[ 2016-04-17T12:47:15+08:00 ] 127.0.0.1 /MyDemo/
INFO: [ app_init ] --START--
INFO: Run Behavior\BuildLiteBehavior [ RunTime:0.000036s ]
INFO: [ app_init ] --END-- [ RunTime:0.009719s ]
INFO: [ app_begin ] --START--
INFO: Run Behavior\ReadHtmlCacheBehavior [ RunTime:0.013419s ]
INFO: [ app_begin ] --END-- [ RunTime:0.013634s ]
SQL: SHOW COLUMNS FROM `hos_user3` [ RunTime:0.0240s ]
SQL: SHOW COLUMNS FROM `hos_hospital` [ RunTime:0.0257s ]
SQL: SELECT COUNT(*) AS tp_count FROM `hos_user3` LIMIT 1   [ RunTime:0.0006s ]
SQL: SELECT COUNT(*) AS tp_count FROM `hos_hospital` LIMIT 1   [ RunTime:0.0009s ]
INFO: [ view_parse ] --START--
INFO: [ template_filter ] --START--
INFO: Run Behavior\ContentReplaceBehavior [ RunTime:0.000253s ]
INFO: [ template_filter ] --END-- [ RunTime:0.000573s ]
INFO: Run Behavior\ParseTemplateBehavior [ RunTime:0.106710s ]
INFO: [ view_parse ] --END-- [ RunTime:0.107055s ]
INFO: [ view_filter ] --START--
INFO: Run Behavior\WriteHtmlCacheBehavior [ RunTime:0.006758s ]
INFO: [ view_filter ] --END-- [ RunTime:0.006927s ]
INFO: [ app_end ] --START--
INFO: Run Behavior\ShowPageTraceBehavior [ RunTime:0.006838s ]
INFO: [ app_end ] --END-- [ RunTime:0.007002s ]

[ 2016-04-17T12:47:50+08:00 ] 127.0.0.1 /MyDemo/index.php/Home/Index/login3
INFO: [ app_init ] --START--
INFO: Run Behavior\BuildLiteBehavior [ RunTime:0.000042s ]
INFO: [ app_init ] --END-- [ RunTime:0.000750s ]
INFO: [ app_begin ] --START--
INFO: Run Behavior\ReadHtmlCacheBehavior [ RunTime:0.001020s ]
INFO: [ app_begin ] --END-- [ RunTime:0.001208s ]
INFO: [ view_parse ] --START--
INFO: [ template_filter ] --START--
INFO: Run Behavior\ContentReplaceBehavior [ RunTime:0.000097s ]
INFO: [ template_filter ] --END-- [ RunTime:0.000238s ]
INFO: Run Behavior\ParseTemplateBehavior [ RunTime:0.021251s ]
INFO: [ view_parse ] --END-- [ RunTime:0.021510s ]
INFO: [ view_filter ] --START--
INFO: Run Behavior\WriteHtmlCacheBehavior [ RunTime:0.000630s ]
INFO: [ view_filter ] --END-- [ RunTime:0.000781s ]
INFO: [ app_end ] --START--
INFO: Run Behavior\ShowPageTraceBehavior [ RunTime:0.000648s ]
INFO: [ app_end ] --END-- [ RunTime:0.000781s ]

[ 2016-04-17T13:00:00+08:00 ] 127.0.0.1 /MyDemo/
INFO: [ app_init ] --START--
INFO: Run Behavior\BuildLiteBehavior [ RunTime:0.000032s ]
INFO: [ app_init ] --END-- [ RunTime:0.001262s ]
INFO: [ app_begin ] --START--
INFO: Run Behavior\ReadHtmlCacheBehavior [ RunTime:0.001574s ]
INFO: [ app_begin ] --END-- [ RunTime:0.001727s ]
SQL: SHOW COLUMNS FROM `hos_user3` [ RunTime:0.0150s ]
SQL: SHOW COLUMNS FROM `hos_hospital` [ RunTime:0.0117s ]
SQL: SELECT COUNT(*) AS tp_count FROM `hos_user3` LIMIT 1   [ RunTime:0.0003s ]
SQL: SELECT COUNT(*) AS tp_count FROM `hos_hospital` LIMIT 1   [ RunTime:0.0003s ]
INFO: [ view_parse ] --START--
INFO: [ template_filter ] --START--
INFO: Run Behavior\ContentReplaceBehavior [ RunTime:0.000180s ]
INFO: [ template_filter ] --END-- [ RunTime:0.000326s ]
INFO: Run Behavior\ParseTemplateBehavior [ RunTime:0.089520s ]
INFO: [ view_parse ] --END-- [ RunTime:0.089690s ]
INFO: [ view_filter ] --START--
INFO: Run Behavior\WriteHtmlCacheBehavior [ RunTime:0.001352s ]
INFO: [ view_filter ] --END-- [ RunTime:0.001480s ]
INFO: [ app_end ] --START--
INFO: Run Behavior\ShowPageTraceBehavior [ RunTime:0.001477s ]
INFO: [ app_end ] --END-- [ RunTime:0.001600s ]

[ 2016-04-17T13:00:02+08:00 ] 127.0.0.1 /MyDemo/index.php/Home/Index/login3
INFO: [ app_init ] --START--
INFO: Run Behavior\BuildLiteBehavior [ RunTime:0.000038s ]
INFO: [ app_init ] --END-- [ RunTime:0.000511s ]
INFO: [ app_begin ] --START--
INFO: Run Behavior\ReadHtmlCacheBehavior [ RunTime:0.000805s ]
INFO: [ app_begin ] --END-- [ RunTime:0.000957s ]
INFO: [ view_parse ] --START--
INFO: [ template_filter ] --START--
INFO: Run Behavior\ContentReplaceBehavior [ RunTime:0.000133s ]
INFO: [ template_filter ] --END-- [ RunTime:0.000355s ]
INFO: Run Behavior\ParseTemplateBehavior [ RunTime:0.012034s ]
INFO: [ view_parse ] --END-- [ RunTime:0.012240s ]
INFO: [ view_filter ] --START--
INFO: Run Behavior\WriteHtmlCacheBehavior [ RunTime:0.000604s ]
INFO: [ view_filter ] --END-- [ RunTime:0.000812s ]
INFO: [ app_end ] --START--
INFO: Run Behavior\ShowPageTraceBehavior [ RunTime:0.000884s ]
INFO: [ app_end ] --END-- [ RunTime:0.001052s ]

