[ 2016-04-25T14:56:55+08:00 ] 127.0.0.1 /MyDemo/
INFO: [ app_init ] --START--
INFO: Run Behavior\BuildLiteBehavior [ RunTime:0.000053s ]
INFO: [ app_init ] --END-- [ RunTime:0.009930s ]
INFO: [ app_begin ] --START--
INFO: Run Behavior\ReadHtmlCacheBehavior [ RunTime:0.012309s ]
INFO: [ app_begin ] --END-- [ RunTime:0.012487s ]
SQL: SHOW COLUMNS FROM `hos_user3` [ RunTime:0.0355s ]
SQL: SHOW COLUMNS FROM `hos_hospital` [ RunTime:0.0253s ]
SQL: SELECT COUNT(*) AS tp_count FROM `hos_user3` LIMIT 1   [ RunTime:0.0024s ]
SQL: SELECT COUNT(*) AS tp_count FROM `hos_hospital` LIMIT 1   [ RunTime:0.0003s ]
INFO: [ view_parse ] --START--
INFO: [ template_filter ] --START--
INFO: Run Behavior\ContentReplaceBehavior [ RunTime:0.000171s ]
INFO: [ template_filter ] --END-- [ RunTime:0.000364s ]
INFO: Run Behavior\ParseTemplateBehavior [ RunTime:0.100723s ]
INFO: [ view_parse ] --END-- [ RunTime:0.100875s ]
INFO: [ view_filter ] --START--
INFO: Run Behavior\WriteHtmlCacheBehavior [ RunTime:0.006793s ]
INFO: [ view_filter ] --END-- [ RunTime:0.006927s ]
INFO: [ app_end ] --START--
INFO: Run Behavior\ShowPageTraceBehavior [ RunTime:0.007035s ]
INFO: [ app_end ] --END-- [ RunTime:0.007169s ]

[ 2016-04-25T14:56:56+08:00 ] 127.0.0.1 /MyDemo/index.php/Home/Index/login3
INFO: [ app_init ] --START--
INFO: Run Behavior\BuildLiteBehavior [ RunTime:0.000033s ]
INFO: [ app_init ] --END-- [ RunTime:0.000635s ]
INFO: [ app_begin ] --START--
INFO: Run Behavior\ReadHtmlCacheBehavior [ RunTime:0.001001s ]
INFO: [ app_begin ] --END-- [ RunTime:0.001209s ]
INFO: [ view_parse ] --START--
INFO: [ template_filter ] --START--
INFO: Run Behavior\ContentReplaceBehavior [ RunTime:0.000076s ]
INFO: [ template_filter ] --END-- [ RunTime:0.000203s ]
INFO: Run Behavior\ParseTemplateBehavior [ RunTime:0.026096s ]
INFO: [ view_parse ] --END-- [ RunTime:0.026288s ]
INFO: [ view_filter ] --START--
INFO: Run Behavior\WriteHtmlCacheBehavior [ RunTime:0.000473s ]
INFO: [ view_filter ] --END-- [ RunTime:0.000600s ]
INFO: [ app_end ] --START--
INFO: Run Behavior\ShowPageTraceBehavior [ RunTime:0.000640s ]
INFO: [ app_end ] --END-- [ RunTime:0.000752s ]

[ 2016-04-25T14:57:03+08:00 ] 127.0.0.1 /MyDemo/index.php/Home/Index/login3judge
INFO: [ app_init ] --START--
INFO: Run Behavior\BuildLiteBehavior [ RunTime:0.000046s ]
INFO: [ app_init ] --END-- [ RunTime:0.000662s ]
INFO: [ app_begin ] --START--
INFO: Run Behavior\ReadHtmlCacheBehavior [ RunTime:0.000599s ]
INFO: [ app_begin ] --END-- [ RunTime:0.000733s ]
SQL: SHOW COLUMNS FROM `hos_user3` [ RunTime:0.0169s ]
SQL: SELECT `username`,`logo`,`nickname`,`phonenum`,`email`,`password`,`stauts`,`sex`,`birthday` FROM `hos_user3` WHERE `username` = 'user1' LIMIT 1   [ RunTime:0.0022s ]
SQL: UPDATE `hos_user3` SET `last_login_time`='1461567423' WHERE `username` = 'user1' [ RunTime:0.0018s ]
INFO: [ view_parse ] --START--
INFO: [ template_filter ] --START--
INFO: Run Behavior\ContentReplaceBehavior [ RunTime:0.000216s ]
INFO: [ template_filter ] --END-- [ RunTime:0.000346s ]
NOTIC: [8] Undefined variable: errors C:\WebAppDemo\MyDemo\Application\Runtime\Cache\Home\0e05e19ca18f95ce2e9db01f4efcca68.php 第 123 行.
NOTIC: [8] Undefined variable: errors C:\WebAppDemo\MyDemo\Application\Runtime\Cache\Home\0e05e19ca18f95ce2e9db01f4efcca68.php 第 148 行.
INFO: Run Behavior\ParseTemplateBehavior [ RunTime:0.035835s ]
INFO: [ view_parse ] --END-- [ RunTime:0.035964s ]
INFO: [ view_filter ] --START--
INFO: Run Behavior\WriteHtmlCacheBehavior [ RunTime:0.000313s ]
INFO: [ view_filter ] --END-- [ RunTime:0.000419s ]
INFO: [ app_end ] --START--
INFO: Run Behavior\ShowPageTraceBehavior [ RunTime:0.000556s ]
INFO: [ app_end ] --END-- [ RunTime:0.000665s ]

[ 2016-04-25T14:57:03+08:00 ] 127.0.0.1 /MyDemo/index.php/Home/User3View/hosInfo
INFO: [ app_init ] --START--
INFO: Run Behavior\BuildLiteBehavior [ RunTime:0.000030s ]
INFO: [ app_init ] --END-- [ RunTime:0.000560s ]
INFO: [ app_begin ] --START--
INFO: Run Behavior\ReadHtmlCacheBehavior [ RunTime:0.000873s ]
INFO: [ app_begin ] --END-- [ RunTime:0.001082s ]
SQL: select * from hos_hospital [ RunTime:0.0010s ]

[ 2016-04-25T14:57:05+08:00 ] 127.0.0.1 /MyDemo/index.php/Home/User3View/officeInfo
INFO: [ app_init ] --START--
INFO: Run Behavior\BuildLiteBehavior [ RunTime:0.000030s ]
INFO: [ app_init ] --END-- [ RunTime:0.000504s ]
INFO: [ app_begin ] --START--
INFO: Run Behavior\ReadHtmlCacheBehavior [ RunTime:0.000709s ]
INFO: [ app_begin ] --END-- [ RunTime:0.000829s ]
SQL: SELECT a.id,a.name,a.category,a.content,a.hos_id,b.name hos_name FROM hos_department a,hos_hospital b where
a.hos_id = b.id AND b.id=1 [ RunTime:0.0130s ]

[ 2016-04-25T14:57:07+08:00 ] 127.0.0.1 /MyDemo/index.php/Home/User3View/officeInfo2
INFO: [ app_init ] --START--
INFO: Run Behavior\BuildLiteBehavior [ RunTime:0.000027s ]
INFO: [ app_init ] --END-- [ RunTime:0.000437s ]
INFO: [ app_begin ] --START--
INFO: Run Behavior\ReadHtmlCacheBehavior [ RunTime:0.000583s ]
INFO: [ app_begin ] --END-- [ RunTime:0.000694s ]
SQL: SELECT *FROM hos_user2 WHERE stauts=1 AND depart_id=3 [ RunTime:0.0115s ]

[ 2016-04-25T14:57:07+08:00 ] 127.0.0.1 /MyDemo/index.php/Home/User3View/officeInfo
INFO: [ app_init ] --START--
INFO: Run Behavior\BuildLiteBehavior [ RunTime:0.000027s ]
INFO: [ app_init ] --END-- [ RunTime:0.000454s ]
INFO: [ app_begin ] --START--
INFO: Run Behavior\ReadHtmlCacheBehavior [ RunTime:0.000644s ]
INFO: [ app_begin ] --END-- [ RunTime:0.000765s ]
SQL: SELECT a.id,a.name,a.category,a.content,a.hos_id,b.name hos_name FROM hos_department a,hos_hospital b where
a.hos_id = b.id AND b.id=1 [ RunTime:0.0007s ]

[ 2016-04-25T14:57:19+08:00 ] 127.0.0.1 /MyDemo/index.php/Home/User3View/doctorInfo
INFO: [ app_init ] --START--
INFO: Run Behavior\BuildLiteBehavior [ RunTime:0.000031s ]
INFO: [ app_init ] --END-- [ RunTime:0.000481s ]
INFO: [ app_begin ] --START--
INFO: Run Behavior\ReadHtmlCacheBehavior [ RunTime:0.000661s ]
INFO: [ app_begin ] --END-- [ RunTime:0.000812s ]
SQL: SELECT a.id,a.name,a.introduction,a.logo,a.email,a.place,b.name departname,c.name hos_name
            FROM hos_user2 a,hos_department b,hos_hospital c where
            b.hos_id = c.id AND a.depart_id=b.id AND a.id=1005 [ RunTime:0.0061s ]

[ 2016-04-25T14:57:42+08:00 ] 127.0.0.1 /MyDemo/index.php/Home/User3View/doctorInfo
INFO: [ app_init ] --START--
INFO: Run Behavior\BuildLiteBehavior [ RunTime:0.000030s ]
INFO: [ app_init ] --END-- [ RunTime:0.000480s ]
INFO: [ app_begin ] --START--
INFO: Run Behavior\ReadHtmlCacheBehavior [ RunTime:0.000600s ]
INFO: [ app_begin ] --END-- [ RunTime:0.000724s ]
SQL: SELECT a.id,a.name,a.introduction,a.logo,a.email,a.place,b.name departname,c.name hos_name
            FROM hos_user2 a,hos_department b,hos_hospital c where
            b.hos_id = c.id AND a.depart_id=b.id AND a.id=1005 [ RunTime:0.0008s ]

[ 2016-04-25T15:05:53+08:00 ] 127.0.0.1 /MyDemo/index.php/Home/Index/login3judge
INFO: [ app_init ] --START--
INFO: Run Behavior\BuildLiteBehavior [ RunTime:0.000078s ]
INFO: [ app_init ] --END-- [ RunTime:0.001046s ]
INFO: [ app_begin ] --START--
INFO: Run Behavior\ReadHtmlCacheBehavior [ RunTime:0.001470s ]
INFO: [ app_begin ] --END-- [ RunTime:0.001745s ]
SQL: SHOW COLUMNS FROM `hos_user3` [ RunTime:0.0388s ]
SQL: SELECT `username`,`logo`,`nickname`,`phonenum`,`email`,`password`,`stauts`,`sex`,`birthday` FROM `hos_user3` WHERE `username` = 'user1' LIMIT 1   [ RunTime:0.0009s ]
SQL: UPDATE `hos_user3` SET `last_login_time`='1461567953' WHERE `username` = 'user1' [ RunTime:0.0008s ]
INFO: [ view_parse ] --START--
INFO: [ template_filter ] --START--
INFO: Run Behavior\ContentReplaceBehavior [ RunTime:0.000195s ]
INFO: [ template_filter ] --END-- [ RunTime:0.000315s ]
NOTIC: [8] Undefined variable: errors C:\WebAppDemo\MyDemo\Application\Runtime\Cache\Home\0e05e19ca18f95ce2e9db01f4efcca68.php 第 123 行.
NOTIC: [8] Undefined variable: errors C:\WebAppDemo\MyDemo\Application\Runtime\Cache\Home\0e05e19ca18f95ce2e9db01f4efcca68.php 第 148 行.
INFO: Run Behavior\ParseTemplateBehavior [ RunTime:0.042106s ]
INFO: [ view_parse ] --END-- [ RunTime:0.042285s ]
INFO: [ view_filter ] --START--
INFO: Run Behavior\WriteHtmlCacheBehavior [ RunTime:0.000409s ]
INFO: [ view_filter ] --END-- [ RunTime:0.000509s ]
INFO: [ app_end ] --START--
INFO: Run Behavior\ShowPageTraceBehavior [ RunTime:0.000585s ]
INFO: [ app_end ] --END-- [ RunTime:0.000706s ]

[ 2016-04-25T15:05:53+08:00 ] 127.0.0.1 /MyDemo/index.php/Home/User3View/hosInfo
INFO: [ app_init ] --START--
INFO: Run Behavior\BuildLiteBehavior [ RunTime:0.000043s ]
INFO: [ app_init ] --END-- [ RunTime:0.001127s ]
INFO: [ app_begin ] --START--
INFO: Run Behavior\ReadHtmlCacheBehavior [ RunTime:0.001288s ]
INFO: [ app_begin ] --END-- [ RunTime:0.001502s ]
SQL: select * from hos_hospital [ RunTime:0.0016s ]

[ 2016-04-25T15:05:56+08:00 ] 127.0.0.1 /MyDemo/index.php/Home/User3View/officeInfo
INFO: [ app_init ] --START--
INFO: Run Behavior\BuildLiteBehavior [ RunTime:0.000030s ]
INFO: [ app_init ] --END-- [ RunTime:0.000491s ]
INFO: [ app_begin ] --START--
INFO: Run Behavior\ReadHtmlCacheBehavior [ RunTime:0.000617s ]
INFO: [ app_begin ] --END-- [ RunTime:0.000737s ]
SQL: SELECT a.id,a.name,a.category,a.content,a.hos_id,b.name hos_name FROM hos_department a,hos_hospital b where
a.hos_id = b.id AND b.id=2 [ RunTime:0.0007s ]

[ 2016-04-25T15:05:57+08:00 ] 127.0.0.1 /MyDemo/index.php/Home/User3View/officeInfo2
INFO: [ app_init ] --START--
INFO: Run Behavior\BuildLiteBehavior [ RunTime:0.000028s ]
INFO: [ app_init ] --END-- [ RunTime:0.000434s ]
INFO: [ app_begin ] --START--
INFO: Run Behavior\ReadHtmlCacheBehavior [ RunTime:0.000525s ]
INFO: [ app_begin ] --END-- [ RunTime:0.000627s ]
SQL: SELECT *FROM hos_user2 WHERE stauts=1 AND depart_id=8 [ RunTime:0.0005s ]

[ 2016-04-25T15:05:57+08:00 ] 127.0.0.1 /MyDemo/index.php/Home/User3View/officeInfo
INFO: [ app_init ] --START--
INFO: Run Behavior\BuildLiteBehavior [ RunTime:0.000025s ]
INFO: [ app_init ] --END-- [ RunTime:0.000397s ]
INFO: [ app_begin ] --START--
INFO: Run Behavior\ReadHtmlCacheBehavior [ RunTime:0.000630s ]
INFO: [ app_begin ] --END-- [ RunTime:0.000769s ]
SQL: SELECT a.id,a.name,a.category,a.content,a.hos_id,b.name hos_name FROM hos_department a,hos_hospital b where
a.hos_id = b.id AND b.id=2 [ RunTime:0.0005s ]

[ 2016-04-25T15:05:59+08:00 ] 127.0.0.1 /MyDemo/index.php/Home/User3View/doctorInfo
INFO: [ app_init ] --START--
INFO: Run Behavior\BuildLiteBehavior [ RunTime:0.000043s ]
INFO: [ app_init ] --END-- [ RunTime:0.000555s ]
INFO: [ app_begin ] --START--
INFO: Run Behavior\ReadHtmlCacheBehavior [ RunTime:0.000755s ]
INFO: [ app_begin ] --END-- [ RunTime:0.000876s ]
SQL: SELECT a.id,a.name,a.introduction,a.logo,a.email,a.place,b.name departname,c.name hos_name
            FROM hos_user2 a,hos_department b,hos_hospital c where
            b.hos_id = c.id AND a.depart_id=b.id AND a.id=1010 [ RunTime:0.0007s ]

[ 2016-04-25T15:06:42+08:00 ] 127.0.0.1 /MyDemo/index.php/Home/Index/login3judge
INFO: [ app_init ] --START--
INFO: Run Behavior\BuildLiteBehavior [ RunTime:0.000040s ]
INFO: [ app_init ] --END-- [ RunTime:0.000500s ]
INFO: [ app_begin ] --START--
INFO: Run Behavior\ReadHtmlCacheBehavior [ RunTime:0.000616s ]
INFO: [ app_begin ] --END-- [ RunTime:0.000754s ]
SQL: SHOW COLUMNS FROM `hos_user3` [ RunTime:0.0229s ]
SQL: SELECT `username`,`logo`,`nickname`,`phonenum`,`email`,`password`,`stauts`,`sex`,`birthday` FROM `hos_user3` WHERE `username` = 'user1' LIMIT 1   [ RunTime:0.0005s ]
SQL: UPDATE `hos_user3` SET `last_login_time`='1461568002' WHERE `username` = 'user1' [ RunTime:0.0004s ]
INFO: [ view_parse ] --START--
INFO: [ template_filter ] --START--
INFO: Run Behavior\ContentReplaceBehavior [ RunTime:0.000209s ]
INFO: [ template_filter ] --END-- [ RunTime:0.000342s ]
NOTIC: [8] Undefined variable: errors C:\WebAppDemo\MyDemo\Application\Runtime\Cache\Home\0e05e19ca18f95ce2e9db01f4efcca68.php 第 123 行.
NOTIC: [8] Undefined variable: errors C:\WebAppDemo\MyDemo\Application\Runtime\Cache\Home\0e05e19ca18f95ce2e9db01f4efcca68.php 第 148 行.
INFO: Run Behavior\ParseTemplateBehavior [ RunTime:0.025947s ]
INFO: [ view_parse ] --END-- [ RunTime:0.026090s ]
INFO: [ view_filter ] --START--
INFO: Run Behavior\WriteHtmlCacheBehavior [ RunTime:0.000448s ]
INFO: [ view_filter ] --END-- [ RunTime:0.000573s ]
INFO: [ app_end ] --START--
INFO: Run Behavior\ShowPageTraceBehavior [ RunTime:0.000666s ]
INFO: [ app_end ] --END-- [ RunTime:0.000776s ]

[ 2016-04-25T15:06:42+08:00 ] 127.0.0.1 /MyDemo/index.php/Home/User3View/hosInfo
INFO: [ app_init ] --START--
INFO: Run Behavior\BuildLiteBehavior [ RunTime:0.000050s ]
INFO: [ app_init ] --END-- [ RunTime:0.000772s ]
INFO: [ app_begin ] --START--
INFO: Run Behavior\ReadHtmlCacheBehavior [ RunTime:0.000888s ]
INFO: [ app_begin ] --END-- [ RunTime:0.001109s ]
SQL: select * from hos_hospital [ RunTime:0.0010s ]

[ 2016-04-25T15:06:44+08:00 ] 127.0.0.1 /MyDemo/index.php/Home/User3View/hosInfo
INFO: [ app_init ] --START--
INFO: Run Behavior\BuildLiteBehavior [ RunTime:0.000028s ]
INFO: [ app_init ] --END-- [ RunTime:0.000461s ]
INFO: [ app_begin ] --START--
INFO: Run Behavior\ReadHtmlCacheBehavior [ RunTime:0.000548s ]
INFO: [ app_begin ] --END-- [ RunTime:0.000671s ]
SQL: select * from hos_hospital [ RunTime:0.0007s ]

[ 2016-04-25T15:06:45+08:00 ] 127.0.0.1 /MyDemo/index.php/Home/User3View/officeInfo
INFO: [ app_init ] --START--
INFO: Run Behavior\BuildLiteBehavior [ RunTime:0.000031s ]
INFO: [ app_init ] --END-- [ RunTime:0.000518s ]
INFO: [ app_begin ] --START--
INFO: Run Behavior\ReadHtmlCacheBehavior [ RunTime:0.000652s ]
INFO: [ app_begin ] --END-- [ RunTime:0.000836s ]
SQL: SELECT a.id,a.name,a.category,a.content,a.hos_id,b.name hos_name FROM hos_department a,hos_hospital b where
a.hos_id = b.id AND b.id=2 [ RunTime:0.0006s ]

[ 2016-04-25T15:06:46+08:00 ] 127.0.0.1 /MyDemo/index.php/Home/User3View/officeInfo2
INFO: [ app_init ] --START--
INFO: Run Behavior\BuildLiteBehavior [ RunTime:0.000046s ]
INFO: [ app_init ] --END-- [ RunTime:0.000686s ]
INFO: [ app_begin ] --START--
INFO: Run Behavior\ReadHtmlCacheBehavior [ RunTime:0.000836s ]
INFO: [ app_begin ] --END-- [ RunTime:0.001025s ]
SQL: SELECT *FROM hos_user2 WHERE stauts=1 AND depart_id=8 [ RunTime:0.0007s ]

[ 2016-04-25T15:06:46+08:00 ] 127.0.0.1 /MyDemo/index.php/Home/User3View/officeInfo
INFO: [ app_init ] --START--
INFO: Run Behavior\BuildLiteBehavior [ RunTime:0.000029s ]
INFO: [ app_init ] --END-- [ RunTime:0.000443s ]
INFO: [ app_begin ] --START--
INFO: Run Behavior\ReadHtmlCacheBehavior [ RunTime:0.000527s ]
INFO: [ app_begin ] --END-- [ RunTime:0.000633s ]
SQL: SELECT a.id,a.name,a.category,a.content,a.hos_id,b.name hos_name FROM hos_department a,hos_hospital b where
a.hos_id = b.id AND b.id=2 [ RunTime:0.0006s ]

[ 2016-04-25T15:06:48+08:00 ] 127.0.0.1 /MyDemo/index.php/Home/User3View/doctorInfo
INFO: [ app_init ] --START--
INFO: Run Behavior\BuildLiteBehavior [ RunTime:0.000076s ]
INFO: [ app_init ] --END-- [ RunTime:0.000608s ]
INFO: [ app_begin ] --START--
INFO: Run Behavior\ReadHtmlCacheBehavior [ RunTime:0.000632s ]
INFO: [ app_begin ] --END-- [ RunTime:0.000771s ]
SQL: SELECT a.id,a.name,a.introduction,a.logo,a.email,a.place,b.name departname,c.name hos_name
            FROM hos_user2 a,hos_department b,hos_hospital c where
            b.hos_id = c.id AND a.depart_id=b.id AND a.id=1010 [ RunTime:0.0005s ]

[ 2016-04-25T15:07:09+08:00 ] 127.0.0.1 /MyDemo/index.php/Home/User3View/doctorInfo
INFO: [ app_init ] --START--
INFO: Run Behavior\BuildLiteBehavior [ RunTime:0.000031s ]
INFO: [ app_init ] --END-- [ RunTime:0.000497s ]
INFO: [ app_begin ] --START--
INFO: Run Behavior\ReadHtmlCacheBehavior [ RunTime:0.000620s ]
INFO: [ app_begin ] --END-- [ RunTime:0.000744s ]
SQL: SELECT a.id,a.name,a.introduction,a.logo,a.email,a.place,b.name departname,c.name hos_name
            FROM hos_user2 a,hos_department b,hos_hospital c where
            b.hos_id = c.id AND a.depart_id=b.id AND a.id=1010 [ RunTime:0.0006s ]

[ 2016-04-25T15:07:35+08:00 ] 127.0.0.1 /MyDemo/index.php/Home/User3View/doctorInfo
INFO: [ app_init ] --START--
INFO: Run Behavior\BuildLiteBehavior [ RunTime:0.000045s ]
INFO: [ app_init ] --END-- [ RunTime:0.000550s ]
INFO: [ app_begin ] --START--
INFO: Run Behavior\ReadHtmlCacheBehavior [ RunTime:0.000618s ]
INFO: [ app_begin ] --END-- [ RunTime:0.000739s ]
SQL: SELECT a.id,a.name,a.introduction,a.logo,a.email,a.place,b.name departname,c.name hos_name
            FROM hos_user2 a,hos_department b,hos_hospital c where
            b.hos_id = c.id AND a.depart_id=b.id AND a.id=1010 [ RunTime:0.0006s ]

[ 2016-04-25T15:09:50+08:00 ] 127.0.0.1 /MyDemo/index.php/Home/Index/login3judge
INFO: [ app_init ] --START--
INFO: Run Behavior\BuildLiteBehavior [ RunTime:0.000031s ]
INFO: [ app_init ] --END-- [ RunTime:0.000620s ]
INFO: [ app_begin ] --START--
INFO: Run Behavior\ReadHtmlCacheBehavior [ RunTime:0.000713s ]
INFO: [ app_begin ] --END-- [ RunTime:0.000849s ]
SQL: SHOW COLUMNS FROM `hos_user3` [ RunTime:0.0149s ]
SQL: SELECT `username`,`logo`,`nickname`,`phonenum`,`email`,`password`,`stauts`,`sex`,`birthday` FROM `hos_user3` WHERE `username` = 'user1' LIMIT 1   [ RunTime:0.0003s ]
SQL: UPDATE `hos_user3` SET `last_login_time`='1461568190' WHERE `username` = 'user1' [ RunTime:0.0005s ]
INFO: [ view_parse ] --START--
INFO: [ template_filter ] --START--
INFO: Run Behavior\ContentReplaceBehavior [ RunTime:0.000289s ]
INFO: [ template_filter ] --END-- [ RunTime:0.000509s ]
NOTIC: [8] Undefined variable: errors C:\WebAppDemo\MyDemo\Application\Runtime\Cache\Home\0e05e19ca18f95ce2e9db01f4efcca68.php 第 123 行.
NOTIC: [8] Undefined variable: errors C:\WebAppDemo\MyDemo\Application\Runtime\Cache\Home\0e05e19ca18f95ce2e9db01f4efcca68.php 第 148 行.
INFO: Run Behavior\ParseTemplateBehavior [ RunTime:0.031568s ]
INFO: [ view_parse ] --END-- [ RunTime:0.031704s ]
INFO: [ view_filter ] --START--
INFO: Run Behavior\WriteHtmlCacheBehavior [ RunTime:0.000405s ]
INFO: [ view_filter ] --END-- [ RunTime:0.000527s ]
INFO: [ app_end ] --START--
INFO: Run Behavior\ShowPageTraceBehavior [ RunTime:0.000614s ]
INFO: [ app_end ] --END-- [ RunTime:0.000722s ]

[ 2016-04-25T15:09:50+08:00 ] 127.0.0.1 /MyDemo/index.php/Home/User3View/hosInfo
INFO: [ app_init ] --START--
INFO: Run Behavior\BuildLiteBehavior [ RunTime:0.000052s ]
INFO: [ app_init ] --END-- [ RunTime:0.000804s ]
INFO: [ app_begin ] --START--
INFO: Run Behavior\ReadHtmlCacheBehavior [ RunTime:0.001153s ]
INFO: [ app_begin ] --END-- [ RunTime:0.001418s ]
SQL: select * from hos_hospital [ RunTime:0.0017s ]

[ 2016-04-25T15:09:52+08:00 ] 127.0.0.1 /MyDemo/index.php/Home/User3View/officeInfo
INFO: [ app_init ] --START--
INFO: Run Behavior\BuildLiteBehavior [ RunTime:0.000034s ]
INFO: [ app_init ] --END-- [ RunTime:0.000497s ]
INFO: [ app_begin ] --START--
INFO: Run Behavior\ReadHtmlCacheBehavior [ RunTime:0.000678s ]
INFO: [ app_begin ] --END-- [ RunTime:0.000810s ]
SQL: SELECT a.id,a.name,a.category,a.content,a.hos_id,b.name hos_name FROM hos_department a,hos_hospital b where
a.hos_id = b.id AND b.id=2 [ RunTime:0.0005s ]

[ 2016-04-25T15:09:53+08:00 ] 127.0.0.1 /MyDemo/index.php/Home/User3View/officeInfo2
INFO: [ app_init ] --START--
INFO: Run Behavior\BuildLiteBehavior [ RunTime:0.000030s ]
INFO: [ app_init ] --END-- [ RunTime:0.000520s ]
INFO: [ app_begin ] --START--
INFO: Run Behavior\ReadHtmlCacheBehavior [ RunTime:0.000573s ]
INFO: [ app_begin ] --END-- [ RunTime:0.000684s ]
SQL: SELECT *FROM hos_user2 WHERE stauts=1 AND depart_id=6 [ RunTime:0.0006s ]

[ 2016-04-25T15:09:53+08:00 ] 127.0.0.1 /MyDemo/index.php/Home/User3View/officeInfo
INFO: [ app_init ] --START--
INFO: Run Behavior\BuildLiteBehavior [ RunTime:0.000025s ]
INFO: [ app_init ] --END-- [ RunTime:0.000429s ]
INFO: [ app_begin ] --START--
INFO: Run Behavior\ReadHtmlCacheBehavior [ RunTime:0.000488s ]
INFO: [ app_begin ] --END-- [ RunTime:0.000582s ]
SQL: SELECT a.id,a.name,a.category,a.content,a.hos_id,b.name hos_name FROM hos_department a,hos_hospital b where
a.hos_id = b.id AND b.id=2 [ RunTime:0.0006s ]

[ 2016-04-25T15:09:54+08:00 ] 127.0.0.1 /MyDemo/index.php/Home/User3View/doctorInfo
INFO: [ app_init ] --START--
INFO: Run Behavior\BuildLiteBehavior [ RunTime:0.000032s ]
INFO: [ app_init ] --END-- [ RunTime:0.000497s ]
INFO: [ app_begin ] --START--
INFO: Run Behavior\ReadHtmlCacheBehavior [ RunTime:0.000598s ]
INFO: [ app_begin ] --END-- [ RunTime:0.000718s ]
SQL: SELECT a.id,a.name,a.introduction,a.logo,a.email,a.place,b.name departname,c.name hos_name
            FROM hos_user2 a,hos_department b,hos_hospital c where
            b.hos_id = c.id AND a.depart_id=b.id AND a.id=1008 [ RunTime:0.0005s ]

[ 2016-04-25T15:10:00+08:00 ] 127.0.0.1 /MyDemo/index.php/Home/User3View/doctorInfo
INFO: [ app_init ] --START--
INFO: Run Behavior\BuildLiteBehavior [ RunTime:0.000030s ]
INFO: [ app_init ] --END-- [ RunTime:0.000510s ]
INFO: [ app_begin ] --START--
INFO: Run Behavior\ReadHtmlCacheBehavior [ RunTime:0.000934s ]
INFO: [ app_begin ] --END-- [ RunTime:0.001128s ]
SQL: SELECT a.id,a.name,a.introduction,a.logo,a.email,a.place,b.name departname,c.name hos_name
            FROM hos_user2 a,hos_department b,hos_hospital c where
            b.hos_id = c.id AND a.depart_id=b.id AND a.id=1008 [ RunTime:0.0006s ]

[ 2016-04-25T18:31:06+08:00 ] 127.0.0.1 /MyDemo/
INFO: [ app_init ] --START--
INFO: Run Behavior\BuildLiteBehavior [ RunTime:0.000030s ]
INFO: [ app_init ] --END-- [ RunTime:0.009036s ]
INFO: [ app_begin ] --START--
INFO: Run Behavior\ReadHtmlCacheBehavior [ RunTime:0.010154s ]
INFO: [ app_begin ] --END-- [ RunTime:0.010305s ]
SQL: SHOW COLUMNS FROM `hos_user3` [ RunTime:0.0227s ]
SQL: SHOW COLUMNS FROM `hos_hospital` [ RunTime:0.0197s ]
SQL: SELECT COUNT(*) AS tp_count FROM `hos_user3` LIMIT 1   [ RunTime:0.0003s ]
SQL: SELECT COUNT(*) AS tp_count FROM `hos_hospital` LIMIT 1   [ RunTime:0.0003s ]
INFO: [ view_parse ] --START--
INFO: [ template_filter ] --START--
INFO: Run Behavior\ContentReplaceBehavior [ RunTime:0.000176s ]
INFO: [ template_filter ] --END-- [ RunTime:0.000307s ]
INFO: Run Behavior\ParseTemplateBehavior [ RunTime:0.094862s ]
INFO: [ view_parse ] --END-- [ RunTime:0.095001s ]
INFO: [ view_filter ] --START--
INFO: Run Behavior\WriteHtmlCacheBehavior [ RunTime:0.001223s ]
INFO: [ view_filter ] --END-- [ RunTime:0.001370s ]
INFO: [ app_end ] --START--
INFO: Run Behavior\ShowPageTraceBehavior [ RunTime:0.002176s ]
INFO: [ app_end ] --END-- [ RunTime:0.002330s ]

