[ 2016-05-06T17:11:41+08:00 ] 127.0.0.1 /MyDemo/index.php/Public/proImages/hos_images/02.jpg
INFO: [ app_init ] --START--
INFO: Run Behavior\BuildLiteBehavior [ RunTime:0.000042s ]
INFO: [ app_init ] --END-- [ RunTime:0.000642s ]
ERR: 无法加载模块:Public

[ 2016-05-06T17:11:41+08:00 ] 127.0.0.1 /MyDemo/index.php/Public/proImages/hos_images/04.jpg
INFO: [ app_init ] --START--
INFO: Run Behavior\BuildLiteBehavior [ RunTime:0.000056s ]
INFO: [ app_init ] --END-- [ RunTime:0.000683s ]
ERR: 无法加载模块:Public

[ 2016-05-06T17:11:41+08:00 ] 127.0.0.1 /MyDemo/index.php/Public/proImages/hos_images/03.jpg
INFO: [ app_init ] --START--
INFO: Run Behavior\BuildLiteBehavior [ RunTime:0.000045s ]
INFO: [ app_init ] --END-- [ RunTime:0.000791s ]
ERR: 无法加载模块:Public

[ 2016-05-06T17:11:41+08:00 ] 127.0.0.1 /MyDemo/index.php/Public/proImages/hos_images/06.jpg
INFO: [ app_init ] --START--
INFO: Run Behavior\BuildLiteBehavior [ RunTime:0.000047s ]
INFO: [ app_init ] --END-- [ RunTime:0.000712s ]
ERR: 无法加载模块:Public

[ 2016-05-06T17:11:41+08:00 ] 127.0.0.1 /MyDemo/index.php/Public/proImages/hos_images/05.jpg
INFO: [ app_init ] --START--
INFO: Run Behavior\BuildLiteBehavior [ RunTime:0.000043s ]
INFO: [ app_init ] --END-- [ RunTime:0.000664s ]
ERR: 无法加载模块:Public

[ 2016-05-06T17:11:41+08:00 ] 127.0.0.1 /MyDemo/index.php/Public/proImages/hos_images/08.jpg
INFO: [ app_init ] --START--
INFO: Run Behavior\BuildLiteBehavior [ RunTime:0.000031s ]
INFO: [ app_init ] --END-- [ RunTime:0.000450s ]
ERR: 无法加载模块:Public

